Flow report for pushshift_savemod
Fri Oct 04 12:39:16 2013
Quartus II 32-bit Version 12.1 Build 177 11/07/2012 SJ Full Version


---------------------
; Table of Contents ;
---------------------
  1. Legal Notice
  2. Flow Summary
  3. Flow Settings
  4. Flow Non-Default Global Settings
  5. Flow Elapsed Time
  6. Flow OS Summary
  7. Flow Log



----------------
; Legal Notice ;
----------------
Copyright (C) 1991-2012 Altera Corporation
Your use of Altera Corporation's design tools, logic functions 
and other software and tools, and its AMPP partner logic 
functions, and any output files from any of the foregoing 
(including device programming or simulation files), and any 
associated documentation or information are expressly subject 
to the terms and conditions of the Altera Program License 
Subscription Agreement, Altera MegaCore Function License 
Agreement, or other applicable license agreement, including, 
without limitation, that your use is for the sole purpose of 
programming logic devices manufactured by Altera and sold by 
Altera or its authorized distributors.  Please refer to the 
applicable agreement for further details.



+--------------------------------------------------------------------------------+
; Flow Summary                                                                   ;
+------------------------------------+-------------------------------------------+
; Flow Status                        ; Successful - Fri Oct 04 12:39:16 2013     ;
; Quartus II 32-bit Version          ; 12.1 Build 177 11/07/2012 SJ Full Version ;
; Revision Name                      ; pushshift_savemod                         ;
; Top-level Entity Name              ; pushshift_savemod                         ;
; Family                             ; Cyclone IV GX                             ;
; Total logic elements               ; 115 / 14,400 ( < 1 % )                    ;
;     Total combinational functions  ; 72 / 14,400 ( < 1 % )                     ;
;     Dedicated logic registers      ; 76 / 14,400 ( < 1 % )                     ;
; Total registers                    ; 76                                        ;
; Total pins                         ; 15 / 81 ( 19 % )                          ;
; Total virtual pins                 ; 0                                         ;
; Total memory bits                  ; 0 / 552,960 ( 0 % )                       ;
; Embedded Multiplier 9-bit elements ; 0                                         ;
; Total GXB Receiver Channel PCS     ; 0 / 2 ( 0 % )                             ;
; Total GXB Receiver Channel PMA     ; 0 / 2 ( 0 % )                             ;
; Total GXB Transmitter Channel PCS  ; 0 / 2 ( 0 % )                             ;
; Total GXB Transmitter Channel PMA  ; 0 / 2 ( 0 % )                             ;
; Total PLLs                         ; 0 / 3 ( 0 % )                             ;
; Device                             ; EP4CGX15BF14C6                            ;
; Timing Models                      ; Final                                     ;
+------------------------------------+-------------------------------------------+


+-----------------------------------------+
; Flow Settings                           ;
+-------------------+---------------------+
; Option            ; Setting             ;
+-------------------+---------------------+
; Start date & time ; 10/04/2013 12:38:35 ;
; Main task         ; Compilation         ;
; Revision Name     ; pushshift_savemod   ;
+-------------------+---------------------+


+-------------------------------------------------------------------------------------------------------------------+
; Flow Non-Default Global Settings                                                                                  ;
+-------------------------------------+------------------------------+---------------+-------------+----------------+
; Assignment Name                     ; Value                        ; Default Value ; Entity Name ; Section Id     ;
+-------------------------------------+------------------------------+---------------+-------------+----------------+
; COMPILER_SIGNATURE_ID               ; 690709061950.138086151503656 ; --            ; --          ; --             ;
; EDA_OUTPUT_DATA_FORMAT              ; Vhdl                         ; --            ; --          ; eda_simulation ;
; EDA_SIMULATION_TOOL                 ; ModelSim-Altera (VHDL)       ; <None>        ; --          ; --             ;
; PARTITION_COLOR                     ; 16764057                     ; --            ; --          ; Top            ;
; PARTITION_FITTER_PRESERVATION_LEVEL ; PLACEMENT_AND_ROUTING        ; --            ; --          ; Top            ;
; PARTITION_NETLIST_TYPE              ; SOURCE                       ; --            ; --          ; Top            ;
; PROJECT_OUTPUT_DIRECTORY            ; output_files                 ; --            ; --          ; --             ;
+-------------------------------------+------------------------------+---------------+-------------+----------------+


+-------------------------------------------------------------------------------------------------------------------------------+
; Flow Elapsed Time                                                                                                             ;
+---------------------------+--------------+-------------------------+---------------------+------------------------------------+
; Module Name               ; Elapsed Time ; Average Processors Used ; Peak Virtual Memory ; Total CPU Time (on all processors) ;
+---------------------------+--------------+-------------------------+---------------------+------------------------------------+
; Analysis & Synthesis      ; 00:00:04     ; 1.0                     ; 330 MB              ; 00:00:03                           ;
; Fitter                    ; 00:00:15     ; 1.3                     ; 480 MB              ; 00:00:14                           ;
; Assembler                 ; 00:00:04     ; 1.0                     ; 341 MB              ; 00:00:03                           ;
; TimeQuest Timing Analyzer ; 00:00:06     ; 1.0                     ; 332 MB              ; 00:00:05                           ;
; EDA Netlist Writer        ; 00:00:02     ; 1.0                     ; 291 MB              ; 00:00:02                           ;
; Total                     ; 00:00:31     ; --                      ; --                  ; 00:00:27                           ;
+---------------------------+--------------+-------------------------+---------------------+------------------------------------+


+-----------------------------------------------------------------------------------------+
; Flow OS Summary                                                                         ;
+---------------------------+------------------+------------+------------+----------------+
; Module Name               ; Machine Hostname ; OS Name    ; OS Version ; Processor type ;
+---------------------------+------------------+------------+------------+----------------+
; Analysis & Synthesis      ; akuei-5f2d3fe96  ; Windows XP ; 5.1        ; i686           ;
; Fitter                    ; akuei-5f2d3fe96  ; Windows XP ; 5.1        ; i686           ;
; Assembler                 ; akuei-5f2d3fe96  ; Windows XP ; 5.1        ; i686           ;
; TimeQuest Timing Analyzer ; akuei-5f2d3fe96  ; Windows XP ; 5.1        ; i686           ;
; EDA Netlist Writer        ; akuei-5f2d3fe96  ; Windows XP ; 5.1        ; i686           ;
+---------------------------+------------------+------------+------------+----------------+


------------
; Flow Log ;
------------
quartus_map --read_settings_files=on --write_settings_files=off pushshift_savemod -c pushshift_savemod
quartus_fit --read_settings_files=off --write_settings_files=off pushshift_savemod -c pushshift_savemod
quartus_asm --read_settings_files=off --write_settings_files=off pushshift_savemod -c pushshift_savemod
quartus_sta pushshift_savemod -c pushshift_savemod
quartus_eda --read_settings_files=off --write_settings_files=off pushshift_savemod -c pushshift_savemod



