#-----------------------------------------------------------
# Vivado v2016.4 (64-bit)
# SW Build 1733598 on Wed Dec 14 22:35:39 MST 2016
# IP Build 1731160 on Wed Dec 14 23:47:21 MST 2016
# Start of session at: Sat Jul 01 17:15:53 2017
# Process ID: 9076
# Current directory: F:/A7_HDMI/HDMI_FPGA_ML_A7
# Command line: vivado.exe -gui_launcher_event rodinguilauncherevent11016 F:\A7_HDMI\HDMI_FPGA_ML_A7\HDMI_FPGA_ML_A7.xpr
# Log file: F:/A7_HDMI/HDMI_FPGA_ML_A7/vivado.log
# Journal file: F:/A7_HDMI/HDMI_FPGA_ML_A7\vivado.jou
#-----------------------------------------------------------
start_gui
open_project F:/A7_HDMI/HDMI_FPGA_ML_A7/HDMI_FPGA_ML_A7.xpr
Scanning sources...
Finished scanning sources
WARNING: [filemgmt 56-3] IP Repository Path: Could not find the directory 'F:/A7_HDMI/HDMI_FPGA_ML_A7/miz701n/s01_ch12_hdmi_display_demon/miz_ip_lib/hdmi_fpga_ml_a7/hdmi_fpga_ml'.
INFO: [Project 1-230] Project 'HDMI_FPGA_ML_A7.xpr' upgraded for this version of Vivado.
INFO: [IP_Flow 19-234] Refreshing IP repositories
WARNING: [IP_Flow 19-3685] Ignored loading user repository 'f:/a7_hdmi/hdmi_fpga_ml_a7/hdmi_fpga_ml'. The path is contained within another repository.
INFO: [IP_Flow 19-1700] Loaded user IP repository 'f:/A7_HDMI/HDMI_FPGA_ML_A7'.
WARNING: [IP_Flow 19-3685] Ignored loading user repository 'f:/A7_HDMI/HDMI_FPGA_ML_A7/miz701n/s01_ch12_hdmi_display_demon/miz_ip_lib/hdmi_fpga_ml_a7/hdmi_fpga_ml'. The path is contained within another repository.
INFO: [IP_Flow 19-2313] Loaded Vivado IP repository 'D:/Xilinx/Vivado/2016.4/data/ip'.
CRITICAL WARNING: [IP_Flow 19-1663] Duplicate IP found for 'xilinx.com:user:HDMI_FPGA_ML_A7:1.0'. The one found in IP location 'f:/A7_HDMI/HDMI_FPGA_ML_A7' will take precedence over the same IP in location f:/A7_HDMI/HDMI_FPGA_ML_A7/HDMI_FPGA_ML
open_hw
connect_hw_server
INFO: [Labtools 27-2285] Connecting to hw_server url TCP:localhost:3121
INFO: [Labtools 27-2222] Launching hw_server...
INFO: [Labtools 27-2221] Launch Output:

****** Xilinx hw_server v2016.4
  **** Build date : Dec 14 2016-22:58:11
    ** Copyright 1986-2016 Xilinx, Inc. All Rights Reserved.


open_hw_target
INFO: [Labtoolstcl 44-466] Opening hw_target localhost:3121/xilinx_tcf/Digilent/210249855025
ERROR: [Labtools 27-2269] No devices detected on target localhost:3121/xilinx_tcf/Digilent/210249855025.
Check cable connectivity and that the target board is powered up then
use the disconnect_hw_server and connect_hw_server to re-register this hardware target.
ERROR: [Common 17-39] 'open_hw_target' failed due to earlier errors.
