#-----------------------------------------------------------
# Vivado v2017.4 (64-bit)
# SW Build 2086221 on Fri Dec 15 20:55:39 MST 2017
# IP Build 2085800 on Fri Dec 15 22:25:07 MST 2017
# Start of session at: Sun Nov  3 01:21:30 2019
# Process ID: 48604
# Current directory: F:/FILE/FPGA/ZYNQ/Image/002_OV5640_DDR3_YCbCr422_RGB888/OV5640_DEMO/MIG_OV_PRG
# Command line: vivado.exe -gui_launcher_event rodinguilauncherevent56132 F:\FILE\FPGA\ZYNQ\Image\002_OV5640_DDR3_YCbCr422_RGB888\OV5640_DEMO\MIG_OV_PRG\MIG_OV_PRG.xpr
# Log file: F:/FILE/FPGA/ZYNQ/Image/002_OV5640_DDR3_YCbCr422_RGB888/OV5640_DEMO/MIG_OV_PRG/vivado.log
# Journal file: F:/FILE/FPGA/ZYNQ/Image/002_OV5640_DDR3_YCbCr422_RGB888/OV5640_DEMO/MIG_OV_PRG\vivado.jou
#-----------------------------------------------------------
start_gui
open_project F:/FILE/FPGA/ZYNQ/Image/002_OV5640_DDR3_YCbCr422_RGB888/OV5640_DEMO/MIG_OV_PRG/MIG_OV_PRG.xpr
INFO: [Project 1-313] Project file moved from 'F:/FILE/FPGA/ZYNQ/Image/005_OV5640_DDR3_DEMO/OV5640_DEMO/MIG_OV_PRG' since last save.
Scanning sources...
Finished scanning sources
WARNING: [filemgmt 56-2] IP Repository Path: Could not find the directory 'F:/FILE/FPGA/ZYNQ/Image/002_OV5640_DDR3_YCbCr422_RGB888/mia_ip_lib/HDMI_FPGA_ML_A7/HDMI_FPGA_ML', nor could it be found using path 'F:/FILE/FPGA/ZYNQ/Image/005_OV5640_DDR3_DEMO/mia_ip_lib/HDMI_FPGA_ML_A7/HDMI_FPGA_ML'.
WARNING: [filemgmt 56-2] IP Repository Path: Could not find the directory 'F:/FILE/FPGA/ZYNQ/Image/002_OV5640_DDR3_YCbCr422_RGB888/mia_ip_lib/HDMI_FPGA_ML_A7', nor could it be found using path 'F:/FILE/FPGA/ZYNQ/Image/005_OV5640_DDR3_DEMO/mia_ip_lib/HDMI_FPGA_ML_A7'.
INFO: [IP_Flow 19-234] Refreshing IP repositories
WARNING: [IP_Flow 19-3685] Ignored loading user repository 'f:/FILE/FPGA/ZYNQ/Image/002_OV5640_DDR3_YCbCr422_RGB888/mia_ip_lib/HDMI_FPGA_ML_A7/HDMI_FPGA_ML'. The path is contained within another repository.
WARNING: [IP_Flow 19-2248] Failed to load user IP repository 'f:/FILE/FPGA/ZYNQ/Image/002_OV5640_DDR3_YCbCr422_RGB888/mia_ip_lib/HDMI_FPGA_ML_A7'; Can't find the specified path.
If this directory should no longer be in your list of user repositories, go to the IP Settings dialog and remove it.
INFO: [IP_Flow 19-2313] Loaded Vivado IP repository 'E:/Xilinx/Vivado/2017.4/data/ip'.
WARNING: [IP_Flow 19-2162] IP 'HDMI_FPGA_ML_A7_0' is locked:
* IP definition 'HDMI_FPGA_ML_A7 (1.0)' for IP 'HDMI_FPGA_ML_A7_0' (customized with software release 2017.4) was not found in the IP Catalog.
Please select 'Report IP Status' from the 'Tools/Report' menu or run Tcl command 'report_ip_status' for more information.
open_project: Time (s): cpu = 00:00:17 ; elapsed = 00:00:13 . Memory (MB): peak = 870.801 ; gain = 196.297
update_compile_order -fileset sources_1
update_compile_order -fileset sources_1
export_ip_user_files -of_objects  [get_files F:/FILE/FPGA/ZYNQ/Image/002_OV5640_DDR3_YCbCr422_RGB888/OV5640_DEMO/user/Video_Image_Processor/Video_Image_Processor.v] -no_script -reset -force -quiet
remove_files  F:/FILE/FPGA/ZYNQ/Image/002_OV5640_DDR3_YCbCr422_RGB888/OV5640_DEMO/user/Video_Image_Processor/Video_Image_Processor.v
set_property  ip_repo_paths  f:/FILE/FPGA/ZYNQ/Image/002_OV5640_DDR3_YCbCr422_RGB888/mia_ip_lib/HDMI_FPGA_ML_A7 [current_project]
update_ip_catalog
INFO: [IP_Flow 19-234] Refreshing IP repositories
WARNING: [IP_Flow 19-2248] Failed to load user IP repository 'f:/FILE/FPGA/ZYNQ/Image/002_OV5640_DDR3_YCbCr422_RGB888/mia_ip_lib/HDMI_FPGA_ML_A7'; Can't find the specified path.
If this directory should no longer be in your list of user repositories, go to the IP Settings dialog and remove it.
set_property  ip_repo_paths  {} [current_project]
update_ip_catalog
INFO: [IP_Flow 19-234] Refreshing IP repositories
INFO: [IP_Flow 19-1704] No user IP repositories specified
set_property  ip_repo_paths  F:/FILE/FPGA/ZYNQ/Image/ip_lib/HDMI_FPGA_ML_A7 [current_project]
update_ip_catalog
INFO: [IP_Flow 19-234] Refreshing IP repositories
INFO: [IP_Flow 19-1700] Loaded user IP repository 'f:/FILE/FPGA/ZYNQ/Image/ip_lib/HDMI_FPGA_ML_A7'.
CRITICAL WARNING: [IP_Flow 19-1663] Duplicate IP found for 'xilinx.com:user:HDMI_FPGA_ML_A7:1.0'. The one found in IP location 'f:/FILE/FPGA/ZYNQ/Image/ip_lib/HDMI_FPGA_ML_A7' will take precedence over the same IP in location f:/FILE/FPGA/ZYNQ/Image/ip_lib/HDMI_FPGA_ML_A7/HDMI_FPGA_ML
add_files -norecurse {F:/FILE/FPGA/ZYNQ/Image/002_OV5640_DDR3_YCbCr422_RGB888/OV5640_DEMO/user/Video_Image_Processor/YCbCr422_RGB888/Video_Image_Processor.v F:/FILE/FPGA/ZYNQ/Image/002_OV5640_DDR3_YCbCr422_RGB888/OV5640_DEMO/user/Video_Image_Processor/YCbCr422_RGB888/Image_YCbCr444_RGB888.v F:/FILE/FPGA/ZYNQ/Image/002_OV5640_DDR3_YCbCr422_RGB888/OV5640_DEMO/user/Video_Image_Processor/YCbCr422_RGB888/Image_YCbCr422_YCbCr444.v}
update_compile_order -fileset sources_1
export_ip_user_files -of_objects  [get_files F:/FILE/FPGA/ZYNQ/Image/002_OV5640_DDR3_YCbCr422_RGB888/OV5640_DEMO/user/I2C_OV5640_RGB565_Config.v] -no_script -reset -force -quiet
remove_files  F:/FILE/FPGA/ZYNQ/Image/002_OV5640_DDR3_YCbCr422_RGB888/OV5640_DEMO/user/I2C_OV5640_RGB565_Config.v
add_files -norecurse F:/FILE/FPGA/ZYNQ/Image/002_OV5640_DDR3_YCbCr422_RGB888/OV5640_DEMO/user/I2C_OV5640_YUV422_Config.v
update_compile_order -fileset sources_1
export_ip_user_files -of_objects  [get_files F:/FILE/FPGA/ZYNQ/Image/002_OV5640_DDR3_YCbCr422_RGB888/OV5640_DEMO/user/I2C_OV5640_YUV422_Config.v] -no_script -reset -force -quiet
remove_files  F:/FILE/FPGA/ZYNQ/Image/002_OV5640_DDR3_YCbCr422_RGB888/OV5640_DEMO/user/I2C_OV5640_YUV422_Config.v
add_files -norecurse F:/FILE/FPGA/ZYNQ/Image/002_OV5640_DDR3_YCbCr422_RGB888/OV5640_DEMO/user/I2C_OV5640_YUV422_Config.v
update_compile_order -fileset sources_1
update_compile_order -fileset sources_1
reset_run synth_1
launch_runs impl_2 -to_step write_bitstream -jobs 12
[Sun Nov  3 02:59:47 2019] Launched synth_1...
Run output will be captured here: F:/FILE/FPGA/ZYNQ/Image/002_OV5640_DDR3_YCbCr422_RGB888/OV5640_DEMO/MIG_OV_PRG/MIG_OV_PRG.runs/synth_1/runme.log
[Sun Nov  3 02:59:47 2019] Launched impl_2...
Run output will be captured here: F:/FILE/FPGA/ZYNQ/Image/002_OV5640_DDR3_YCbCr422_RGB888/OV5640_DEMO/MIG_OV_PRG/MIG_OV_PRG.runs/impl_2/runme.log
reset_run synth_1
launch_runs impl_2 -to_step write_bitstream -jobs 12
[Sun Nov  3 03:01:17 2019] Launched synth_1...
Run output will be captured here: F:/FILE/FPGA/ZYNQ/Image/002_OV5640_DDR3_YCbCr422_RGB888/OV5640_DEMO/MIG_OV_PRG/MIG_OV_PRG.runs/synth_1/runme.log
[Sun Nov  3 03:01:17 2019] Launched impl_2...
Run output will be captured here: F:/FILE/FPGA/ZYNQ/Image/002_OV5640_DDR3_YCbCr422_RGB888/OV5640_DEMO/MIG_OV_PRG/MIG_OV_PRG.runs/impl_2/runme.log
open_hw
connect_hw_server
INFO: [Labtools 27-2285] Connecting to hw_server url TCP:localhost:3121
INFO: [Labtools 27-2222] Launching hw_server...
INFO: [Labtools 27-2221] Launch Output:

****** Xilinx hw_server v2017.4
  **** Build date : Dec 15 2017-21:08:27
    ** Copyright 1986-2017 Xilinx, Inc. All Rights Reserved.


open_hw_target
INFO: [Labtoolstcl 44-466] Opening hw_target localhost:3121/xilinx_tcf/Digilent/210249856074
open_hw_target: Time (s): cpu = 00:00:02 ; elapsed = 00:00:05 . Memory (MB): peak = 1663.559 ; gain = 574.758
set_property PROGRAM.FILE {F:/FILE/FPGA/ZYNQ/Image/002_OV5640_DDR3_YCbCr422_RGB888/OV5640_DEMO/MIG_OV_PRG/MIG_OV_PRG.runs/impl_2/OV5640_TOP.bit} [get_hw_devices xc7z035_1]
set_property PROBES.FILE {F:/FILE/FPGA/ZYNQ/Image/002_OV5640_DDR3_YCbCr422_RGB888/OV5640_DEMO/MIG_OV_PRG/MIG_OV_PRG.runs/impl_2/OV5640_TOP.ltx} [get_hw_devices xc7z035_1]
set_property FULL_PROBES.FILE {F:/FILE/FPGA/ZYNQ/Image/002_OV5640_DDR3_YCbCr422_RGB888/OV5640_DEMO/MIG_OV_PRG/MIG_OV_PRG.runs/impl_2/OV5640_TOP.ltx} [get_hw_devices xc7z035_1]
current_hw_device [get_hw_devices xc7z035_1]
refresh_hw_device [lindex [get_hw_devices xc7z035_1] 0]
INFO: [Labtools 27-1435] Device xc7z035 (JTAG device index = 1) is not programmed (DONE status = 0).
set_property PROBES.FILE {F:/FILE/FPGA/ZYNQ/Image/002_OV5640_DDR3_YCbCr422_RGB888/OV5640_DEMO/MIG_OV_PRG/MIG_OV_PRG.runs/impl_2/OV5640_TOP.ltx} [get_hw_devices xc7z035_1]
set_property FULL_PROBES.FILE {F:/FILE/FPGA/ZYNQ/Image/002_OV5640_DDR3_YCbCr422_RGB888/OV5640_DEMO/MIG_OV_PRG/MIG_OV_PRG.runs/impl_2/OV5640_TOP.ltx} [get_hw_devices xc7z035_1]
set_property PROGRAM.FILE {F:/FILE/FPGA/ZYNQ/Image/002_OV5640_DDR3_YCbCr422_RGB888/OV5640_DEMO/MIG_OV_PRG/MIG_OV_PRG.runs/impl_2/OV5640_TOP.bit} [get_hw_devices xc7z035_1]
program_hw_devices [get_hw_devices xc7z035_1]
INFO: [Labtools 27-3164] End of startup status: HIGH
program_hw_devices: Time (s): cpu = 00:00:11 ; elapsed = 00:00:11 . Memory (MB): peak = 1665.391 ; gain = 0.000
refresh_hw_device [lindex [get_hw_devices xc7z035_1] 0]
INFO: [Labtools 27-1434] Device xc7z035 (JTAG device index = 1) is programmed with a design that has no supported debug core(s) in it.
WARNING: [Labtools 27-3361] The debug hub core was not detected.
Resolution: 
1. Make sure the clock connected to the debug hub (dbg_hub) core is a free running clock and is active.
2. Make sure the BSCAN_SWITCH_USER_MASK device property in Vivado Hardware Manager reflects the user scan chain setting in the design and refresh the device.  To determine the user scan chain setting in the design, open the implemented design and use 'get_property C_USER_SCAN_CHAIN [get_debug_cores dbg_hub]'.
For more details on setting the scan chain property, consult the Vivado Debug and Programming User Guide (UG908).
WARNING: [Labtools 27-3403] Dropping logic core with cellname:'sensor_decode_inst/sensor_sg' from probes file, since it cannot be found on the programmed device.
close_hw
WARNING: [filemgmt 56-199] Attempt to get parsing info during refresh. "On-the-fly" syntax checking information may be incorrect. [F:/FILE/FPGA/ZYNQ/Image/002_OV5640_DDR3_YCbCr422_RGB888/OV5640_DEMO/user/i2c_timing_ctrl.v:]
WARNING: [filemgmt 56-199] Attempt to get parsing info during refresh. "On-the-fly" syntax checking information may be incorrect. [F:/FILE/FPGA/ZYNQ/Image/002_OV5640_DDR3_YCbCr422_RGB888/OV5640_DEMO/user/Video_Image_Processor/YCbCr422_RGB888/Video_Image_Processor.v:]
WARNING: [filemgmt 56-199] Attempt to get parsing info during refresh. "On-the-fly" syntax checking information may be incorrect. [F:/FILE/FPGA/ZYNQ/Image/002_OV5640_DDR3_YCbCr422_RGB888/OV5640_DEMO/user/OV5640_TOP.v:]
WARNING: [filemgmt 56-199] Attempt to get parsing info during refresh. "On-the-fly" syntax checking information may be incorrect. [F:/FILE/FPGA/ZYNQ/Image/002_OV5640_DDR3_YCbCr422_RGB888/OV5640_DEMO/user/Video_Image_Processor/YCbCr422_RGB888/Image_YCbCr422_YCbCr444.v:]
WARNING: [filemgmt 56-199] Attempt to get parsing info during refresh. "On-the-fly" syntax checking information may be incorrect. [F:/FILE/FPGA/ZYNQ/Image/002_OV5640_DDR3_YCbCr422_RGB888/OV5640_DEMO/user/Video_Image_Processor/YCbCr422_RGB888/Image_YCbCr444_RGB888.v:]
WARNING: [filemgmt 56-199] Attempt to get parsing info during refresh. "On-the-fly" syntax checking information may be incorrect. [F:/FILE/FPGA/ZYNQ/Image/002_OV5640_DDR3_YCbCr422_RGB888/OV5640_DEMO/user/I2C_OV5640_RGB565_Config.v:]
WARNING: [filemgmt 56-199] Attempt to get parsing info during refresh. "On-the-fly" syntax checking information may be incorrect. [F:/FILE/FPGA/ZYNQ/Image/002_OV5640_DDR3_YCbCr422_RGB888/OV5640_DEMO/user/I2C_OV5640_YUV422_Config.v:]
WARNING: [filemgmt 56-199] Attempt to get parsing info during refresh. "On-the-fly" syntax checking information may be incorrect. [F:/FILE/FPGA/ZYNQ/Image/002_OV5640_DDR3_YCbCr422_RGB888/OV5640_DEMO/user/i2c_timing_ctrl.v:]
WARNING: [filemgmt 56-199] Attempt to get parsing info during refresh. "On-the-fly" syntax checking information may be incorrect. [F:/FILE/FPGA/ZYNQ/Image/002_OV5640_DDR3_YCbCr422_RGB888/OV5640_DEMO/user/Video_Image_Processor/YCbCr422_RGB888/Video_Image_Processor.v:]
WARNING: [filemgmt 56-199] Attempt to get parsing info during refresh. "On-the-fly" syntax checking information may be incorrect. [F:/FILE/FPGA/ZYNQ/Image/002_OV5640_DDR3_YCbCr422_RGB888/OV5640_DEMO/user/OV5640_TOP.v:]
WARNING: [filemgmt 56-199] Attempt to get parsing info during refresh. "On-the-fly" syntax checking information may be incorrect. [F:/FILE/FPGA/ZYNQ/Image/002_OV5640_DDR3_YCbCr422_RGB888/OV5640_DEMO/user/Video_Image_Processor/YCbCr422_RGB888/Image_YCbCr422_YCbCr444.v:]
WARNING: [filemgmt 56-199] Attempt to get parsing info during refresh. "On-the-fly" syntax checking information may be incorrect. [F:/FILE/FPGA/ZYNQ/Image/002_OV5640_DDR3_YCbCr422_RGB888/OV5640_DEMO/user/Video_Image_Processor/YCbCr422_RGB888/Image_YCbCr444_RGB888.v:]
WARNING: [filemgmt 56-199] Attempt to get parsing info during refresh. "On-the-fly" syntax checking information may be incorrect. [F:/FILE/FPGA/ZYNQ/Image/002_OV5640_DDR3_YCbCr422_RGB888/OV5640_DEMO/user/I2C_OV5640_RGB565_Config.v:]
WARNING: [filemgmt 56-199] Attempt to get parsing info during refresh. "On-the-fly" syntax checking information may be incorrect. [F:/FILE/FPGA/ZYNQ/Image/002_OV5640_DDR3_YCbCr422_RGB888/OV5640_DEMO/user/I2C_OV5640_YUV422_Config.v:]
WARNING: [filemgmt 56-199] Attempt to get parsing info during refresh. "On-the-fly" syntax checking information may be incorrect. [F:/FILE/FPGA/ZYNQ/Image/002_OV5640_DDR3_YCbCr422_RGB888/OV5640_DEMO/user/i2c_timing_ctrl.v:]
WARNING: [filemgmt 56-199] Attempt to get parsing info during refresh. "On-the-fly" syntax checking information may be incorrect. [F:/FILE/FPGA/ZYNQ/Image/002_OV5640_DDR3_YCbCr422_RGB888/OV5640_DEMO/user/Video_Image_Processor/YCbCr422_RGB888/Video_Image_Processor.v:]
WARNING: [filemgmt 56-199] Attempt to get parsing info during refresh. "On-the-fly" syntax checking information may be incorrect. [F:/FILE/FPGA/ZYNQ/Image/002_OV5640_DDR3_YCbCr422_RGB888/OV5640_DEMO/user/OV5640_TOP.v:]
WARNING: [filemgmt 56-199] Attempt to get parsing info during refresh. "On-the-fly" syntax checking information may be incorrect. [F:/FILE/FPGA/ZYNQ/Image/002_OV5640_DDR3_YCbCr422_RGB888/OV5640_DEMO/user/Video_Image_Processor/YCbCr422_RGB888/Image_YCbCr422_YCbCr444.v:]
WARNING: [filemgmt 56-199] Attempt to get parsing info during refresh. "On-the-fly" syntax checking information may be incorrect. [F:/FILE/FPGA/ZYNQ/Image/002_OV5640_DDR3_YCbCr422_RGB888/OV5640_DEMO/user/Video_Image_Processor/YCbCr422_RGB888/Image_YCbCr444_RGB888.v:]
WARNING: [filemgmt 56-199] Attempt to get parsing info during refresh. "On-the-fly" syntax checking information may be incorrect. [F:/FILE/FPGA/ZYNQ/Image/002_OV5640_DDR3_YCbCr422_RGB888/OV5640_DEMO/user/I2C_OV5640_RGB565_Config.v:]
WARNING: [filemgmt 56-199] Attempt to get parsing info during refresh. "On-the-fly" syntax checking information may be incorrect. [F:/FILE/FPGA/ZYNQ/Image/002_OV5640_DDR3_YCbCr422_RGB888/OV5640_DEMO/user/I2C_OV5640_YUV422_Config.v:]
WARNING: [filemgmt 56-199] Attempt to get parsing info during refresh. "On-the-fly" syntax checking information may be incorrect. [F:/FILE/FPGA/ZYNQ/Image/002_OV5640_DDR3_YCbCr422_RGB888/OV5640_DEMO/user/i2c_timing_ctrl.v:]
WARNING: [filemgmt 56-199] Attempt to get parsing info during refresh. "On-the-fly" syntax checking information may be incorrect. [F:/FILE/FPGA/ZYNQ/Image/002_OV5640_DDR3_YCbCr422_RGB888/OV5640_DEMO/user/Video_Image_Processor/YCbCr422_RGB888/Video_Image_Processor.v:]
WARNING: [filemgmt 56-199] Attempt to get parsing info during refresh. "On-the-fly" syntax checking information may be incorrect. [F:/FILE/FPGA/ZYNQ/Image/002_OV5640_DDR3_YCbCr422_RGB888/OV5640_DEMO/user/OV5640_TOP.v:]
WARNING: [filemgmt 56-199] Attempt to get parsing info during refresh. "On-the-fly" syntax checking information may be incorrect. [F:/FILE/FPGA/ZYNQ/Image/002_OV5640_DDR3_YCbCr422_RGB888/OV5640_DEMO/user/Video_Image_Processor/YCbCr422_RGB888/Image_YCbCr422_YCbCr444.v:]
WARNING: [filemgmt 56-199] Attempt to get parsing info during refresh. "On-the-fly" syntax checking information may be incorrect. [F:/FILE/FPGA/ZYNQ/Image/002_OV5640_DDR3_YCbCr422_RGB888/OV5640_DEMO/user/Video_Image_Processor/YCbCr422_RGB888/Image_YCbCr444_RGB888.v:]
WARNING: [filemgmt 56-199] Attempt to get parsing info during refresh. "On-the-fly" syntax checking information may be incorrect. [F:/FILE/FPGA/ZYNQ/Image/002_OV5640_DDR3_YCbCr422_RGB888/OV5640_DEMO/user/I2C_OV5640_RGB565_Config.v:]
WARNING: [filemgmt 56-199] Attempt to get parsing info during refresh. "On-the-fly" syntax checking information may be incorrect. [F:/FILE/FPGA/ZYNQ/Image/002_OV5640_DDR3_YCbCr422_RGB888/OV5640_DEMO/user/I2C_OV5640_YUV422_Config.v:]
WARNING: [filemgmt 56-199] Attempt to get parsing info during refresh. "On-the-fly" syntax checking information may be incorrect. [F:/FILE/FPGA/ZYNQ/Image/002_OV5640_DDR3_YCbCr422_RGB888/OV5640_DEMO/user/i2c_timing_ctrl.v:]
WARNING: [filemgmt 56-199] Attempt to get parsing info during refresh. "On-the-fly" syntax checking information may be incorrect. [F:/FILE/FPGA/ZYNQ/Image/002_OV5640_DDR3_YCbCr422_RGB888/OV5640_DEMO/user/Video_Image_Processor/YCbCr422_RGB888/Video_Image_Processor.v:]
WARNING: [filemgmt 56-199] Attempt to get parsing info during refresh. "On-the-fly" syntax checking information may be incorrect. [F:/FILE/FPGA/ZYNQ/Image/002_OV5640_DDR3_YCbCr422_RGB888/OV5640_DEMO/user/OV5640_TOP.v:]
WARNING: [filemgmt 56-199] Attempt to get parsing info during refresh. "On-the-fly" syntax checking information may be incorrect. [F:/FILE/FPGA/ZYNQ/Image/002_OV5640_DDR3_YCbCr422_RGB888/OV5640_DEMO/user/Video_Image_Processor/YCbCr422_RGB888/Image_YCbCr422_YCbCr444.v:]
WARNING: [filemgmt 56-199] Attempt to get parsing info during refresh. "On-the-fly" syntax checking information may be incorrect. [F:/FILE/FPGA/ZYNQ/Image/002_OV5640_DDR3_YCbCr422_RGB888/OV5640_DEMO/user/Video_Image_Processor/YCbCr422_RGB888/Image_YCbCr444_RGB888.v:]
WARNING: [filemgmt 56-199] Attempt to get parsing info during refresh. "On-the-fly" syntax checking information may be incorrect. [F:/FILE/FPGA/ZYNQ/Image/002_OV5640_DDR3_YCbCr422_RGB888/OV5640_DEMO/user/I2C_OV5640_RGB565_Config.v:]
WARNING: [filemgmt 56-199] Attempt to get parsing info during refresh. "On-the-fly" syntax checking information may be incorrect. [F:/FILE/FPGA/ZYNQ/Image/002_OV5640_DDR3_YCbCr422_RGB888/OV5640_DEMO/user/I2C_OV5640_YUV422_Config.v:]
reset_run synth_1
WARNING: [Vivado 12-1017] Problems encountered:
1. Failed to delete one or more files in run directory F:/FILE/FPGA/ZYNQ/Image/002_OV5640_DDR3_YCbCr422_RGB888/OV5640_DEMO/MIG_OV_PRG/MIG_OV_PRG.runs/synth_1

launch_runs impl_2 -to_step write_bitstream -jobs 12
[Sun Nov  3 03:14:07 2019] Launched synth_1...
Run output will be captured here: F:/FILE/FPGA/ZYNQ/Image/002_OV5640_DDR3_YCbCr422_RGB888/OV5640_DEMO/MIG_OV_PRG/MIG_OV_PRG.runs/synth_1/runme.log
[Sun Nov  3 03:14:07 2019] Launched impl_2...
Run output will be captured here: F:/FILE/FPGA/ZYNQ/Image/002_OV5640_DDR3_YCbCr422_RGB888/OV5640_DEMO/MIG_OV_PRG/MIG_OV_PRG.runs/impl_2/runme.log
open_hw
connect_hw_server
INFO: [Labtools 27-2285] Connecting to hw_server url TCP:localhost:3121
INFO: [Labtools 27-2222] Launching hw_server...
INFO: [Labtools 27-2221] Launch Output:

****** Xilinx hw_server v2017.4
  **** Build date : Dec 15 2017-21:08:27
    ** Copyright 1986-2017 Xilinx, Inc. All Rights Reserved.


open_hw_target
INFO: [Labtoolstcl 44-466] Opening hw_target localhost:3121/xilinx_tcf/Digilent/210249856074
set_property PROGRAM.FILE {F:/FILE/FPGA/ZYNQ/Image/002_OV5640_DDR3_YCbCr422_RGB888/OV5640_DEMO/MIG_OV_PRG/MIG_OV_PRG.runs/impl_2/OV5640_TOP.bit} [get_hw_devices xc7z035_1]
set_property PROBES.FILE {F:/FILE/FPGA/ZYNQ/Image/002_OV5640_DDR3_YCbCr422_RGB888/OV5640_DEMO/MIG_OV_PRG/MIG_OV_PRG.runs/impl_2/OV5640_TOP.ltx} [get_hw_devices xc7z035_1]
set_property FULL_PROBES.FILE {F:/FILE/FPGA/ZYNQ/Image/002_OV5640_DDR3_YCbCr422_RGB888/OV5640_DEMO/MIG_OV_PRG/MIG_OV_PRG.runs/impl_2/OV5640_TOP.ltx} [get_hw_devices xc7z035_1]
current_hw_device [get_hw_devices xc7z035_1]
refresh_hw_device [lindex [get_hw_devices xc7z035_1] 0]
INFO: [Labtools 27-2302] Device xc7z035 (JTAG device index = 1) is programmed with a design that has 1 ILA core(s).
display_hw_ila_data [ get_hw_ila_data hw_ila_data_1 -of_objects [get_hw_ilas -of_objects [get_hw_devices xc7z035_1] -filter {CELL_NAME=~"sensor_decode_inst/sensor_sg"}]]
INFO: [Labtools 27-3304] ILA Waveform data saved to file F:/FILE/FPGA/ZYNQ/Image/002_OV5640_DDR3_YCbCr422_RGB888/OV5640_DEMO/MIG_OV_PRG/MIG_OV_PRG.hw/backup/hw_ila_data_1.ila. Use Tcl command 'import_hw_ila_data' or Vivado File->Import->Import ILA Data menu item to import the previously saved data.
set_property PROBES.FILE {F:/FILE/FPGA/ZYNQ/Image/002_OV5640_DDR3_YCbCr422_RGB888/OV5640_DEMO/MIG_OV_PRG/MIG_OV_PRG.runs/impl_2/OV5640_TOP.ltx} [get_hw_devices xc7z035_1]
set_property FULL_PROBES.FILE {F:/FILE/FPGA/ZYNQ/Image/002_OV5640_DDR3_YCbCr422_RGB888/OV5640_DEMO/MIG_OV_PRG/MIG_OV_PRG.runs/impl_2/OV5640_TOP.ltx} [get_hw_devices xc7z035_1]
set_property PROGRAM.FILE {F:/FILE/FPGA/ZYNQ/Image/002_OV5640_DDR3_YCbCr422_RGB888/OV5640_DEMO/MIG_OV_PRG/MIG_OV_PRG.runs/impl_2/OV5640_TOP.bit} [get_hw_devices xc7z035_1]
program_hw_devices [get_hw_devices xc7z035_1]
INFO: [Labtools 27-3164] End of startup status: HIGH
program_hw_devices: Time (s): cpu = 00:00:12 ; elapsed = 00:00:11 . Memory (MB): peak = 1682.969 ; gain = 5.469
refresh_hw_device [lindex [get_hw_devices xc7z035_1] 0]
INFO: [Labtools 27-2302] Device xc7z035 (JTAG device index = 1) is programmed with a design that has 1 ILA core(s).
INFO: [Labtools 27-3304] ILA Waveform data saved to file F:/FILE/FPGA/ZYNQ/Image/002_OV5640_DDR3_YCbCr422_RGB888/OV5640_DEMO/MIG_OV_PRG/MIG_OV_PRG.hw/backup/hw_ila_data_1.ila. Use Tcl command 'import_hw_ila_data' or Vivado File->Import->Import ILA Data menu item to import the previously saved data.
WARNING: [filemgmt 56-199] Attempt to get parsing info during refresh. "On-the-fly" syntax checking information may be incorrect. [F:/FILE/FPGA/ZYNQ/Image/002_OV5640_DDR3_YCbCr422_RGB888/OV5640_DEMO/user/i2c_timing_ctrl.v:]
WARNING: [filemgmt 56-199] Attempt to get parsing info during refresh. "On-the-fly" syntax checking information may be incorrect. [F:/FILE/FPGA/ZYNQ/Image/002_OV5640_DDR3_YCbCr422_RGB888/OV5640_DEMO/user/Video_Image_Processor/YCbCr422_RGB888/Video_Image_Processor.v:]
WARNING: [filemgmt 56-199] Attempt to get parsing info during refresh. "On-the-fly" syntax checking information may be incorrect. [F:/FILE/FPGA/ZYNQ/Image/002_OV5640_DDR3_YCbCr422_RGB888/OV5640_DEMO/user/OV5640_TOP.v:]
WARNING: [filemgmt 56-199] Attempt to get parsing info during refresh. "On-the-fly" syntax checking information may be incorrect. [F:/FILE/FPGA/ZYNQ/Image/002_OV5640_DDR3_YCbCr422_RGB888/OV5640_DEMO/user/Video_Image_Processor/YCbCr422_RGB888/Image_YCbCr422_YCbCr444.v:]
WARNING: [filemgmt 56-199] Attempt to get parsing info during refresh. "On-the-fly" syntax checking information may be incorrect. [F:/FILE/FPGA/ZYNQ/Image/002_OV5640_DDR3_YCbCr422_RGB888/OV5640_DEMO/user/Video_Image_Processor/YCbCr422_RGB888/Image_YCbCr444_RGB888.v:]
WARNING: [filemgmt 56-199] Attempt to get parsing info during refresh. "On-the-fly" syntax checking information may be incorrect. [F:/FILE/FPGA/ZYNQ/Image/002_OV5640_DDR3_YCbCr422_RGB888/OV5640_DEMO/user/I2C_OV5640_RGB565_Config.v:]
WARNING: [filemgmt 56-199] Attempt to get parsing info during refresh. "On-the-fly" syntax checking information may be incorrect. [F:/FILE/FPGA/ZYNQ/Image/002_OV5640_DDR3_YCbCr422_RGB888/OV5640_DEMO/user/I2C_OV5640_YUV422_Config.v:]
reset_run synth_1
WARNING: [Vivado 12-1017] Problems encountered:
1. Failed to delete one or more files in run directory F:/FILE/FPGA/ZYNQ/Image/002_OV5640_DDR3_YCbCr422_RGB888/OV5640_DEMO/MIG_OV_PRG/MIG_OV_PRG.runs/synth_1

launch_runs impl_2 -to_step write_bitstream -jobs 12
[Sun Nov  3 03:24:49 2019] Launched synth_1...
Run output will be captured here: F:/FILE/FPGA/ZYNQ/Image/002_OV5640_DDR3_YCbCr422_RGB888/OV5640_DEMO/MIG_OV_PRG/MIG_OV_PRG.runs/synth_1/runme.log
[Sun Nov  3 03:24:49 2019] Launched impl_2...
Run output will be captured here: F:/FILE/FPGA/ZYNQ/Image/002_OV5640_DDR3_YCbCr422_RGB888/OV5640_DEMO/MIG_OV_PRG/MIG_OV_PRG.runs/impl_2/runme.log
set_property PROBES.FILE {F:/FILE/FPGA/ZYNQ/Image/002_OV5640_DDR3_YCbCr422_RGB888/OV5640_DEMO/MIG_OV_PRG/MIG_OV_PRG.runs/impl_2/OV5640_TOP.ltx} [get_hw_devices xc7z035_1]
set_property FULL_PROBES.FILE {F:/FILE/FPGA/ZYNQ/Image/002_OV5640_DDR3_YCbCr422_RGB888/OV5640_DEMO/MIG_OV_PRG/MIG_OV_PRG.runs/impl_2/OV5640_TOP.ltx} [get_hw_devices xc7z035_1]
set_property PROGRAM.FILE {F:/FILE/FPGA/ZYNQ/Image/002_OV5640_DDR3_YCbCr422_RGB888/OV5640_DEMO/MIG_OV_PRG/MIG_OV_PRG.runs/impl_2/OV5640_TOP.bit} [get_hw_devices xc7z035_1]
program_hw_devices [get_hw_devices xc7z035_1]
INFO: [Labtools 27-3164] End of startup status: HIGH
program_hw_devices: Time (s): cpu = 00:00:11 ; elapsed = 00:00:11 . Memory (MB): peak = 1682.969 ; gain = 0.000
refresh_hw_device [lindex [get_hw_devices xc7z035_1] 0]
INFO: [Labtools 27-2302] Device xc7z035 (JTAG device index = 1) is programmed with a design that has 1 ILA core(s).
INFO: [Labtools 27-3304] ILA Waveform data saved to file F:/FILE/FPGA/ZYNQ/Image/002_OV5640_DDR3_YCbCr422_RGB888/OV5640_DEMO/MIG_OV_PRG/MIG_OV_PRG.hw/backup/hw_ila_data_1.ila. Use Tcl command 'import_hw_ila_data' or Vivado File->Import->Import ILA Data menu item to import the previously saved data.
WARNING: [filemgmt 56-199] Attempt to get parsing info during refresh. "On-the-fly" syntax checking information may be incorrect. [F:/FILE/FPGA/ZYNQ/Image/002_OV5640_DDR3_YCbCr422_RGB888/OV5640_DEMO/user/i2c_timing_ctrl.v:]
WARNING: [filemgmt 56-199] Attempt to get parsing info during refresh. "On-the-fly" syntax checking information may be incorrect. [F:/FILE/FPGA/ZYNQ/Image/002_OV5640_DDR3_YCbCr422_RGB888/OV5640_DEMO/user/Video_Image_Processor/YCbCr422_RGB888/Video_Image_Processor.v:]
WARNING: [filemgmt 56-199] Attempt to get parsing info during refresh. "On-the-fly" syntax checking information may be incorrect. [F:/FILE/FPGA/ZYNQ/Image/002_OV5640_DDR3_YCbCr422_RGB888/OV5640_DEMO/user/OV5640_TOP.v:]
WARNING: [filemgmt 56-199] Attempt to get parsing info during refresh. "On-the-fly" syntax checking information may be incorrect. [F:/FILE/FPGA/ZYNQ/Image/002_OV5640_DDR3_YCbCr422_RGB888/OV5640_DEMO/user/Video_Image_Processor/YCbCr422_RGB888/Image_YCbCr422_YCbCr444.v:]
WARNING: [filemgmt 56-199] Attempt to get parsing info during refresh. "On-the-fly" syntax checking information may be incorrect. [F:/FILE/FPGA/ZYNQ/Image/002_OV5640_DDR3_YCbCr422_RGB888/OV5640_DEMO/user/Video_Image_Processor/YCbCr422_RGB888/Image_YCbCr444_RGB888.v:]
WARNING: [filemgmt 56-199] Attempt to get parsing info during refresh. "On-the-fly" syntax checking information may be incorrect. [F:/FILE/FPGA/ZYNQ/Image/002_OV5640_DDR3_YCbCr422_RGB888/OV5640_DEMO/user/I2C_OV5640_RGB565_Config.v:]
WARNING: [filemgmt 56-199] Attempt to get parsing info during refresh. "On-the-fly" syntax checking information may be incorrect. [F:/FILE/FPGA/ZYNQ/Image/002_OV5640_DDR3_YCbCr422_RGB888/OV5640_DEMO/user/I2C_OV5640_YUV422_Config.v:]
reset_run synth_1
WARNING: [Vivado 12-1017] Problems encountered:
1. Failed to delete one or more files in run directory F:/FILE/FPGA/ZYNQ/Image/002_OV5640_DDR3_YCbCr422_RGB888/OV5640_DEMO/MIG_OV_PRG/MIG_OV_PRG.runs/synth_1

launch_runs impl_2 -to_step write_bitstream -jobs 12
[Sun Nov  3 03:33:13 2019] Launched synth_1...
Run output will be captured here: F:/FILE/FPGA/ZYNQ/Image/002_OV5640_DDR3_YCbCr422_RGB888/OV5640_DEMO/MIG_OV_PRG/MIG_OV_PRG.runs/synth_1/runme.log
[Sun Nov  3 03:33:13 2019] Launched impl_2...
Run output will be captured here: F:/FILE/FPGA/ZYNQ/Image/002_OV5640_DDR3_YCbCr422_RGB888/OV5640_DEMO/MIG_OV_PRG/MIG_OV_PRG.runs/impl_2/runme.log
reset_run synth_1
WARNING: [Vivado 12-1017] Problems encountered:
1. Failed to delete one or more files in run directory F:/FILE/FPGA/ZYNQ/Image/002_OV5640_DDR3_YCbCr422_RGB888/OV5640_DEMO/MIG_OV_PRG/MIG_OV_PRG.runs/synth_1

WARNING: [filemgmt 56-199] Attempt to get parsing info during refresh. "On-the-fly" syntax checking information may be incorrect. [F:/FILE/FPGA/ZYNQ/Image/002_OV5640_DDR3_YCbCr422_RGB888/OV5640_DEMO/user/i2c_timing_ctrl.v:]
WARNING: [filemgmt 56-199] Attempt to get parsing info during refresh. "On-the-fly" syntax checking information may be incorrect. [F:/FILE/FPGA/ZYNQ/Image/002_OV5640_DDR3_YCbCr422_RGB888/OV5640_DEMO/user/Video_Image_Processor/YCbCr422_RGB888/Video_Image_Processor.v:]
WARNING: [filemgmt 56-199] Attempt to get parsing info during refresh. "On-the-fly" syntax checking information may be incorrect. [F:/FILE/FPGA/ZYNQ/Image/002_OV5640_DDR3_YCbCr422_RGB888/OV5640_DEMO/user/OV5640_TOP.v:]
WARNING: [filemgmt 56-199] Attempt to get parsing info during refresh. "On-the-fly" syntax checking information may be incorrect. [F:/FILE/FPGA/ZYNQ/Image/002_OV5640_DDR3_YCbCr422_RGB888/OV5640_DEMO/user/Video_Image_Processor/YCbCr422_RGB888/Image_YCbCr422_YCbCr444.v:]
WARNING: [filemgmt 56-199] Attempt to get parsing info during refresh. "On-the-fly" syntax checking information may be incorrect. [F:/FILE/FPGA/ZYNQ/Image/002_OV5640_DDR3_YCbCr422_RGB888/OV5640_DEMO/user/Video_Image_Processor/YCbCr422_RGB888/Image_YCbCr444_RGB888.v:]
WARNING: [filemgmt 56-199] Attempt to get parsing info during refresh. "On-the-fly" syntax checking information may be incorrect. [F:/FILE/FPGA/ZYNQ/Image/002_OV5640_DDR3_YCbCr422_RGB888/OV5640_DEMO/user/I2C_OV5640_RGB565_Config.v:]
WARNING: [filemgmt 56-199] Attempt to get parsing info during refresh. "On-the-fly" syntax checking information may be incorrect. [F:/FILE/FPGA/ZYNQ/Image/002_OV5640_DDR3_YCbCr422_RGB888/OV5640_DEMO/user/I2C_OV5640_YUV422_Config.v:]
WARNING: [filemgmt 56-199] Attempt to get parsing info during refresh. "On-the-fly" syntax checking information may be incorrect. [F:/FILE/FPGA/ZYNQ/Image/002_OV5640_DDR3_YCbCr422_RGB888/OV5640_DEMO/user/i2c_timing_ctrl.v:]
WARNING: [filemgmt 56-199] Attempt to get parsing info during refresh. "On-the-fly" syntax checking information may be incorrect. [F:/FILE/FPGA/ZYNQ/Image/002_OV5640_DDR3_YCbCr422_RGB888/OV5640_DEMO/user/Video_Image_Processor/YCbCr422_RGB888/Video_Image_Processor.v:]
WARNING: [filemgmt 56-199] Attempt to get parsing info during refresh. "On-the-fly" syntax checking information may be incorrect. [F:/FILE/FPGA/ZYNQ/Image/002_OV5640_DDR3_YCbCr422_RGB888/OV5640_DEMO/user/OV5640_TOP.v:]
WARNING: [filemgmt 56-199] Attempt to get parsing info during refresh. "On-the-fly" syntax checking information may be incorrect. [F:/FILE/FPGA/ZYNQ/Image/002_OV5640_DDR3_YCbCr422_RGB888/OV5640_DEMO/user/Video_Image_Processor/YCbCr422_RGB888/Image_YCbCr422_YCbCr444.v:]
WARNING: [filemgmt 56-199] Attempt to get parsing info during refresh. "On-the-fly" syntax checking information may be incorrect. [F:/FILE/FPGA/ZYNQ/Image/002_OV5640_DDR3_YCbCr422_RGB888/OV5640_DEMO/user/Video_Image_Processor/YCbCr422_RGB888/Image_YCbCr444_RGB888.v:]
WARNING: [filemgmt 56-199] Attempt to get parsing info during refresh. "On-the-fly" syntax checking information may be incorrect. [F:/FILE/FPGA/ZYNQ/Image/002_OV5640_DDR3_YCbCr422_RGB888/OV5640_DEMO/user/I2C_OV5640_RGB565_Config.v:]
WARNING: [filemgmt 56-199] Attempt to get parsing info during refresh. "On-the-fly" syntax checking information may be incorrect. [F:/FILE/FPGA/ZYNQ/Image/002_OV5640_DDR3_YCbCr422_RGB888/OV5640_DEMO/user/I2C_OV5640_YUV422_Config.v:]
launch_runs impl_2 -to_step write_bitstream -jobs 12
[Sun Nov  3 03:34:07 2019] Launched synth_1...
Run output will be captured here: F:/FILE/FPGA/ZYNQ/Image/002_OV5640_DDR3_YCbCr422_RGB888/OV5640_DEMO/MIG_OV_PRG/MIG_OV_PRG.runs/synth_1/runme.log
[Sun Nov  3 03:34:07 2019] Launched impl_2...
Run output will be captured here: F:/FILE/FPGA/ZYNQ/Image/002_OV5640_DDR3_YCbCr422_RGB888/OV5640_DEMO/MIG_OV_PRG/MIG_OV_PRG.runs/impl_2/runme.log
set_property PROBES.FILE {F:/FILE/FPGA/ZYNQ/Image/002_OV5640_DDR3_YCbCr422_RGB888/OV5640_DEMO/MIG_OV_PRG/MIG_OV_PRG.runs/impl_2/OV5640_TOP.ltx} [get_hw_devices xc7z035_1]
set_property FULL_PROBES.FILE {F:/FILE/FPGA/ZYNQ/Image/002_OV5640_DDR3_YCbCr422_RGB888/OV5640_DEMO/MIG_OV_PRG/MIG_OV_PRG.runs/impl_2/OV5640_TOP.ltx} [get_hw_devices xc7z035_1]
set_property PROGRAM.FILE {F:/FILE/FPGA/ZYNQ/Image/002_OV5640_DDR3_YCbCr422_RGB888/OV5640_DEMO/MIG_OV_PRG/MIG_OV_PRG.runs/impl_2/OV5640_TOP.bit} [get_hw_devices xc7z035_1]
program_hw_devices [get_hw_devices xc7z035_1]
INFO: [Labtools 27-3164] End of startup status: HIGH
program_hw_devices: Time (s): cpu = 00:00:11 ; elapsed = 00:00:11 . Memory (MB): peak = 1682.969 ; gain = 0.000
refresh_hw_device [lindex [get_hw_devices xc7z035_1] 0]
INFO: [Labtools 27-2302] Device xc7z035 (JTAG device index = 1) is programmed with a design that has 1 ILA core(s).
INFO: [Labtools 27-3304] ILA Waveform data saved to file F:/FILE/FPGA/ZYNQ/Image/002_OV5640_DDR3_YCbCr422_RGB888/OV5640_DEMO/MIG_OV_PRG/MIG_OV_PRG.hw/backup/hw_ila_data_1.ila. Use Tcl command 'import_hw_ila_data' or Vivado File->Import->Import ILA Data menu item to import the previously saved data.
WARNING: [filemgmt 56-199] Attempt to get parsing info during refresh. "On-the-fly" syntax checking information may be incorrect. [F:/FILE/FPGA/ZYNQ/Image/002_OV5640_DDR3_YCbCr422_RGB888/OV5640_DEMO/user/i2c_timing_ctrl.v:]
WARNING: [filemgmt 56-199] Attempt to get parsing info during refresh. "On-the-fly" syntax checking information may be incorrect. [F:/FILE/FPGA/ZYNQ/Image/002_OV5640_DDR3_YCbCr422_RGB888/OV5640_DEMO/user/Video_Image_Processor/YCbCr422_RGB888/Video_Image_Processor.v:]
WARNING: [filemgmt 56-199] Attempt to get parsing info during refresh. "On-the-fly" syntax checking information may be incorrect. [F:/FILE/FPGA/ZYNQ/Image/002_OV5640_DDR3_YCbCr422_RGB888/OV5640_DEMO/user/OV5640_TOP.v:]
WARNING: [filemgmt 56-199] Attempt to get parsing info during refresh. "On-the-fly" syntax checking information may be incorrect. [F:/FILE/FPGA/ZYNQ/Image/002_OV5640_DDR3_YCbCr422_RGB888/OV5640_DEMO/user/Video_Image_Processor/YCbCr422_RGB888/Image_YCbCr422_YCbCr444.v:]
WARNING: [filemgmt 56-199] Attempt to get parsing info during refresh. "On-the-fly" syntax checking information may be incorrect. [F:/FILE/FPGA/ZYNQ/Image/002_OV5640_DDR3_YCbCr422_RGB888/OV5640_DEMO/user/Video_Image_Processor/YCbCr422_RGB888/Image_YCbCr444_RGB888.v:]
WARNING: [filemgmt 56-199] Attempt to get parsing info during refresh. "On-the-fly" syntax checking information may be incorrect. [F:/FILE/FPGA/ZYNQ/Image/002_OV5640_DDR3_YCbCr422_RGB888/OV5640_DEMO/user/I2C_OV5640_RGB565_Config.v:]
WARNING: [filemgmt 56-199] Attempt to get parsing info during refresh. "On-the-fly" syntax checking information may be incorrect. [F:/FILE/FPGA/ZYNQ/Image/002_OV5640_DDR3_YCbCr422_RGB888/OV5640_DEMO/user/I2C_OV5640_YUV422_Config.v:]
reset_run impl_2 -prev_step 
launch_runs impl_2 -to_step write_bitstream -jobs 12
WARNING: [Vivado 12-872] Run step 'Design Initialization' is out-of-date.
[Sun Nov  3 03:50:12 2019] Launched impl_2...
Run output will be captured here: F:/FILE/FPGA/ZYNQ/Image/002_OV5640_DDR3_YCbCr422_RGB888/OV5640_DEMO/MIG_OV_PRG/MIG_OV_PRG.runs/impl_2/runme.log
set_property PROBES.FILE {F:/FILE/FPGA/ZYNQ/Image/002_OV5640_DDR3_YCbCr422_RGB888/OV5640_DEMO/MIG_OV_PRG/MIG_OV_PRG.runs/impl_2/OV5640_TOP.ltx} [get_hw_devices xc7z035_1]
set_property FULL_PROBES.FILE {F:/FILE/FPGA/ZYNQ/Image/002_OV5640_DDR3_YCbCr422_RGB888/OV5640_DEMO/MIG_OV_PRG/MIG_OV_PRG.runs/impl_2/OV5640_TOP.ltx} [get_hw_devices xc7z035_1]
set_property PROGRAM.FILE {F:/FILE/FPGA/ZYNQ/Image/002_OV5640_DDR3_YCbCr422_RGB888/OV5640_DEMO/MIG_OV_PRG/MIG_OV_PRG.runs/impl_2/OV5640_TOP.bit} [get_hw_devices xc7z035_1]
program_hw_devices [get_hw_devices xc7z035_1]
INFO: [Labtools 27-3164] End of startup status: HIGH
program_hw_devices: Time (s): cpu = 00:00:11 ; elapsed = 00:00:11 . Memory (MB): peak = 1682.969 ; gain = 0.000
refresh_hw_device [lindex [get_hw_devices xc7z035_1] 0]
INFO: [Labtools 27-2302] Device xc7z035 (JTAG device index = 1) is programmed with a design that has 1 ILA core(s).
INFO: [Labtools 27-3304] ILA Waveform data saved to file F:/FILE/FPGA/ZYNQ/Image/002_OV5640_DDR3_YCbCr422_RGB888/OV5640_DEMO/MIG_OV_PRG/MIG_OV_PRG.hw/backup/hw_ila_data_1.ila. Use Tcl command 'import_hw_ila_data' or Vivado File->Import->Import ILA Data menu item to import the previously saved data.
WARNING: [filemgmt 56-199] Attempt to get parsing info during refresh. "On-the-fly" syntax checking information may be incorrect. [F:/FILE/FPGA/ZYNQ/Image/002_OV5640_DDR3_YCbCr422_RGB888/OV5640_DEMO/user/i2c_timing_ctrl.v:]
WARNING: [filemgmt 56-199] Attempt to get parsing info during refresh. "On-the-fly" syntax checking information may be incorrect. [F:/FILE/FPGA/ZYNQ/Image/002_OV5640_DDR3_YCbCr422_RGB888/OV5640_DEMO/user/Video_Image_Processor/YCbCr422_RGB888/Video_Image_Processor.v:]
WARNING: [filemgmt 56-199] Attempt to get parsing info during refresh. "On-the-fly" syntax checking information may be incorrect. [F:/FILE/FPGA/ZYNQ/Image/002_OV5640_DDR3_YCbCr422_RGB888/OV5640_DEMO/user/OV5640_TOP.v:]
WARNING: [filemgmt 56-199] Attempt to get parsing info during refresh. "On-the-fly" syntax checking information may be incorrect. [F:/FILE/FPGA/ZYNQ/Image/002_OV5640_DDR3_YCbCr422_RGB888/OV5640_DEMO/user/Video_Image_Processor/YCbCr422_RGB888/Image_YCbCr422_YCbCr444.v:]
WARNING: [filemgmt 56-199] Attempt to get parsing info during refresh. "On-the-fly" syntax checking information may be incorrect. [F:/FILE/FPGA/ZYNQ/Image/002_OV5640_DDR3_YCbCr422_RGB888/OV5640_DEMO/user/Video_Image_Processor/YCbCr422_RGB888/Image_YCbCr444_RGB888.v:]
WARNING: [filemgmt 56-199] Attempt to get parsing info during refresh. "On-the-fly" syntax checking information may be incorrect. [F:/FILE/FPGA/ZYNQ/Image/002_OV5640_DDR3_YCbCr422_RGB888/OV5640_DEMO/user/I2C_OV5640_RGB565_Config.v:]
WARNING: [filemgmt 56-199] Attempt to get parsing info during refresh. "On-the-fly" syntax checking information may be incorrect. [F:/FILE/FPGA/ZYNQ/Image/002_OV5640_DDR3_YCbCr422_RGB888/OV5640_DEMO/user/I2C_OV5640_YUV422_Config.v:]
reset_run synth_1
WARNING: [Vivado 12-1017] Problems encountered:
1. Failed to delete one or more files in run directory F:/FILE/FPGA/ZYNQ/Image/002_OV5640_DDR3_YCbCr422_RGB888/OV5640_DEMO/MIG_OV_PRG/MIG_OV_PRG.runs/synth_1

launch_runs impl_2 -to_step write_bitstream -jobs 12
[Sun Nov  3 03:53:01 2019] Launched synth_1...
Run output will be captured here: F:/FILE/FPGA/ZYNQ/Image/002_OV5640_DDR3_YCbCr422_RGB888/OV5640_DEMO/MIG_OV_PRG/MIG_OV_PRG.runs/synth_1/runme.log
[Sun Nov  3 03:53:01 2019] Launched impl_2...
Run output will be captured here: F:/FILE/FPGA/ZYNQ/Image/002_OV5640_DDR3_YCbCr422_RGB888/OV5640_DEMO/MIG_OV_PRG/MIG_OV_PRG.runs/impl_2/runme.log
set_property PROBES.FILE {F:/FILE/FPGA/ZYNQ/Image/002_OV5640_DDR3_YCbCr422_RGB888/OV5640_DEMO/MIG_OV_PRG/MIG_OV_PRG.runs/impl_2/OV5640_TOP.ltx} [get_hw_devices xc7z035_1]
set_property FULL_PROBES.FILE {F:/FILE/FPGA/ZYNQ/Image/002_OV5640_DDR3_YCbCr422_RGB888/OV5640_DEMO/MIG_OV_PRG/MIG_OV_PRG.runs/impl_2/OV5640_TOP.ltx} [get_hw_devices xc7z035_1]
set_property PROGRAM.FILE {F:/FILE/FPGA/ZYNQ/Image/002_OV5640_DDR3_YCbCr422_RGB888/OV5640_DEMO/MIG_OV_PRG/MIG_OV_PRG.runs/impl_2/OV5640_TOP.bit} [get_hw_devices xc7z035_1]
program_hw_devices [get_hw_devices xc7z035_1]
INFO: [Labtools 27-3164] End of startup status: HIGH
program_hw_devices: Time (s): cpu = 00:00:12 ; elapsed = 00:00:11 . Memory (MB): peak = 1683.250 ; gain = 0.000
refresh_hw_device [lindex [get_hw_devices xc7z035_1] 0]
INFO: [Labtools 27-2302] Device xc7z035 (JTAG device index = 1) is programmed with a design that has 1 ILA core(s).
INFO: [Labtools 27-3304] ILA Waveform data saved to file F:/FILE/FPGA/ZYNQ/Image/002_OV5640_DDR3_YCbCr422_RGB888/OV5640_DEMO/MIG_OV_PRG/MIG_OV_PRG.hw/backup/hw_ila_data_1.ila. Use Tcl command 'import_hw_ila_data' or Vivado File->Import->Import ILA Data menu item to import the previously saved data.
WARNING: [filemgmt 56-199] Attempt to get parsing info during refresh. "On-the-fly" syntax checking information may be incorrect. [F:/FILE/FPGA/ZYNQ/Image/002_OV5640_DDR3_YCbCr422_RGB888/OV5640_DEMO/user/i2c_timing_ctrl.v:]
WARNING: [filemgmt 56-199] Attempt to get parsing info during refresh. "On-the-fly" syntax checking information may be incorrect. [F:/FILE/FPGA/ZYNQ/Image/002_OV5640_DDR3_YCbCr422_RGB888/OV5640_DEMO/user/Video_Image_Processor/YCbCr422_RGB888/Video_Image_Processor.v:]
WARNING: [filemgmt 56-199] Attempt to get parsing info during refresh. "On-the-fly" syntax checking information may be incorrect. [F:/FILE/FPGA/ZYNQ/Image/002_OV5640_DDR3_YCbCr422_RGB888/OV5640_DEMO/user/OV5640_TOP.v:]
WARNING: [filemgmt 56-199] Attempt to get parsing info during refresh. "On-the-fly" syntax checking information may be incorrect. [F:/FILE/FPGA/ZYNQ/Image/002_OV5640_DDR3_YCbCr422_RGB888/OV5640_DEMO/user/Video_Image_Processor/YCbCr422_RGB888/Image_YCbCr422_YCbCr444.v:]
WARNING: [filemgmt 56-199] Attempt to get parsing info during refresh. "On-the-fly" syntax checking information may be incorrect. [F:/FILE/FPGA/ZYNQ/Image/002_OV5640_DDR3_YCbCr422_RGB888/OV5640_DEMO/user/Video_Image_Processor/YCbCr422_RGB888/Image_YCbCr444_RGB888.v:]
WARNING: [filemgmt 56-199] Attempt to get parsing info during refresh. "On-the-fly" syntax checking information may be incorrect. [F:/FILE/FPGA/ZYNQ/Image/002_OV5640_DDR3_YCbCr422_RGB888/OV5640_DEMO/user/I2C_OV5640_RGB565_Config.v:]
WARNING: [filemgmt 56-199] Attempt to get parsing info during refresh. "On-the-fly" syntax checking information may be incorrect. [F:/FILE/FPGA/ZYNQ/Image/002_OV5640_DDR3_YCbCr422_RGB888/OV5640_DEMO/user/I2C_OV5640_YUV422_Config.v:]
reset_run synth_1
WARNING: [Vivado 12-1017] Problems encountered:
1. Failed to delete one or more files in run directory F:/FILE/FPGA/ZYNQ/Image/002_OV5640_DDR3_YCbCr422_RGB888/OV5640_DEMO/MIG_OV_PRG/MIG_OV_PRG.runs/synth_1

launch_runs impl_2 -to_step write_bitstream -jobs 12
[Sun Nov  3 04:02:28 2019] Launched synth_1...
Run output will be captured here: F:/FILE/FPGA/ZYNQ/Image/002_OV5640_DDR3_YCbCr422_RGB888/OV5640_DEMO/MIG_OV_PRG/MIG_OV_PRG.runs/synth_1/runme.log
[Sun Nov  3 04:02:28 2019] Launched impl_2...
Run output will be captured here: F:/FILE/FPGA/ZYNQ/Image/002_OV5640_DDR3_YCbCr422_RGB888/OV5640_DEMO/MIG_OV_PRG/MIG_OV_PRG.runs/impl_2/runme.log
set_property PROBES.FILE {F:/FILE/FPGA/ZYNQ/Image/002_OV5640_DDR3_YCbCr422_RGB888/OV5640_DEMO/MIG_OV_PRG/MIG_OV_PRG.runs/impl_2/OV5640_TOP.ltx} [get_hw_devices xc7z035_1]
set_property FULL_PROBES.FILE {F:/FILE/FPGA/ZYNQ/Image/002_OV5640_DDR3_YCbCr422_RGB888/OV5640_DEMO/MIG_OV_PRG/MIG_OV_PRG.runs/impl_2/OV5640_TOP.ltx} [get_hw_devices xc7z035_1]
set_property PROGRAM.FILE {F:/FILE/FPGA/ZYNQ/Image/002_OV5640_DDR3_YCbCr422_RGB888/OV5640_DEMO/MIG_OV_PRG/MIG_OV_PRG.runs/impl_2/OV5640_TOP.bit} [get_hw_devices xc7z035_1]
program_hw_devices [get_hw_devices xc7z035_1]
INFO: [Labtools 27-3164] End of startup status: HIGH
program_hw_devices: Time (s): cpu = 00:00:11 ; elapsed = 00:00:11 . Memory (MB): peak = 1684.457 ; gain = 0.000
refresh_hw_device [lindex [get_hw_devices xc7z035_1] 0]
INFO: [Labtools 27-2302] Device xc7z035 (JTAG device index = 1) is programmed with a design that has 1 ILA core(s).
INFO: [Labtools 27-3304] ILA Waveform data saved to file F:/FILE/FPGA/ZYNQ/Image/002_OV5640_DDR3_YCbCr422_RGB888/OV5640_DEMO/MIG_OV_PRG/MIG_OV_PRG.hw/backup/hw_ila_data_1.ila. Use Tcl command 'import_hw_ila_data' or Vivado File->Import->Import ILA Data menu item to import the previously saved data.
save_wave_config {F:/FILE/FPGA/ZYNQ/Image/002_OV5640_DDR3_YCbCr422_RGB888/OV5640_DEMO/MIG_OV_PRG/MIG_OV_PRG.hw/hw_1/wave/hw_ila_data_1/hw_ila_data_1.wcfg}
exit
INFO: [Common 17-206] Exiting Vivado at Sun Nov  3 04:10:01 2019...
