#-----------------------------------------------------------
# Vivado v2016.4 (64-bit)
# SW Build 1733598 on Wed Dec 14 22:35:39 MST 2016
# IP Build 1731160 on Wed Dec 14 23:47:21 MST 2016
# Start of session at: Sat Oct 07 10:08:12 2017
# Process ID: 21888
# Current directory: E:/MIA701SRC/S02_CH12/S02_CH12_OV5640/MIG_OV_PRG
# Command line: vivado.exe -gui_launcher_event rodinguilauncherevent16704 E:\MIA701SRC\S02_CH12\S02_CH12_OV5640\MIG_OV_PRG\MIG_OV_PRG.xpr
# Log file: E:/MIA701SRC/S02_CH12/S02_CH12_OV5640/MIG_OV_PRG/vivado.log
# Journal file: E:/MIA701SRC/S02_CH12/S02_CH12_OV5640/MIG_OV_PRG\vivado.jou
#-----------------------------------------------------------
start_gui
open_project E:/MIA701SRC/S02_CH12/S02_CH12_OV5640/MIG_OV_PRG/MIG_OV_PRG.xpr
CRITICAL WARNING: [Project 1-19] Could not find the file 'E:/MIA701SRC/S02_CH12/S02_CH12_OV5640/user/I2C_OV7725_RGB565_Config.v'.
CRITICAL WARNING: [Project 1-19] Could not find the file 'E:/MIA701SRC/S02_CH12/S02_CH12_OV5640/user/OV7725_TOP.v'.
Scanning sources...
Finished scanning sources
WARNING: [filemgmt 56-3] IP Repository Path: Could not find the directory 'E:/MIA701SRC/S02_CH12/S02_CH12_OV5640/user/OV_Sensor_ML'.
INFO: [IP_Flow 19-234] Refreshing IP repositories
WARNING: [IP_Flow 19-2248] Failed to load user IP repository 'e:/MIA701SRC/S02_CH12/S02_CH12_OV5640/user/OV_Sensor_ML'; Can't find the specified path.
If this directory should no longer be in your list of user repositories, go to the IP Settings dialog and remove it.
INFO: [IP_Flow 19-2313] Loaded Vivado IP repository 'D:/Xilinx/Vivado/2016.4/data/ip'.
WARNING: [IP_Flow 19-2162] IP 'HDMI_FPGA_ML_A7_0' is locked:
* IP definition 'HDMI_FPGA_ML_A7 (1.0)' for IP 'HDMI_FPGA_ML_A7_0' (customized with software release 2016.4) was not found in the IP Catalog.
Please select 'Report IP Status' from the 'Tools/Report' menu or run Tcl command 'report_ip_status' for more information.
open_project: Time (s): cpu = 00:00:12 ; elapsed = 00:00:10 . Memory (MB): peak = 888.695 ; gain = 201.816
open_hw
connect_hw_server
INFO: [Labtools 27-2285] Connecting to hw_server url TCP:localhost:3121
INFO: [Labtools 27-2222] Launching hw_server...
INFO: [Labtools 27-2221] Launch Output:

****** Xilinx hw_server v2016.4
  **** Build date : Dec 14 2016-22:58:11
    ** Copyright 1986-2016 Xilinx, Inc. All Rights Reserved.


open_hw_target
INFO: [Labtoolstcl 44-466] Opening hw_target localhost:3121/xilinx_tcf/Digilent/210249855465
set_property PROGRAM.FILE {E:/MIA701SRC/S02_CH12/S02_CH12_OV5640/MIG_OV_PRG/MIG_OV_PRG.runs/impl_1/OV5640_TOP.bit} [lindex [get_hw_devices xc7a100t_0] 0]
set_property PROBES.FILE {E:/MIA701SRC/S02_CH12/S02_CH12_OV5640/MIG_OV_PRG/MIG_OV_PRG.runs/impl_1/debug_nets.ltx} [lindex [get_hw_devices xc7a100t_0] 0]
current_hw_device [lindex [get_hw_devices xc7a100t_0] 0]
refresh_hw_device [lindex [get_hw_devices xc7a100t_0] 0]
INFO: [Labtools 27-2302] Device xc7a100t (JTAG device index = 0) is programmed with a design that has 1 ILA core(s).
display_hw_ila_data [ get_hw_ila_data hw_ila_data_1 -of_objects [get_hw_ilas -of_objects [get_hw_devices xc7a100t_0] -filter {CELL_NAME=~"sensor_decode_inst/sensor_sg"}]]
INFO: [Labtools 27-3304] ILA Waveform data saved to file E:/MIA701SRC/S02_CH12/S02_CH12_OV5640/MIG_OV_PRG/MIG_OV_PRG.hw/backup/hw_ila_data_1.ila. Use Tcl command 'import_hw_ila_data' or Vivado File->Import->Import ILA Data menu item to import the previously saved data.
set_property PROBES.FILE {E:/MIA701SRC/S02_CH12/S02_CH12_OV5640/MIG_OV_PRG/MIG_OV_PRG.runs/impl_1/debug_nets.ltx} [lindex [get_hw_devices xc7a100t_0] 0]
set_property PROGRAM.FILE {E:/MIA701SRC/S02_CH12/S02_CH12_OV5640/MIG_OV_PRG/MIG_OV_PRG.runs/impl_1/OV5640_TOP.bit} [lindex [get_hw_devices xc7a100t_0] 0]
program_hw_devices [lindex [get_hw_devices xc7a100t_0] 0]
INFO: [Labtools 27-3164] End of startup status: HIGH
refresh_hw_device [lindex [get_hw_devices xc7a100t_0] 0]
INFO: [Labtools 27-2302] Device xc7a100t (JTAG device index = 0) is programmed with a design that has 1 ILA core(s).
close_hw_target {localhost:3121/xilinx_tcf/Digilent/210249855465}
INFO: [Labtoolstcl 44-464] Closing hw_target localhost:3121/xilinx_tcf/Digilent/210249855465
exit
INFO: [Common 17-206] Exiting Vivado at Sat Oct 07 10:09:21 2017...
