Flow report for vgadisplay_demo
Sun Sep 01 19:28:21 2019
Quartus Prime Version 17.0.0 Build 595 04/25/2017 SJ Standard Edition


---------------------
; Table of Contents ;
---------------------
  1. Legal Notice
  2. Flow Summary
  3. Flow Settings
  4. Flow Non-Default Global Settings
  5. Flow Elapsed Time
  6. Flow OS Summary
  7. Flow Log
  8. Flow Messages
  9. Flow Suppressed Messages



----------------
; Legal Notice ;
----------------
Copyright (C) 2017  Intel Corporation. All rights reserved.
Your use of Intel Corporation's design tools, logic functions 
and other software and tools, and its AMPP partner logic 
functions, and any output files from any of the foregoing 
(including device programming or simulation files), and any 
associated documentation or information are expressly subject 
to the terms and conditions of the Intel Program License 
Subscription Agreement, the Intel Quartus Prime License Agreement,
the Intel MegaCore Function License Agreement, or other 
applicable license agreement, including, without limitation, 
that your use is for the sole purpose of programming logic 
devices manufactured by Intel and sold by Intel or its 
authorized distributors.  Please refer to the applicable 
agreement for further details.



+--------------------------------------------------------------------------------------+
; Flow Summary                                                                         ;
+------------------------------------+-------------------------------------------------+
; Flow Status                        ; Successful - Sun Sep 01 19:28:19 2019           ;
; Quartus Prime Version              ; 17.0.0 Build 595 04/25/2017 SJ Standard Edition ;
; Revision Name                      ; vgadisplay_demo                                 ;
; Top-level Entity Name              ; vga_module                                      ;
; Family                             ; Cyclone IV E                                    ;
; Device                             ; EP4CE15F17C8                                    ;
; Timing Models                      ; Final                                           ;
; Total logic elements               ; 131 / 15,408 ( < 1 % )                          ;
;     Total combinational functions  ; 128 / 15,408 ( < 1 % )                          ;
;     Dedicated logic registers      ; 35 / 15,408 ( < 1 % )                           ;
; Total registers                    ; 35                                              ;
; Total pins                         ; 7 / 166 ( 4 % )                                 ;
; Total virtual pins                 ; 0                                               ;
; Total memory bits                  ; 4,096 / 516,096 ( < 1 % )                       ;
; Embedded Multiplier 9-bit elements ; 0 / 112 ( 0 % )                                 ;
; Total PLLs                         ; 1 / 4 ( 25 % )                                  ;
+------------------------------------+-------------------------------------------------+


+-----------------------------------------+
; Flow Settings                           ;
+-------------------+---------------------+
; Option            ; Setting             ;
+-------------------+---------------------+
; Start date & time ; 09/01/2019 19:28:03 ;
; Main task         ; Compilation         ;
; Revision Name     ; vgadisplay_demo     ;
+-------------------+---------------------+


+--------------------------------------------------------------------------------------------------------------------------------------------------------------------------------------+
; Flow Non-Default Global Settings                                                                                                                                                     ;
+-------------------------------------+---------------------------------------------------------------------------------------------------+-----------------+-------------+------------+
; Assignment Name                     ; Value                                                                                             ; Default Value   ; Entity Name ; Section Id ;
+-------------------------------------+---------------------------------------------------------------------------------------------------+-----------------+-------------+------------+
; COMPILER_SIGNATURE_ID               ; 154027283958122.156733728211008                                                                   ; --              ; --          ; --         ;
; MAX_CORE_JUNCTION_TEMP              ; 85                                                                                                ; --              ; --          ; --         ;
; MIN_CORE_JUNCTION_TEMP              ; 0                                                                                                 ; --              ; --          ; --         ;
; MISC_FILE                           ; ../src/rom_module_bb.v                                                                            ; --              ; --          ; --         ;
; MISC_FILE                           ; ../src/pll_module_bb.v                                                                            ; --              ; --          ; --         ;
; MISC_FILE                           ; ../src/pll_module.ppf                                                                             ; --              ; --          ; --         ;
; OUTPUT_IO_TIMING_FAR_END_VMEAS      ; Half Signal Swing                                                                                 ; --              ; --          ; --         ;
; OUTPUT_IO_TIMING_FAR_END_VMEAS      ; Half Signal Swing                                                                                 ; --              ; --          ; --         ;
; OUTPUT_IO_TIMING_NEAR_END_VMEAS     ; Half Vccio                                                                                        ; --              ; --          ; --         ;
; OUTPUT_IO_TIMING_NEAR_END_VMEAS     ; Half Vccio                                                                                        ; --              ; --          ; --         ;
; PARTITION_COLOR                     ; -- (Not supported for targeted family)                                                            ; --              ; vga_module  ; Top        ;
; PARTITION_FITTER_PRESERVATION_LEVEL ; -- (Not supported for targeted family)                                                            ; --              ; vga_module  ; Top        ;
; PARTITION_NETLIST_TYPE              ; -- (Not supported for targeted family)                                                            ; --              ; vga_module  ; Top        ;
; POWER_BOARD_THERMAL_MODEL           ; None (CONSERVATIVE)                                                                               ; --              ; --          ; --         ;
; POWER_PRESET_COOLING_SOLUTION       ; 23 MM HEAT SINK WITH 200 LFPM AIRFLOW                                                             ; --              ; --          ; --         ;
; PROJECT_OUTPUT_DIRECTORY            ; F:\FILE\FPGA\FPGA_Interface\06_Display\12_VGADisplay\src\Simple_VGA_Display\03-vga_module_pic\out ; --              ; --          ; --         ;
; TOP_LEVEL_ENTITY                    ; vga_module                                                                                        ; vgadisplay_demo ; --          ; --         ;
+-------------------------------------+---------------------------------------------------------------------------------------------------+-----------------+-------------+------------+


+-------------------------------------------------------------------------------------------------------------------------------+
; Flow Elapsed Time                                                                                                             ;
+---------------------------+--------------+-------------------------+---------------------+------------------------------------+
; Module Name               ; Elapsed Time ; Average Processors Used ; Peak Virtual Memory ; Total CPU Time (on all processors) ;
+---------------------------+--------------+-------------------------+---------------------+------------------------------------+
; Analysis & Synthesis      ; 00:00:09     ; 1.0                     ; 4797 MB             ; 00:00:20                           ;
; Fitter                    ; 00:00:04     ; 1.0                     ; 5674 MB             ; 00:00:05                           ;
; Assembler                 ; 00:00:01     ; 1.0                     ; 4675 MB             ; 00:00:01                           ;
; TimeQuest Timing Analyzer ; 00:00:01     ; 1.0                     ; 4786 MB             ; 00:00:02                           ;
; Total                     ; 00:00:15     ; --                      ; --                  ; 00:00:28                           ;
+---------------------------+--------------+-------------------------+---------------------+------------------------------------+


+-----------------------------------------------------------------------------------------+
; Flow OS Summary                                                                         ;
+---------------------------+------------------+------------+------------+----------------+
; Module Name               ; Machine Hostname ; OS Name    ; OS Version ; Processor type ;
+---------------------------+------------------+------------+------------+----------------+
; Analysis & Synthesis      ; LAPTOP-8E6RLG3I  ; Windows 10 ; 10.0       ; x86_64         ;
; Fitter                    ; LAPTOP-8E6RLG3I  ; Windows 10 ; 10.0       ; x86_64         ;
; Assembler                 ; LAPTOP-8E6RLG3I  ; Windows 10 ; 10.0       ; x86_64         ;
; TimeQuest Timing Analyzer ; LAPTOP-8E6RLG3I  ; Windows 10 ; 10.0       ; x86_64         ;
+---------------------------+------------------+------------+------------+----------------+


------------
; Flow Log ;
------------
quartus_map --read_settings_files=on --write_settings_files=off vgadisplay_demo -c vgadisplay_demo
quartus_fit --read_settings_files=off --write_settings_files=off vgadisplay_demo -c vgadisplay_demo
quartus_asm --read_settings_files=off --write_settings_files=off vgadisplay_demo -c vgadisplay_demo
quartus_sta vgadisplay_demo -c vgadisplay_demo



