Flow report for OV5640_SDRAM
Wed Oct 24 20:52:04 2018
Quartus II 64-Bit Version 13.0.0 Build 156 04/24/2013 SJ Full Version


---------------------
; Table of Contents ;
---------------------
  1. Legal Notice
  2. Flow Summary
  3. Flow Settings
  4. Flow Non-Default Global Settings
  5. Flow Elapsed Time
  6. Flow OS Summary
  7. Flow Log
  8. Flow Messages
  9. Flow Suppressed Messages



----------------
; Legal Notice ;
----------------
Copyright (C) 1991-2013 Altera Corporation
Your use of Altera Corporation's design tools, logic functions 
and other software and tools, and its AMPP partner logic 
functions, and any output files from any of the foregoing 
(including device programming or simulation files), and any 
associated documentation or information are expressly subject 
to the terms and conditions of the Altera Program License 
Subscription Agreement, Altera MegaCore Function License 
Agreement, or other applicable license agreement, including, 
without limitation, that your use is for the sole purpose of 
programming logic devices manufactured by Altera and sold by 
Altera or its authorized distributors.  Please refer to the 
applicable agreement for further details.



+----------------------------------------------------------------------------------+
; Flow Summary                                                                     ;
+------------------------------------+---------------------------------------------+
; Flow Status                        ; Successful - Wed Oct 24 20:51:59 2018       ;
; Quartus II 64-Bit Version          ; 13.0.0 Build 156 04/24/2013 SJ Full Version ;
; Revision Name                      ; OV5640_SDRAM                                ;
; Top-level Entity Name              ; OV5640_SDRAM                                ;
; Family                             ; Cyclone IV E                                ;
; Device                             ; EP4CE10F17C8                                ;
; Timing Models                      ; Final                                       ;
; Total logic elements               ; 1,976 / 10,320 ( 19 % )                     ;
;     Total combinational functions  ; 1,747 / 10,320 ( 17 % )                     ;
;     Dedicated logic registers      ; 903 / 10,320 ( 9 % )                        ;
; Total registers                    ; 903                                         ;
; Total pins                         ; 78 / 180 ( 43 % )                           ;
; Total virtual pins                 ; 0                                           ;
; Total memory bits                  ; 37,584 / 423,936 ( 9 % )                    ;
; Embedded Multiplier 9-bit elements ; 30 / 46 ( 65 % )                            ;
; Total PLLs                         ; 1 / 2 ( 50 % )                              ;
+------------------------------------+---------------------------------------------+


+-----------------------------------------+
; Flow Settings                           ;
+-------------------+---------------------+
; Option            ; Setting             ;
+-------------------+---------------------+
; Start date & time ; 10/24/2018 20:51:24 ;
; Main task         ; Compilation         ;
; Revision Name     ; OV5640_SDRAM        ;
+-------------------+---------------------+


+------------------------------------------------------------------------------------------------------------------+
; Flow Non-Default Global Settings                                                                                 ;
+-------------------------------------+---------------------------------+---------------+-------------+------------+
; Assignment Name                     ; Value                           ; Default Value ; Entity Name ; Section Id ;
+-------------------------------------+---------------------------------+---------------+-------------+------------+
; COMPILER_SIGNATURE_ID               ; 251457860065655.154038548415816 ; --            ; --          ; --         ;
; IP_TOOL_NAME                        ; ALTPLL                          ; --            ; --          ; --         ;
; IP_TOOL_NAME                        ; Shift register (RAM-based)      ; --            ; --          ; --         ;
; IP_TOOL_NAME                        ; ALTMULT_ADD                     ; --            ; --          ; --         ;
; IP_TOOL_NAME                        ; PARALLEL_ADD                    ; --            ; --          ; --         ;
; IP_TOOL_NAME                        ; ALTSQRT                         ; --            ; --          ; --         ;
; IP_TOOL_VERSION                     ; 13.0                            ; --            ; --          ; --         ;
; IP_TOOL_VERSION                     ; 13.0                            ; --            ; --          ; --         ;
; IP_TOOL_VERSION                     ; 13.0                            ; --            ; --          ; --         ;
; IP_TOOL_VERSION                     ; 13.0                            ; --            ; --          ; --         ;
; IP_TOOL_VERSION                     ; 13.0                            ; --            ; --          ; --         ;
; MISC_FILE                           ; pll_bb.v                        ; --            ; --          ; --         ;
; MISC_FILE                           ; pll.ppf                         ; --            ; --          ; --         ;
; MISC_FILE                           ; LineBuffer.cmp                  ; --            ; --          ; --         ;
; MISC_FILE                           ; MAC_3.cmp                       ; --            ; --          ; --         ;
; MISC_FILE                           ; PA_3.cmp                        ; --            ; --          ; --         ;
; MISC_FILE                           ; SQRT.cmp                        ; --            ; --          ; --         ;
; PARTITION_COLOR                     ; 16764057                        ; --            ; --          ; Top        ;
; PARTITION_FITTER_PRESERVATION_LEVEL ; PLACEMENT_AND_ROUTING           ; --            ; --          ; Top        ;
; PARTITION_NETLIST_TYPE              ; SOURCE                          ; --            ; --          ; Top        ;
; PROJECT_OUTPUT_DIRECTORY            ; output_files                    ; --            ; --          ; --         ;
+-------------------------------------+---------------------------------+---------------+-------------+------------+


+-------------------------------------------------------------------------------------------------------------------------------+
; Flow Elapsed Time                                                                                                             ;
+---------------------------+--------------+-------------------------+---------------------+------------------------------------+
; Module Name               ; Elapsed Time ; Average Processors Used ; Peak Virtual Memory ; Total CPU Time (on all processors) ;
+---------------------------+--------------+-------------------------+---------------------+------------------------------------+
; Analysis & Synthesis      ; 00:00:14     ; 1.0                     ; 544 MB              ; 00:00:14                           ;
; Fitter                    ; 00:00:16     ; 1.6                     ; 1090 MB             ; 00:00:20                           ;
; Assembler                 ; 00:00:01     ; 1.0                     ; 422 MB              ; 00:00:01                           ;
; TimeQuest Timing Analyzer ; 00:00:04     ; 1.0                     ; 510 MB              ; 00:00:05                           ;
; Total                     ; 00:00:35     ; --                      ; --                  ; 00:00:40                           ;
+---------------------------+--------------+-------------------------+---------------------+------------------------------------+


+----------------------------------------------------------------------------------------+
; Flow OS Summary                                                                        ;
+---------------------------+------------------+-----------+------------+----------------+
; Module Name               ; Machine Hostname ; OS Name   ; OS Version ; Processor type ;
+---------------------------+------------------+-----------+------------+----------------+
; Analysis & Synthesis      ; USER-20170329RI  ; Windows 7 ; 6.1        ; x86_64         ;
; Fitter                    ; USER-20170329RI  ; Windows 7 ; 6.1        ; x86_64         ;
; Assembler                 ; USER-20170329RI  ; Windows 7 ; 6.1        ; x86_64         ;
; TimeQuest Timing Analyzer ; USER-20170329RI  ; Windows 7 ; 6.1        ; x86_64         ;
+---------------------------+------------------+-----------+------------+----------------+


------------
; Flow Log ;
------------
quartus_map --read_settings_files=on --write_settings_files=off OV5640_SDRAM -c OV5640_SDRAM
quartus_fit --read_settings_files=off --write_settings_files=off OV5640_SDRAM -c OV5640_SDRAM
quartus_asm --read_settings_files=off --write_settings_files=off OV5640_SDRAM -c OV5640_SDRAM
quartus_sta OV5640_SDRAM -c OV5640_SDRAM



