Copyright 1986-2016 Xilinx, Inc. All Rights Reserved.
-------------------------------------------------------------------------------------------------------------------------------------
| Tool Version : Vivado v.2016.4 (win64) Build 1733598 Wed Dec 14 22:35:39 MST 2016
| Date         : Sat Jul 01 17:22:44 2017
| Host         : LB-201704111542 running 64-bit major release  (build 9200)
| Command      : report_methodology -file HDMI_FPGA_ML_A7_methodology_drc_routed.rpt -rpx HDMI_FPGA_ML_A7_methodology_drc_routed.rpx
| Design       : HDMI_FPGA_ML_A7
| Device       : xc7a100tfgg484-2
| Speed File   : -2
| Design State : Routed
-------------------------------------------------------------------------------------------------------------------------------------

Report Methodology

Table of Contents
-----------------
1. REPORT SUMMARY
2. REPORT DETAILS

1. REPORT SUMMARY
-----------------
            Netlist: netlist
          Floorplan: design_1
      Design limits: <entire design considered>
             Max violations: <unlimited>
             Violations found: 143
+-----------+----------+------------------------------------------------------------------+------------+
| Rule      | Severity | Description                                                      | Violations |
+-----------+----------+------------------------------------------------------------------+------------+
| CKLD-2    | Warning  | Clock Net has IO Driver, not a Clock Buf, and/or non-Clock loads | 1          |
| TIMING-17 | Warning  | Non-clocked sequential cell                                      | 142        |
+-----------+----------+------------------------------------------------------------------+------------+

2. REPORT DETAILS
-----------------
CKLD-2#1 Warning
Clock Net has IO Driver, not a Clock Buf, and/or non-Clock loads  
Clock net PXLCLK_5X_I_IBUF is directly driven by an IO rather than a Clock Buffer or may be an IO driving a mix of Clock Buffer and non-Clock loads. This connectivity should be reviewed and corrected as appropriate. Driver(s): PXLCLK_5X_I_IBUF_inst/O
Related violations: <none>

TIMING-17#1 Warning
Non-clocked sequential cell  
The clock pin Inst_DVITransmitter/Inst_TMDSEncoder_blue/c0_d_reg/C is not reached by a timing clock
Related violations: <none>

TIMING-17#2 Warning
Non-clocked sequential cell  
The clock pin Inst_DVITransmitter/Inst_TMDSEncoder_blue/c0_dd_reg/C is not reached by a timing clock
Related violations: <none>

TIMING-17#3 Warning
Non-clocked sequential cell  
The clock pin Inst_DVITransmitter/Inst_TMDSEncoder_blue/c1_d_reg/C is not reached by a timing clock
Related violations: <none>

TIMING-17#4 Warning
Non-clocked sequential cell  
The clock pin Inst_DVITransmitter/Inst_TMDSEncoder_blue/c1_dd_reg/C is not reached by a timing clock
Related violations: <none>

TIMING-17#5 Warning
Non-clocked sequential cell  
The clock pin Inst_DVITransmitter/Inst_TMDSEncoder_blue/cnt_t_1_reg[1]/C is not reached by a timing clock
Related violations: <none>

TIMING-17#6 Warning
Non-clocked sequential cell  
The clock pin Inst_DVITransmitter/Inst_TMDSEncoder_blue/cnt_t_1_reg[2]/C is not reached by a timing clock
Related violations: <none>

TIMING-17#7 Warning
Non-clocked sequential cell  
The clock pin Inst_DVITransmitter/Inst_TMDSEncoder_blue/cnt_t_1_reg[3]/C is not reached by a timing clock
Related violations: <none>

TIMING-17#8 Warning
Non-clocked sequential cell  
The clock pin Inst_DVITransmitter/Inst_TMDSEncoder_blue/cnt_t_1_reg[4]/C is not reached by a timing clock
Related violations: <none>

TIMING-17#9 Warning
Non-clocked sequential cell  
The clock pin Inst_DVITransmitter/Inst_TMDSEncoder_blue/d_d_reg[0]/C is not reached by a timing clock
Related violations: <none>

TIMING-17#10 Warning
Non-clocked sequential cell  
The clock pin Inst_DVITransmitter/Inst_TMDSEncoder_blue/d_d_reg[1]/C is not reached by a timing clock
Related violations: <none>

TIMING-17#11 Warning
Non-clocked sequential cell  
The clock pin Inst_DVITransmitter/Inst_TMDSEncoder_blue/d_d_reg[2]/C is not reached by a timing clock
Related violations: <none>

TIMING-17#12 Warning
Non-clocked sequential cell  
The clock pin Inst_DVITransmitter/Inst_TMDSEncoder_blue/d_d_reg[3]/C is not reached by a timing clock
Related violations: <none>

TIMING-17#13 Warning
Non-clocked sequential cell  
The clock pin Inst_DVITransmitter/Inst_TMDSEncoder_blue/d_d_reg[4]/C is not reached by a timing clock
Related violations: <none>

TIMING-17#14 Warning
Non-clocked sequential cell  
The clock pin Inst_DVITransmitter/Inst_TMDSEncoder_blue/d_d_reg[5]/C is not reached by a timing clock
Related violations: <none>

TIMING-17#15 Warning
Non-clocked sequential cell  
The clock pin Inst_DVITransmitter/Inst_TMDSEncoder_blue/d_d_reg[6]/C is not reached by a timing clock
Related violations: <none>

TIMING-17#16 Warning
Non-clocked sequential cell  
The clock pin Inst_DVITransmitter/Inst_TMDSEncoder_blue/d_d_reg[7]/C is not reached by a timing clock
Related violations: <none>

TIMING-17#17 Warning
Non-clocked sequential cell  
The clock pin Inst_DVITransmitter/Inst_TMDSEncoder_blue/n0_q_m_reg[1]/C is not reached by a timing clock
Related violations: <none>

TIMING-17#18 Warning
Non-clocked sequential cell  
The clock pin Inst_DVITransmitter/Inst_TMDSEncoder_blue/n0_q_m_reg[2]/C is not reached by a timing clock
Related violations: <none>

TIMING-17#19 Warning
Non-clocked sequential cell  
The clock pin Inst_DVITransmitter/Inst_TMDSEncoder_blue/n0_q_m_reg[3]/C is not reached by a timing clock
Related violations: <none>

TIMING-17#20 Warning
Non-clocked sequential cell  
The clock pin Inst_DVITransmitter/Inst_TMDSEncoder_blue/n1_d_reg[0]/C is not reached by a timing clock
Related violations: <none>

TIMING-17#21 Warning
Non-clocked sequential cell  
The clock pin Inst_DVITransmitter/Inst_TMDSEncoder_blue/n1_d_reg[1]/C is not reached by a timing clock
Related violations: <none>

TIMING-17#22 Warning
Non-clocked sequential cell  
The clock pin Inst_DVITransmitter/Inst_TMDSEncoder_blue/n1_d_reg[2]/C is not reached by a timing clock
Related violations: <none>

TIMING-17#23 Warning
Non-clocked sequential cell  
The clock pin Inst_DVITransmitter/Inst_TMDSEncoder_blue/n1_d_reg[3]/C is not reached by a timing clock
Related violations: <none>

TIMING-17#24 Warning
Non-clocked sequential cell  
The clock pin Inst_DVITransmitter/Inst_TMDSEncoder_blue/n1_q_m_reg[1]/C is not reached by a timing clock
Related violations: <none>

TIMING-17#25 Warning
Non-clocked sequential cell  
The clock pin Inst_DVITransmitter/Inst_TMDSEncoder_blue/n1_q_m_reg[2]/C is not reached by a timing clock
Related violations: <none>

TIMING-17#26 Warning
Non-clocked sequential cell  
The clock pin Inst_DVITransmitter/Inst_TMDSEncoder_blue/n1_q_m_reg[3]/C is not reached by a timing clock
Related violations: <none>

TIMING-17#27 Warning
Non-clocked sequential cell  
The clock pin Inst_DVITransmitter/Inst_TMDSEncoder_blue/q_m_d_reg[0]/C is not reached by a timing clock
Related violations: <none>

TIMING-17#28 Warning
Non-clocked sequential cell  
The clock pin Inst_DVITransmitter/Inst_TMDSEncoder_blue/q_m_d_reg[1]/C is not reached by a timing clock
Related violations: <none>

TIMING-17#29 Warning
Non-clocked sequential cell  
The clock pin Inst_DVITransmitter/Inst_TMDSEncoder_blue/q_m_d_reg[2]/C is not reached by a timing clock
Related violations: <none>

TIMING-17#30 Warning
Non-clocked sequential cell  
The clock pin Inst_DVITransmitter/Inst_TMDSEncoder_blue/q_m_d_reg[3]/C is not reached by a timing clock
Related violations: <none>

TIMING-17#31 Warning
Non-clocked sequential cell  
The clock pin Inst_DVITransmitter/Inst_TMDSEncoder_blue/q_m_d_reg[4]/C is not reached by a timing clock
Related violations: <none>

TIMING-17#32 Warning
Non-clocked sequential cell  
The clock pin Inst_DVITransmitter/Inst_TMDSEncoder_blue/q_m_d_reg[5]/C is not reached by a timing clock
Related violations: <none>

TIMING-17#33 Warning
Non-clocked sequential cell  
The clock pin Inst_DVITransmitter/Inst_TMDSEncoder_blue/q_m_d_reg[6]/C is not reached by a timing clock
Related violations: <none>

TIMING-17#34 Warning
Non-clocked sequential cell  
The clock pin Inst_DVITransmitter/Inst_TMDSEncoder_blue/q_m_d_reg[7]/C is not reached by a timing clock
Related violations: <none>

TIMING-17#35 Warning
Non-clocked sequential cell  
The clock pin Inst_DVITransmitter/Inst_TMDSEncoder_blue/q_m_d_reg[8]/C is not reached by a timing clock
Related violations: <none>

TIMING-17#36 Warning
Non-clocked sequential cell  
The clock pin Inst_DVITransmitter/Inst_TMDSEncoder_blue/q_out_d_reg[0]/C is not reached by a timing clock
Related violations: <none>

TIMING-17#37 Warning
Non-clocked sequential cell  
The clock pin Inst_DVITransmitter/Inst_TMDSEncoder_blue/q_out_d_reg[1]/C is not reached by a timing clock
Related violations: <none>

TIMING-17#38 Warning
Non-clocked sequential cell  
The clock pin Inst_DVITransmitter/Inst_TMDSEncoder_blue/q_out_d_reg[2]/C is not reached by a timing clock
Related violations: <none>

TIMING-17#39 Warning
Non-clocked sequential cell  
The clock pin Inst_DVITransmitter/Inst_TMDSEncoder_blue/q_out_d_reg[3]/C is not reached by a timing clock
Related violations: <none>

TIMING-17#40 Warning
Non-clocked sequential cell  
The clock pin Inst_DVITransmitter/Inst_TMDSEncoder_blue/q_out_d_reg[4]/C is not reached by a timing clock
Related violations: <none>

TIMING-17#41 Warning
Non-clocked sequential cell  
The clock pin Inst_DVITransmitter/Inst_TMDSEncoder_blue/q_out_d_reg[5]/C is not reached by a timing clock
Related violations: <none>

TIMING-17#42 Warning
Non-clocked sequential cell  
The clock pin Inst_DVITransmitter/Inst_TMDSEncoder_blue/q_out_d_reg[6]/C is not reached by a timing clock
Related violations: <none>

TIMING-17#43 Warning
Non-clocked sequential cell  
The clock pin Inst_DVITransmitter/Inst_TMDSEncoder_blue/q_out_d_reg[7]/C is not reached by a timing clock
Related violations: <none>

TIMING-17#44 Warning
Non-clocked sequential cell  
The clock pin Inst_DVITransmitter/Inst_TMDSEncoder_blue/q_out_d_reg[8]/C is not reached by a timing clock
Related violations: <none>

TIMING-17#45 Warning
Non-clocked sequential cell  
The clock pin Inst_DVITransmitter/Inst_TMDSEncoder_blue/q_out_d_reg[9]/C is not reached by a timing clock
Related violations: <none>

TIMING-17#46 Warning
Non-clocked sequential cell  
The clock pin Inst_DVITransmitter/Inst_TMDSEncoder_green/cnt_t_1_reg[1]/C is not reached by a timing clock
Related violations: <none>

TIMING-17#47 Warning
Non-clocked sequential cell  
The clock pin Inst_DVITransmitter/Inst_TMDSEncoder_green/cnt_t_1_reg[2]/C is not reached by a timing clock
Related violations: <none>

TIMING-17#48 Warning
Non-clocked sequential cell  
The clock pin Inst_DVITransmitter/Inst_TMDSEncoder_green/cnt_t_1_reg[3]/C is not reached by a timing clock
Related violations: <none>

TIMING-17#49 Warning
Non-clocked sequential cell  
The clock pin Inst_DVITransmitter/Inst_TMDSEncoder_green/cnt_t_1_reg[4]/C is not reached by a timing clock
Related violations: <none>

TIMING-17#50 Warning
Non-clocked sequential cell  
The clock pin Inst_DVITransmitter/Inst_TMDSEncoder_green/d_d_reg[0]/C is not reached by a timing clock
Related violations: <none>

TIMING-17#51 Warning
Non-clocked sequential cell  
The clock pin Inst_DVITransmitter/Inst_TMDSEncoder_green/d_d_reg[1]/C is not reached by a timing clock
Related violations: <none>

TIMING-17#52 Warning
Non-clocked sequential cell  
The clock pin Inst_DVITransmitter/Inst_TMDSEncoder_green/d_d_reg[2]/C is not reached by a timing clock
Related violations: <none>

TIMING-17#53 Warning
Non-clocked sequential cell  
The clock pin Inst_DVITransmitter/Inst_TMDSEncoder_green/d_d_reg[3]/C is not reached by a timing clock
Related violations: <none>

TIMING-17#54 Warning
Non-clocked sequential cell  
The clock pin Inst_DVITransmitter/Inst_TMDSEncoder_green/d_d_reg[4]/C is not reached by a timing clock
Related violations: <none>

TIMING-17#55 Warning
Non-clocked sequential cell  
The clock pin Inst_DVITransmitter/Inst_TMDSEncoder_green/d_d_reg[5]/C is not reached by a timing clock
Related violations: <none>

TIMING-17#56 Warning
Non-clocked sequential cell  
The clock pin Inst_DVITransmitter/Inst_TMDSEncoder_green/d_d_reg[6]/C is not reached by a timing clock
Related violations: <none>

TIMING-17#57 Warning
Non-clocked sequential cell  
The clock pin Inst_DVITransmitter/Inst_TMDSEncoder_green/d_d_reg[7]/C is not reached by a timing clock
Related violations: <none>

TIMING-17#58 Warning
Non-clocked sequential cell  
The clock pin Inst_DVITransmitter/Inst_TMDSEncoder_green/n0_q_m_reg[1]/C is not reached by a timing clock
Related violations: <none>

TIMING-17#59 Warning
Non-clocked sequential cell  
The clock pin Inst_DVITransmitter/Inst_TMDSEncoder_green/n0_q_m_reg[2]/C is not reached by a timing clock
Related violations: <none>

TIMING-17#60 Warning
Non-clocked sequential cell  
The clock pin Inst_DVITransmitter/Inst_TMDSEncoder_green/n0_q_m_reg[3]/C is not reached by a timing clock
Related violations: <none>

TIMING-17#61 Warning
Non-clocked sequential cell  
The clock pin Inst_DVITransmitter/Inst_TMDSEncoder_green/n1_d_reg[0]/C is not reached by a timing clock
Related violations: <none>

TIMING-17#62 Warning
Non-clocked sequential cell  
The clock pin Inst_DVITransmitter/Inst_TMDSEncoder_green/n1_d_reg[1]/C is not reached by a timing clock
Related violations: <none>

TIMING-17#63 Warning
Non-clocked sequential cell  
The clock pin Inst_DVITransmitter/Inst_TMDSEncoder_green/n1_d_reg[2]/C is not reached by a timing clock
Related violations: <none>

TIMING-17#64 Warning
Non-clocked sequential cell  
The clock pin Inst_DVITransmitter/Inst_TMDSEncoder_green/n1_d_reg[3]/C is not reached by a timing clock
Related violations: <none>

TIMING-17#65 Warning
Non-clocked sequential cell  
The clock pin Inst_DVITransmitter/Inst_TMDSEncoder_green/n1_q_m_reg[1]/C is not reached by a timing clock
Related violations: <none>

TIMING-17#66 Warning
Non-clocked sequential cell  
The clock pin Inst_DVITransmitter/Inst_TMDSEncoder_green/n1_q_m_reg[2]/C is not reached by a timing clock
Related violations: <none>

TIMING-17#67 Warning
Non-clocked sequential cell  
The clock pin Inst_DVITransmitter/Inst_TMDSEncoder_green/n1_q_m_reg[3]/C is not reached by a timing clock
Related violations: <none>

TIMING-17#68 Warning
Non-clocked sequential cell  
The clock pin Inst_DVITransmitter/Inst_TMDSEncoder_green/q_m_d_reg[0]/C is not reached by a timing clock
Related violations: <none>

TIMING-17#69 Warning
Non-clocked sequential cell  
The clock pin Inst_DVITransmitter/Inst_TMDSEncoder_green/q_m_d_reg[1]/C is not reached by a timing clock
Related violations: <none>

TIMING-17#70 Warning
Non-clocked sequential cell  
The clock pin Inst_DVITransmitter/Inst_TMDSEncoder_green/q_m_d_reg[2]/C is not reached by a timing clock
Related violations: <none>

TIMING-17#71 Warning
Non-clocked sequential cell  
The clock pin Inst_DVITransmitter/Inst_TMDSEncoder_green/q_m_d_reg[3]/C is not reached by a timing clock
Related violations: <none>

TIMING-17#72 Warning
Non-clocked sequential cell  
The clock pin Inst_DVITransmitter/Inst_TMDSEncoder_green/q_m_d_reg[4]/C is not reached by a timing clock
Related violations: <none>

TIMING-17#73 Warning
Non-clocked sequential cell  
The clock pin Inst_DVITransmitter/Inst_TMDSEncoder_green/q_m_d_reg[5]/C is not reached by a timing clock
Related violations: <none>

TIMING-17#74 Warning
Non-clocked sequential cell  
The clock pin Inst_DVITransmitter/Inst_TMDSEncoder_green/q_m_d_reg[6]/C is not reached by a timing clock
Related violations: <none>

TIMING-17#75 Warning
Non-clocked sequential cell  
The clock pin Inst_DVITransmitter/Inst_TMDSEncoder_green/q_m_d_reg[7]/C is not reached by a timing clock
Related violations: <none>

TIMING-17#76 Warning
Non-clocked sequential cell  
The clock pin Inst_DVITransmitter/Inst_TMDSEncoder_green/q_m_d_reg[8]/C is not reached by a timing clock
Related violations: <none>

TIMING-17#77 Warning
Non-clocked sequential cell  
The clock pin Inst_DVITransmitter/Inst_TMDSEncoder_green/q_out_d_reg[0]/C is not reached by a timing clock
Related violations: <none>

TIMING-17#78 Warning
Non-clocked sequential cell  
The clock pin Inst_DVITransmitter/Inst_TMDSEncoder_green/q_out_d_reg[1]/C is not reached by a timing clock
Related violations: <none>

TIMING-17#79 Warning
Non-clocked sequential cell  
The clock pin Inst_DVITransmitter/Inst_TMDSEncoder_green/q_out_d_reg[2]/C is not reached by a timing clock
Related violations: <none>

TIMING-17#80 Warning
Non-clocked sequential cell  
The clock pin Inst_DVITransmitter/Inst_TMDSEncoder_green/q_out_d_reg[3]/C is not reached by a timing clock
Related violations: <none>

TIMING-17#81 Warning
Non-clocked sequential cell  
The clock pin Inst_DVITransmitter/Inst_TMDSEncoder_green/q_out_d_reg[4]/C is not reached by a timing clock
Related violations: <none>

TIMING-17#82 Warning
Non-clocked sequential cell  
The clock pin Inst_DVITransmitter/Inst_TMDSEncoder_green/q_out_d_reg[5]/C is not reached by a timing clock
Related violations: <none>

TIMING-17#83 Warning
Non-clocked sequential cell  
The clock pin Inst_DVITransmitter/Inst_TMDSEncoder_green/q_out_d_reg[6]/C is not reached by a timing clock
Related violations: <none>

TIMING-17#84 Warning
Non-clocked sequential cell  
The clock pin Inst_DVITransmitter/Inst_TMDSEncoder_green/q_out_d_reg[7]/C is not reached by a timing clock
Related violations: <none>

TIMING-17#85 Warning
Non-clocked sequential cell  
The clock pin Inst_DVITransmitter/Inst_TMDSEncoder_green/q_out_d_reg[8]/C is not reached by a timing clock
Related violations: <none>

TIMING-17#86 Warning
Non-clocked sequential cell  
The clock pin Inst_DVITransmitter/Inst_TMDSEncoder_green/q_out_d_reg[9]/C is not reached by a timing clock
Related violations: <none>

TIMING-17#87 Warning
Non-clocked sequential cell  
The clock pin Inst_DVITransmitter/Inst_TMDSEncoder_red/cnt_t_1_reg[1]/C is not reached by a timing clock
Related violations: <none>

TIMING-17#88 Warning
Non-clocked sequential cell  
The clock pin Inst_DVITransmitter/Inst_TMDSEncoder_red/cnt_t_1_reg[2]/C is not reached by a timing clock
Related violations: <none>

TIMING-17#89 Warning
Non-clocked sequential cell  
The clock pin Inst_DVITransmitter/Inst_TMDSEncoder_red/cnt_t_1_reg[3]/C is not reached by a timing clock
Related violations: <none>

TIMING-17#90 Warning
Non-clocked sequential cell  
The clock pin Inst_DVITransmitter/Inst_TMDSEncoder_red/cnt_t_1_reg[4]/C is not reached by a timing clock
Related violations: <none>

TIMING-17#91 Warning
Non-clocked sequential cell  
The clock pin Inst_DVITransmitter/Inst_TMDSEncoder_red/d_d_reg[0]/C is not reached by a timing clock
Related violations: <none>

TIMING-17#92 Warning
Non-clocked sequential cell  
The clock pin Inst_DVITransmitter/Inst_TMDSEncoder_red/d_d_reg[1]/C is not reached by a timing clock
Related violations: <none>

TIMING-17#93 Warning
Non-clocked sequential cell  
The clock pin Inst_DVITransmitter/Inst_TMDSEncoder_red/d_d_reg[2]/C is not reached by a timing clock
Related violations: <none>

TIMING-17#94 Warning
Non-clocked sequential cell  
The clock pin Inst_DVITransmitter/Inst_TMDSEncoder_red/d_d_reg[3]/C is not reached by a timing clock
Related violations: <none>

TIMING-17#95 Warning
Non-clocked sequential cell  
The clock pin Inst_DVITransmitter/Inst_TMDSEncoder_red/d_d_reg[4]/C is not reached by a timing clock
Related violations: <none>

TIMING-17#96 Warning
Non-clocked sequential cell  
The clock pin Inst_DVITransmitter/Inst_TMDSEncoder_red/d_d_reg[5]/C is not reached by a timing clock
Related violations: <none>

TIMING-17#97 Warning
Non-clocked sequential cell  
The clock pin Inst_DVITransmitter/Inst_TMDSEncoder_red/d_d_reg[6]/C is not reached by a timing clock
Related violations: <none>

TIMING-17#98 Warning
Non-clocked sequential cell  
The clock pin Inst_DVITransmitter/Inst_TMDSEncoder_red/d_d_reg[7]/C is not reached by a timing clock
Related violations: <none>

TIMING-17#99 Warning
Non-clocked sequential cell  
The clock pin Inst_DVITransmitter/Inst_TMDSEncoder_red/de_d_reg/C is not reached by a timing clock
Related violations: <none>

TIMING-17#100 Warning
Non-clocked sequential cell  
The clock pin Inst_DVITransmitter/Inst_TMDSEncoder_red/de_dd_reg/C is not reached by a timing clock
Related violations: <none>

TIMING-17#101 Warning
Non-clocked sequential cell  
The clock pin Inst_DVITransmitter/Inst_TMDSEncoder_red/n0_q_m_reg[1]/C is not reached by a timing clock
Related violations: <none>

TIMING-17#102 Warning
Non-clocked sequential cell  
The clock pin Inst_DVITransmitter/Inst_TMDSEncoder_red/n0_q_m_reg[2]/C is not reached by a timing clock
Related violations: <none>

TIMING-17#103 Warning
Non-clocked sequential cell  
The clock pin Inst_DVITransmitter/Inst_TMDSEncoder_red/n0_q_m_reg[3]/C is not reached by a timing clock
Related violations: <none>

TIMING-17#104 Warning
Non-clocked sequential cell  
The clock pin Inst_DVITransmitter/Inst_TMDSEncoder_red/n1_d_reg[0]/C is not reached by a timing clock
Related violations: <none>

TIMING-17#105 Warning
Non-clocked sequential cell  
The clock pin Inst_DVITransmitter/Inst_TMDSEncoder_red/n1_d_reg[1]/C is not reached by a timing clock
Related violations: <none>

TIMING-17#106 Warning
Non-clocked sequential cell  
The clock pin Inst_DVITransmitter/Inst_TMDSEncoder_red/n1_d_reg[2]/C is not reached by a timing clock
Related violations: <none>

TIMING-17#107 Warning
Non-clocked sequential cell  
The clock pin Inst_DVITransmitter/Inst_TMDSEncoder_red/n1_d_reg[3]/C is not reached by a timing clock
Related violations: <none>

TIMING-17#108 Warning
Non-clocked sequential cell  
The clock pin Inst_DVITransmitter/Inst_TMDSEncoder_red/n1_q_m_reg[1]/C is not reached by a timing clock
Related violations: <none>

TIMING-17#109 Warning
Non-clocked sequential cell  
The clock pin Inst_DVITransmitter/Inst_TMDSEncoder_red/n1_q_m_reg[2]/C is not reached by a timing clock
Related violations: <none>

TIMING-17#110 Warning
Non-clocked sequential cell  
The clock pin Inst_DVITransmitter/Inst_TMDSEncoder_red/n1_q_m_reg[3]/C is not reached by a timing clock
Related violations: <none>

TIMING-17#111 Warning
Non-clocked sequential cell  
The clock pin Inst_DVITransmitter/Inst_TMDSEncoder_red/q_m_d_reg[0]/C is not reached by a timing clock
Related violations: <none>

TIMING-17#112 Warning
Non-clocked sequential cell  
The clock pin Inst_DVITransmitter/Inst_TMDSEncoder_red/q_m_d_reg[1]/C is not reached by a timing clock
Related violations: <none>

TIMING-17#113 Warning
Non-clocked sequential cell  
The clock pin Inst_DVITransmitter/Inst_TMDSEncoder_red/q_m_d_reg[2]/C is not reached by a timing clock
Related violations: <none>

TIMING-17#114 Warning
Non-clocked sequential cell  
The clock pin Inst_DVITransmitter/Inst_TMDSEncoder_red/q_m_d_reg[3]/C is not reached by a timing clock
Related violations: <none>

TIMING-17#115 Warning
Non-clocked sequential cell  
The clock pin Inst_DVITransmitter/Inst_TMDSEncoder_red/q_m_d_reg[4]/C is not reached by a timing clock
Related violations: <none>

TIMING-17#116 Warning
Non-clocked sequential cell  
The clock pin Inst_DVITransmitter/Inst_TMDSEncoder_red/q_m_d_reg[5]/C is not reached by a timing clock
Related violations: <none>

TIMING-17#117 Warning
Non-clocked sequential cell  
The clock pin Inst_DVITransmitter/Inst_TMDSEncoder_red/q_m_d_reg[6]/C is not reached by a timing clock
Related violations: <none>

TIMING-17#118 Warning
Non-clocked sequential cell  
The clock pin Inst_DVITransmitter/Inst_TMDSEncoder_red/q_m_d_reg[7]/C is not reached by a timing clock
Related violations: <none>

TIMING-17#119 Warning
Non-clocked sequential cell  
The clock pin Inst_DVITransmitter/Inst_TMDSEncoder_red/q_m_d_reg[8]/C is not reached by a timing clock
Related violations: <none>

TIMING-17#120 Warning
Non-clocked sequential cell  
The clock pin Inst_DVITransmitter/Inst_TMDSEncoder_red/q_out_d_reg[0]/C is not reached by a timing clock
Related violations: <none>

TIMING-17#121 Warning
Non-clocked sequential cell  
The clock pin Inst_DVITransmitter/Inst_TMDSEncoder_red/q_out_d_reg[1]/C is not reached by a timing clock
Related violations: <none>

TIMING-17#122 Warning
Non-clocked sequential cell  
The clock pin Inst_DVITransmitter/Inst_TMDSEncoder_red/q_out_d_reg[2]/C is not reached by a timing clock
Related violations: <none>

TIMING-17#123 Warning
Non-clocked sequential cell  
The clock pin Inst_DVITransmitter/Inst_TMDSEncoder_red/q_out_d_reg[3]/C is not reached by a timing clock
Related violations: <none>

TIMING-17#124 Warning
Non-clocked sequential cell  
The clock pin Inst_DVITransmitter/Inst_TMDSEncoder_red/q_out_d_reg[4]/C is not reached by a timing clock
Related violations: <none>

TIMING-17#125 Warning
Non-clocked sequential cell  
The clock pin Inst_DVITransmitter/Inst_TMDSEncoder_red/q_out_d_reg[5]/C is not reached by a timing clock
Related violations: <none>

TIMING-17#126 Warning
Non-clocked sequential cell  
The clock pin Inst_DVITransmitter/Inst_TMDSEncoder_red/q_out_d_reg[6]/C is not reached by a timing clock
Related violations: <none>

TIMING-17#127 Warning
Non-clocked sequential cell  
The clock pin Inst_DVITransmitter/Inst_TMDSEncoder_red/q_out_d_reg[7]/C is not reached by a timing clock
Related violations: <none>

TIMING-17#128 Warning
Non-clocked sequential cell  
The clock pin Inst_DVITransmitter/Inst_TMDSEncoder_red/q_out_d_reg[8]/C is not reached by a timing clock
Related violations: <none>

TIMING-17#129 Warning
Non-clocked sequential cell  
The clock pin Inst_DVITransmitter/Inst_TMDSEncoder_red/q_out_d_reg[9]/C is not reached by a timing clock
Related violations: <none>

TIMING-17#130 Warning
Non-clocked sequential cell  
The clock pin Inst_DVITransmitter/Inst_clk_serializer_10_1/family_7.int_rst_reg/C is not reached by a timing clock
Related violations: <none>

TIMING-17#131 Warning
Non-clocked sequential cell  
The clock pin Inst_DVITransmitter/Inst_clk_serializer_10_1/family_7.oserdese2_master/CLK is not reached by a timing clock
Related violations: <none>

TIMING-17#132 Warning
Non-clocked sequential cell  
The clock pin Inst_DVITransmitter/Inst_clk_serializer_10_1/family_7.oserdese2_master/CLKDIV is not reached by a timing clock
Related violations: <none>

TIMING-17#133 Warning
Non-clocked sequential cell  
The clock pin Inst_DVITransmitter/Inst_clk_serializer_10_1/family_7.oserdese2_slave/CLKDIV is not reached by a timing clock
Related violations: <none>

TIMING-17#134 Warning
Non-clocked sequential cell  
The clock pin Inst_DVITransmitter/Inst_d0_serializer_10_1/family_7.oserdese2_master/CLK is not reached by a timing clock
Related violations: <none>

TIMING-17#135 Warning
Non-clocked sequential cell  
The clock pin Inst_DVITransmitter/Inst_d0_serializer_10_1/family_7.oserdese2_master/CLKDIV is not reached by a timing clock
Related violations: <none>

TIMING-17#136 Warning
Non-clocked sequential cell  
The clock pin Inst_DVITransmitter/Inst_d0_serializer_10_1/family_7.oserdese2_slave/CLKDIV is not reached by a timing clock
Related violations: <none>

TIMING-17#137 Warning
Non-clocked sequential cell  
The clock pin Inst_DVITransmitter/Inst_d1_serializer_10_1/family_7.oserdese2_master/CLK is not reached by a timing clock
Related violations: <none>

TIMING-17#138 Warning
Non-clocked sequential cell  
The clock pin Inst_DVITransmitter/Inst_d1_serializer_10_1/family_7.oserdese2_master/CLKDIV is not reached by a timing clock
Related violations: <none>

TIMING-17#139 Warning
Non-clocked sequential cell  
The clock pin Inst_DVITransmitter/Inst_d1_serializer_10_1/family_7.oserdese2_slave/CLKDIV is not reached by a timing clock
Related violations: <none>

TIMING-17#140 Warning
Non-clocked sequential cell  
The clock pin Inst_DVITransmitter/Inst_d2_serializer_10_1/family_7.oserdese2_master/CLK is not reached by a timing clock
Related violations: <none>

TIMING-17#141 Warning
Non-clocked sequential cell  
The clock pin Inst_DVITransmitter/Inst_d2_serializer_10_1/family_7.oserdese2_master/CLKDIV is not reached by a timing clock
Related violations: <none>

TIMING-17#142 Warning
Non-clocked sequential cell  
The clock pin Inst_DVITransmitter/Inst_d2_serializer_10_1/family_7.oserdese2_slave/CLKDIV is not reached by a timing clock
Related violations: <none>


