Info: Start Nativelink Simulation process
Info: NativeLink has detected a mixed Verilog and VHDL design -- vhdl simulation models will be used

========= EDA Simulation Settings =====================

Sim Mode              :  RTL
Family                :  cycloneive
Quartus root          :  e:/intelfpga/17.0/quartus/bin64/
Quartus sim root      :  e:/intelfpga/17.0/quartus/eda/sim_lib
Simulation Tool       :  modelsim-altera
Simulation Language   :  vhdl
Version               :  93
Simulation Mode       :  GUI
Sim Output File       :  
Sim SDF file          :  
Sim dir               :  simulation\modelsim

=======================================================

Info: Starting NativeLink simulation with ModelSim-Altera software
Sourced NativeLink script e:/intelfpga/17.0/quartus/common/tcl/internal/nativelink/modelsim.tcl
Warning: File oled_run_msim_rtl_vhdl.do already exists - backing up current file as oled_run_msim_rtl_vhdl.do.bak2
Info: Spawning ModelSim-Altera Simulation software 
Info: NativeLink simulation flow was successful
