Assembler report for lcd_spi
Sun Jun 30 02:34:11 2019
Quartus Prime Version 17.0.0 Build 595 04/25/2017 SJ Standard Edition


---------------------
; Table of Contents ;
---------------------
  1. Legal Notice
  2. Assembler Summary
  3. Assembler Settings
  4. Assembler Generated Files
  5. Assembler Device Options: F:/FILE/FPGA/FPGA_Interface/06_Display/12_lcd_spi/lcd_spi.sof
  6. Assembler Device Options: F:/FILE/FPGA/FPGA_Interface/06_Display/12_lcd_spi/lcd_spi.pof
  7. Assembler Messages



----------------
; Legal Notice ;
----------------
Copyright (C) 2017  Intel Corporation. All rights reserved.
Your use of Intel Corporation's design tools, logic functions 
and other software and tools, and its AMPP partner logic 
functions, and any output files from any of the foregoing 
(including device programming or simulation files), and any 
associated documentation or information are expressly subject 
to the terms and conditions of the Intel Program License 
Subscription Agreement, the Intel Quartus Prime License Agreement,
the Intel MegaCore Function License Agreement, or other 
applicable license agreement, including, without limitation, 
that your use is for the sole purpose of programming logic 
devices manufactured by Intel and sold by Intel or its 
authorized distributors.  Please refer to the applicable 
agreement for further details.



+---------------------------------------------------------------+
; Assembler Summary                                             ;
+-----------------------+---------------------------------------+
; Assembler Status      ; Successful - Sun Jun 30 02:34:11 2019 ;
; Revision Name         ; lcd_spi                               ;
; Top-level Entity Name ; lcd_module                            ;
; Family                ; Cyclone IV E                          ;
; Device                ; EP4CE15F17C8                          ;
+-----------------------+---------------------------------------+


+----------------------------------+
; Assembler Settings               ;
+--------+---------+---------------+
; Option ; Setting ; Default Value ;
+--------+---------+---------------+


+---------------------------------------------------------------+
; Assembler Generated Files                                     ;
+---------------------------------------------------------------+
; File Name                                                     ;
+---------------------------------------------------------------+
; F:/FILE/FPGA/FPGA_Interface/06_Display/12_lcd_spi/lcd_spi.sof ;
; F:/FILE/FPGA/FPGA_Interface/06_Display/12_lcd_spi/lcd_spi.pof ;
+---------------------------------------------------------------+


+-----------------------------------------------------------------------------------------+
; Assembler Device Options: F:/FILE/FPGA/FPGA_Interface/06_Display/12_lcd_spi/lcd_spi.sof ;
+----------------+------------------------------------------------------------------------+
; Option         ; Setting                                                                ;
+----------------+------------------------------------------------------------------------+
; JTAG usercode  ; 0x000FC5AB                                                             ;
; Checksum       ; 0x000FC5AB                                                             ;
+----------------+------------------------------------------------------------------------+


+-----------------------------------------------------------------------------------------+
; Assembler Device Options: F:/FILE/FPGA/FPGA_Interface/06_Display/12_lcd_spi/lcd_spi.pof ;
+--------------------+--------------------------------------------------------------------+
; Option             ; Setting                                                            ;
+--------------------+--------------------------------------------------------------------+
; JTAG usercode      ; 0x00000000                                                         ;
; Checksum           ; 0x7D62C1EF                                                         ;
; Compression Ratio  ; 3                                                                  ;
+--------------------+--------------------------------------------------------------------+


+--------------------+
; Assembler Messages ;
+--------------------+
Info: *******************************************************************
Info: Running Quartus Prime Assembler
    Info: Version 17.0.0 Build 595 04/25/2017 SJ Standard Edition
    Info: Processing started: Sun Jun 30 02:34:09 2019
Info: Command: quartus_asm --read_settings_files=off --write_settings_files=off lcd_spi -c lcd_spi
Warning (18236): Number of processors has not been specified which may cause overloading on shared machines.  Set the global assignment NUM_PARALLEL_PROCESSORS in your QSF to an appropriate value for best performance.
Info (115031): Writing out detailed assembly data for power analysis
Info (115030): Assembler is generating device programming files
Info: Quartus Prime Assembler was successful. 0 errors, 1 warning
    Info: Peak virtual memory: 4693 megabytes
    Info: Processing ended: Sun Jun 30 02:34:11 2019
    Info: Elapsed time: 00:00:02
    Info: Total CPU time (on all processors): 00:00:01


