Analysis & Synthesis report for lcd_spi
Sun Jun 30 02:34:03 2019
Quartus Prime Version 17.0.0 Build 595 04/25/2017 SJ Standard Edition


---------------------
; Table of Contents ;
---------------------
  1. Legal Notice
  2. Analysis & Synthesis Summary
  3. Analysis & Synthesis Settings
  4. Parallel Compilation
  5. Analysis & Synthesis Source Files Read
  6. Analysis & Synthesis Resource Usage Summary
  7. Analysis & Synthesis Resource Utilization by Entity
  8. Analysis & Synthesis RAM Summary
  9. Analysis & Synthesis IP Cores Summary
 10. Registers Removed During Synthesis
 11. General Register Statistics
 12. Inverted Register Statistics
 13. Multiplexer Restructuring Statistics (Restructuring Performed)
 14. Source assignments for draw_module:U3|pika_rom_module:U2|altsyncram:altsyncram_component|altsyncram_4jc1:auto_generated
 15. Parameter Settings for User Entity Instance: initial_module:U2|spi_write_module:U2
 16. Parameter Settings for User Entity Instance: draw_module:U3|pika_rom_module:U2|altsyncram:altsyncram_component
 17. Parameter Settings for User Entity Instance: draw_module:U3|spi_write_module:U3
 18. altsyncram Parameter Settings by Entity Instance
 19. Post-Synthesis Netlist Statistics for Top Partition
 20. Elapsed Time Per Partition
 21. Analysis & Synthesis Messages
 22. Analysis & Synthesis Suppressed Messages



----------------
; Legal Notice ;
----------------
Copyright (C) 2017  Intel Corporation. All rights reserved.
Your use of Intel Corporation's design tools, logic functions 
and other software and tools, and its AMPP partner logic 
functions, and any output files from any of the foregoing 
(including device programming or simulation files), and any 
associated documentation or information are expressly subject 
to the terms and conditions of the Intel Program License 
Subscription Agreement, the Intel Quartus Prime License Agreement,
the Intel MegaCore Function License Agreement, or other 
applicable license agreement, including, without limitation, 
that your use is for the sole purpose of programming logic 
devices manufactured by Intel and sold by Intel or its 
authorized distributors.  Please refer to the applicable 
agreement for further details.



+--------------------------------------------------------------------------------------+
; Analysis & Synthesis Summary                                                         ;
+------------------------------------+-------------------------------------------------+
; Analysis & Synthesis Status        ; Successful - Sun Jun 30 02:34:03 2019           ;
; Quartus Prime Version              ; 17.0.0 Build 595 04/25/2017 SJ Standard Edition ;
; Revision Name                      ; lcd_spi                                         ;
; Top-level Entity Name              ; lcd_module                                      ;
; Family                             ; Cyclone IV E                                    ;
; Total logic elements               ; 175                                             ;
;     Total combinational functions  ; 175                                             ;
;     Dedicated logic registers      ; 74                                              ;
; Total registers                    ; 74                                              ;
; Total pins                         ; 6                                               ;
; Total virtual pins                 ; 0                                               ;
; Total memory bits                  ; 8,192                                           ;
; Embedded Multiplier 9-bit elements ; 0                                               ;
; Total PLLs                         ; 0                                               ;
+------------------------------------+-------------------------------------------------+


+----------------------------------------------------------------------------------------------------------------------+
; Analysis & Synthesis Settings                                                                                        ;
+----------------------------------------------------------------------------+--------------------+--------------------+
; Option                                                                     ; Setting            ; Default Value      ;
+----------------------------------------------------------------------------+--------------------+--------------------+
; Device                                                                     ; EP4CE15F17C8       ;                    ;
; Top-level entity name                                                      ; lcd_module         ; lcd_spi            ;
; Family name                                                                ; Cyclone IV E       ; Cyclone V          ;
; Use smart compilation                                                      ; Off                ; Off                ;
; Enable parallel Assembler and TimeQuest Timing Analyzer during compilation ; On                 ; On                 ;
; Enable compact report table                                                ; Off                ; Off                ;
; Restructure Multiplexers                                                   ; Auto               ; Auto               ;
; Create Debugging Nodes for IP Cores                                        ; Off                ; Off                ;
; Preserve fewer node names                                                  ; On                 ; On                 ;
; OpenCore Plus hardware evaluation                                          ; Enable             ; Enable             ;
; Verilog Version                                                            ; Verilog_2001       ; Verilog_2001       ;
; VHDL Version                                                               ; VHDL_1993          ; VHDL_1993          ;
; State Machine Processing                                                   ; Auto               ; Auto               ;
; Safe State Machine                                                         ; Off                ; Off                ;
; Extract Verilog State Machines                                             ; On                 ; On                 ;
; Extract VHDL State Machines                                                ; On                 ; On                 ;
; Ignore Verilog initial constructs                                          ; Off                ; Off                ;
; Iteration limit for constant Verilog loops                                 ; 5000               ; 5000               ;
; Iteration limit for non-constant Verilog loops                             ; 250                ; 250                ;
; Add Pass-Through Logic to Inferred RAMs                                    ; On                 ; On                 ;
; Infer RAMs from Raw Logic                                                  ; On                 ; On                 ;
; Parallel Synthesis                                                         ; On                 ; On                 ;
; DSP Block Balancing                                                        ; Auto               ; Auto               ;
; NOT Gate Push-Back                                                         ; On                 ; On                 ;
; Power-Up Don't Care                                                        ; On                 ; On                 ;
; Remove Redundant Logic Cells                                               ; Off                ; Off                ;
; Remove Duplicate Registers                                                 ; On                 ; On                 ;
; Ignore CARRY Buffers                                                       ; Off                ; Off                ;
; Ignore CASCADE Buffers                                                     ; Off                ; Off                ;
; Ignore GLOBAL Buffers                                                      ; Off                ; Off                ;
; Ignore ROW GLOBAL Buffers                                                  ; Off                ; Off                ;
; Ignore LCELL Buffers                                                       ; Off                ; Off                ;
; Ignore SOFT Buffers                                                        ; On                 ; On                 ;
; Limit AHDL Integers to 32 Bits                                             ; Off                ; Off                ;
; Optimization Technique                                                     ; Balanced           ; Balanced           ;
; Carry Chain Length                                                         ; 70                 ; 70                 ;
; Auto Carry Chains                                                          ; On                 ; On                 ;
; Auto Open-Drain Pins                                                       ; On                 ; On                 ;
; Perform WYSIWYG Primitive Resynthesis                                      ; Off                ; Off                ;
; Auto ROM Replacement                                                       ; On                 ; On                 ;
; Auto RAM Replacement                                                       ; On                 ; On                 ;
; Auto DSP Block Replacement                                                 ; On                 ; On                 ;
; Auto Shift Register Replacement                                            ; Auto               ; Auto               ;
; Allow Shift Register Merging across Hierarchies                            ; Auto               ; Auto               ;
; Auto Clock Enable Replacement                                              ; On                 ; On                 ;
; Strict RAM Replacement                                                     ; Off                ; Off                ;
; Allow Synchronous Control Signals                                          ; On                 ; On                 ;
; Force Use of Synchronous Clear Signals                                     ; Off                ; Off                ;
; Auto RAM Block Balancing                                                   ; On                 ; On                 ;
; Auto RAM to Logic Cell Conversion                                          ; Off                ; Off                ;
; Auto Resource Sharing                                                      ; Off                ; Off                ;
; Allow Any RAM Size For Recognition                                         ; Off                ; Off                ;
; Allow Any ROM Size For Recognition                                         ; Off                ; Off                ;
; Allow Any Shift Register Size For Recognition                              ; Off                ; Off                ;
; Use LogicLock Constraints during Resource Balancing                        ; On                 ; On                 ;
; Ignore translate_off and synthesis_off directives                          ; Off                ; Off                ;
; Timing-Driven Synthesis                                                    ; On                 ; On                 ;
; Report Parameter Settings                                                  ; On                 ; On                 ;
; Report Source Assignments                                                  ; On                 ; On                 ;
; Report Connectivity Checks                                                 ; On                 ; On                 ;
; Ignore Maximum Fan-Out Assignments                                         ; Off                ; Off                ;
; Synchronization Register Chain Length                                      ; 2                  ; 2                  ;
; PowerPlay Power Optimization During Synthesis                              ; Normal compilation ; Normal compilation ;
; HDL message level                                                          ; Level2             ; Level2             ;
; Suppress Register Optimization Related Messages                            ; Off                ; Off                ;
; Number of Removed Registers Reported in Synthesis Report                   ; 5000               ; 5000               ;
; Number of Swept Nodes Reported in Synthesis Report                         ; 5000               ; 5000               ;
; Number of Inverted Registers Reported in Synthesis Report                  ; 100                ; 100                ;
; Clock MUX Protection                                                       ; On                 ; On                 ;
; Auto Gated Clock Conversion                                                ; Off                ; Off                ;
; Block Design Naming                                                        ; Auto               ; Auto               ;
; SDC constraint protection                                                  ; Off                ; Off                ;
; Synthesis Effort                                                           ; Auto               ; Auto               ;
; Shift Register Replacement - Allow Asynchronous Clear Signal               ; On                 ; On                 ;
; Pre-Mapping Resynthesis Optimization                                       ; Off                ; Off                ;
; Analysis & Synthesis Message Level                                         ; Medium             ; Medium             ;
; Disable Register Merging Across Hierarchies                                ; Auto               ; Auto               ;
; Resource Aware Inference For Block RAM                                     ; On                 ; On                 ;
+----------------------------------------------------------------------------+--------------------+--------------------+


+------------------------------------------+
; Parallel Compilation                     ;
+----------------------------+-------------+
; Processors                 ; Number      ;
+----------------------------+-------------+
; Number detected on machine ; 12          ;
; Maximum allowed            ; 6           ;
;                            ;             ;
; Average used               ; 1.00        ;
; Maximum used               ; 6           ;
;                            ;             ;
; Usage by Processor         ; % Time Used ;
;     Processor 1            ; 100.0%      ;
;     Processors 2-6         ;   0.0%      ;
+----------------------------+-------------+


+-------------------------------------------------------------------------------------------------------------------------------------------------------------------------------------------+
; Analysis & Synthesis Source Files Read                                                                                                                                                    ;
+----------------------------------+-----------------+----------------------------------------+-----------------------------------------------------------------------------------+---------+
; File Name with User-Entered Path ; Used in Netlist ; File Type                              ; File Name with Absolute Path                                                      ; Library ;
+----------------------------------+-----------------+----------------------------------------+-----------------------------------------------------------------------------------+---------+
; source/draw_control_module.v     ; yes             ; User Verilog HDL File                  ; F:/FILE/FPGA/FPGA_Interface/06_Display/12_lcd_spi/source/draw_control_module.v    ;         ;
; source/initial_control_module.v  ; yes             ; User Verilog HDL File                  ; F:/FILE/FPGA/FPGA_Interface/06_Display/12_lcd_spi/source/initial_control_module.v ;         ;
; source/spi_write_module.v        ; yes             ; User Verilog HDL File                  ; F:/FILE/FPGA/FPGA_Interface/06_Display/12_lcd_spi/source/spi_write_module.v       ;         ;
; source/lcd_module.v              ; yes             ; User Verilog HDL File                  ; F:/FILE/FPGA/FPGA_Interface/06_Display/12_lcd_spi/source/lcd_module.v             ;         ;
; source/lcd_control_module.v      ; yes             ; User Verilog HDL File                  ; F:/FILE/FPGA/FPGA_Interface/06_Display/12_lcd_spi/source/lcd_control_module.v     ;         ;
; source/initial_module.v          ; yes             ; User Verilog HDL File                  ; F:/FILE/FPGA/FPGA_Interface/06_Display/12_lcd_spi/source/initial_module.v         ;         ;
; source/draw_module.v             ; yes             ; User Verilog HDL File                  ; F:/FILE/FPGA/FPGA_Interface/06_Display/12_lcd_spi/source/draw_module.v            ;         ;
; source/pika_rom_module.v         ; yes             ; User Wizard-Generated File             ; F:/FILE/FPGA/FPGA_Interface/06_Display/12_lcd_spi/source/pika_rom_module.v        ;         ;
; altsyncram.tdf                   ; yes             ; Megafunction                           ; e:/intelfpga/17.0/quartus/libraries/megafunctions/altsyncram.tdf                  ;         ;
; stratix_ram_block.inc            ; yes             ; Megafunction                           ; e:/intelfpga/17.0/quartus/libraries/megafunctions/stratix_ram_block.inc           ;         ;
; lpm_mux.inc                      ; yes             ; Megafunction                           ; e:/intelfpga/17.0/quartus/libraries/megafunctions/lpm_mux.inc                     ;         ;
; lpm_decode.inc                   ; yes             ; Megafunction                           ; e:/intelfpga/17.0/quartus/libraries/megafunctions/lpm_decode.inc                  ;         ;
; aglobal170.inc                   ; yes             ; Megafunction                           ; e:/intelfpga/17.0/quartus/libraries/megafunctions/aglobal170.inc                  ;         ;
; a_rdenreg.inc                    ; yes             ; Megafunction                           ; e:/intelfpga/17.0/quartus/libraries/megafunctions/a_rdenreg.inc                   ;         ;
; altrom.inc                       ; yes             ; Megafunction                           ; e:/intelfpga/17.0/quartus/libraries/megafunctions/altrom.inc                      ;         ;
; altram.inc                       ; yes             ; Megafunction                           ; e:/intelfpga/17.0/quartus/libraries/megafunctions/altram.inc                      ;         ;
; altdpram.inc                     ; yes             ; Megafunction                           ; e:/intelfpga/17.0/quartus/libraries/megafunctions/altdpram.inc                    ;         ;
; db/altsyncram_4jc1.tdf           ; yes             ; Auto-Generated Megafunction            ; F:/FILE/FPGA/FPGA_Interface/06_Display/12_lcd_spi/db/altsyncram_4jc1.tdf          ;         ;
; source/pika_face_12864.mif       ; yes             ; Auto-Found Memory Initialization File  ; F:/FILE/FPGA/FPGA_Interface/06_Display/12_lcd_spi/source/pika_face_12864.mif      ;         ;
+----------------------------------+-----------------+----------------------------------------+-----------------------------------------------------------------------------------+---------+


+---------------------------------------------------------+
; Analysis & Synthesis Resource Usage Summary             ;
+---------------------------------------------+-----------+
; Resource                                    ; Usage     ;
+---------------------------------------------+-----------+
; Estimated Total logic elements              ; 175       ;
;                                             ;           ;
; Total combinational functions               ; 175       ;
; Logic element usage by number of LUT inputs ;           ;
;     -- 4 input functions                    ; 89        ;
;     -- 3 input functions                    ; 41        ;
;     -- <=2 input functions                  ; 45        ;
;                                             ;           ;
; Logic elements by mode                      ;           ;
;     -- normal mode                          ; 147       ;
;     -- arithmetic mode                      ; 28        ;
;                                             ;           ;
; Total registers                             ; 74        ;
;     -- Dedicated logic registers            ; 74        ;
;     -- I/O registers                        ; 0         ;
;                                             ;           ;
; I/O pins                                    ; 6         ;
; Total memory bits                           ; 8192      ;
;                                             ;           ;
; Embedded Multiplier 9-bit elements          ; 0         ;
;                                             ;           ;
; Maximum fan-out node                        ; CLK~input ;
; Maximum fan-out                             ; 82        ;
; Total fan-out                               ; 949       ;
; Average fan-out                             ; 3.53      ;
+---------------------------------------------+-----------+


+--------------------------------------------------------------------------------------------------------------------------------------------------------------------------------------------------------------------------------------------------------------------------------------------------------------------------------+
; Analysis & Synthesis Resource Utilization by Entity                                                                                                                                                                                                                                                                            ;
+----------------------------------------------+---------------------+---------------------------+-------------+--------------+---------+-----------+------+--------------+--------------------------------------------------------------------------------------------------------------+------------------------+--------------+
; Compilation Hierarchy Node                   ; Combinational ALUTs ; Dedicated Logic Registers ; Memory Bits ; DSP Elements ; DSP 9x9 ; DSP 18x18 ; Pins ; Virtual Pins ; Full Hierarchy Name                                                                                          ; Entity Name            ; Library Name ;
+----------------------------------------------+---------------------+---------------------------+-------------+--------------+---------+-----------+------+--------------+--------------------------------------------------------------------------------------------------------------+------------------------+--------------+
; |lcd_module                                  ; 175 (4)             ; 74 (0)                    ; 8192        ; 0            ; 0       ; 0         ; 6    ; 0            ; |lcd_module                                                                                                  ; lcd_module             ; work         ;
;    |draw_module:U3|                          ; 101 (0)             ; 43 (0)                    ; 8192        ; 0            ; 0       ; 0         ; 0    ; 0            ; |lcd_module|draw_module:U3                                                                                   ; draw_module            ; work         ;
;       |draw_control_module:U1|               ; 71 (71)             ; 30 (30)                   ; 0           ; 0            ; 0       ; 0         ; 0    ; 0            ; |lcd_module|draw_module:U3|draw_control_module:U1                                                            ; draw_control_module    ; work         ;
;       |pika_rom_module:U2|                   ; 0 (0)               ; 0 (0)                     ; 8192        ; 0            ; 0       ; 0         ; 0    ; 0            ; |lcd_module|draw_module:U3|pika_rom_module:U2                                                                ; pika_rom_module        ; work         ;
;          |altsyncram:altsyncram_component|   ; 0 (0)               ; 0 (0)                     ; 8192        ; 0            ; 0       ; 0         ; 0    ; 0            ; |lcd_module|draw_module:U3|pika_rom_module:U2|altsyncram:altsyncram_component                                ; altsyncram             ; work         ;
;             |altsyncram_4jc1:auto_generated| ; 0 (0)               ; 0 (0)                     ; 8192        ; 0            ; 0       ; 0         ; 0    ; 0            ; |lcd_module|draw_module:U3|pika_rom_module:U2|altsyncram:altsyncram_component|altsyncram_4jc1:auto_generated ; altsyncram_4jc1        ; work         ;
;       |spi_write_module:U3|                  ; 30 (30)             ; 13 (13)                   ; 0           ; 0            ; 0       ; 0         ; 0    ; 0            ; |lcd_module|draw_module:U3|spi_write_module:U3                                                               ; spi_write_module       ; work         ;
;    |initial_module:U2|                       ; 66 (0)              ; 27 (0)                    ; 0           ; 0            ; 0       ; 0         ; 0    ; 0            ; |lcd_module|initial_module:U2                                                                                ; initial_module         ; work         ;
;       |initial_control_module:U1|            ; 36 (36)             ; 14 (14)                   ; 0           ; 0            ; 0       ; 0         ; 0    ; 0            ; |lcd_module|initial_module:U2|initial_control_module:U1                                                      ; initial_control_module ; work         ;
;       |spi_write_module:U2|                  ; 30 (30)             ; 13 (13)                   ; 0           ; 0            ; 0       ; 0         ; 0    ; 0            ; |lcd_module|initial_module:U2|spi_write_module:U2                                                            ; spi_write_module       ; work         ;
;    |lcd_control_module:U1|                   ; 4 (4)               ; 4 (4)                     ; 0           ; 0            ; 0       ; 0         ; 0    ; 0            ; |lcd_module|lcd_control_module:U1                                                                            ; lcd_control_module     ; work         ;
+----------------------------------------------+---------------------+---------------------------+-------------+--------------+---------+-----------+------+--------------+--------------------------------------------------------------------------------------------------------------+------------------------+--------------+
Note: For table entries with two numbers listed, the numbers in parentheses indicate the number of resources of the given type used by the specific entity alone. The numbers listed outside of parentheses indicate the total resources of the given type used by the specific entity and all of its sub-entities in the hierarchy.


+-----------------------------------------------------------------------------------------------------------------------------------------------------------------------------------------------------------------------------+
; Analysis & Synthesis RAM Summary                                                                                                                                                                                            ;
+-------------------------------------------------------------------------------------------------------------+------+------+--------------+--------------+--------------+--------------+------+------------------------------+
; Name                                                                                                        ; Type ; Mode ; Port A Depth ; Port A Width ; Port B Depth ; Port B Width ; Size ; MIF                          ;
+-------------------------------------------------------------------------------------------------------------+------+------+--------------+--------------+--------------+--------------+------+------------------------------+
; draw_module:U3|pika_rom_module:U2|altsyncram:altsyncram_component|altsyncram_4jc1:auto_generated|ALTSYNCRAM ; M9K  ; ROM  ; 1024         ; 8            ; --           ; --           ; 8192 ; ./source/pika_face_12864.mif ;
+-------------------------------------------------------------------------------------------------------------+------+------+--------------+--------------+--------------+--------------+------+------------------------------+


+------------------------------------------------------------------------------------------------------------------------------------------+
; Analysis & Synthesis IP Cores Summary                                                                                                    ;
+--------+--------------+---------+--------------+--------------+-----------------------------------------------+--------------------------+
; Vendor ; IP Core Name ; Version ; Release Date ; License Type ; Entity Instance                               ; IP Include File          ;
+--------+--------------+---------+--------------+--------------+-----------------------------------------------+--------------------------+
; Altera ; ROM: 1-PORT  ; 17.0    ; N/A          ; N/A          ; |lcd_module|draw_module:U3|pika_rom_module:U2 ; source/pika_rom_module.v ;
+--------+--------------+---------+--------------+--------------+-----------------------------------------------+--------------------------+


+-------------------------------------------------------------------------------------------------------------------------+
; Registers Removed During Synthesis                                                                                      ;
+------------------------------------------------------+------------------------------------------------------------------+
; Register name                                        ; Reason for Removal                                               ;
+------------------------------------------------------+------------------------------------------------------------------+
; initial_module:U2|initial_control_module:U1|rData[9] ; Merged with initial_module:U2|initial_control_module:U1|rData[8] ;
; lcd_control_module:U1|i[3]                           ; Merged with lcd_control_module:U1|i[2]                           ;
; lcd_control_module:U1|i[2]                           ; Stuck at GND due to stuck port clock_enable                      ;
; initial_module:U2|initial_control_module:U1|rData[4] ; Stuck at GND due to stuck port data_in                           ;
; Total Number of Removed Registers = 4                ;                                                                  ;
+------------------------------------------------------+------------------------------------------------------------------+


+------------------------------------------------------+
; General Register Statistics                          ;
+----------------------------------------------+-------+
; Statistic                                    ; Value ;
+----------------------------------------------+-------+
; Total registers                              ; 74    ;
; Number of registers using Synchronous Clear  ; 21    ;
; Number of registers using Synchronous Load   ; 2     ;
; Number of registers using Asynchronous Clear ; 74    ;
; Number of registers using Asynchronous Load  ; 0     ;
; Number of registers using Clock Enable       ; 41    ;
; Number of registers using Preset             ; 0     ;
+----------------------------------------------+-------+


+----------------------------------------------------------------+
; Inverted Register Statistics                                   ;
+------------------------------------------------------+---------+
; Inverted Register                                    ; Fan out ;
+------------------------------------------------------+---------+
; draw_module:U3|spi_write_module:U3|rCLK              ; 2       ;
; initial_module:U2|spi_write_module:U2|rCLK           ; 2       ;
; draw_module:U3|draw_control_module:U1|rData[8]       ; 2       ;
; initial_module:U2|initial_control_module:U1|rData[8] ; 3       ;
; draw_module:U3|draw_control_module:U1|rData[9]       ; 3       ;
; initial_module:U2|initial_control_module:U1|rData[1] ; 2       ;
; initial_module:U2|initial_control_module:U1|rData[2] ; 2       ;
; initial_module:U2|initial_control_module:U1|rData[3] ; 2       ;
; initial_module:U2|initial_control_module:U1|rData[0] ; 2       ;
; initial_module:U2|initial_control_module:U1|rData[5] ; 2       ;
; Total number of inverted registers = 10              ;         ;
+------------------------------------------------------+---------+


+---------------------------------------------------------------------------------------------------------------------------------------------------------------------------+
; Multiplexer Restructuring Statistics (Restructuring Performed)                                                                                                            ;
+--------------------+-----------+---------------+----------------------+------------------------+------------+-------------------------------------------------------------+
; Multiplexer Inputs ; Bus Width ; Baseline Area ; Area if Restructured ; Saving if Restructured ; Registered ; Example Multiplexer Output                                  ;
+--------------------+-----------+---------------+----------------------+------------------------+------------+-------------------------------------------------------------+
; 3:1                ; 5 bits    ; 10 LEs        ; 5 LEs                ; 5 LEs                  ; Yes        ; |lcd_module|draw_module:U3|spi_write_module:U3|Count1[3]    ;
; 3:1                ; 5 bits    ; 10 LEs        ; 5 LEs                ; 5 LEs                  ; Yes        ; |lcd_module|initial_module:U2|spi_write_module:U2|Count1[2] ;
; 10:1               ; 3 bits    ; 18 LEs        ; 15 LEs               ; 3 LEs                  ; Yes        ; |lcd_module|lcd_control_module:U1|i[2]                      ;
; 18:1               ; 2 bits    ; 24 LEs        ; 12 LEs               ; 12 LEs                 ; Yes        ; |lcd_module|draw_module:U3|spi_write_module:U3|i[4]         ;
; 18:1               ; 2 bits    ; 24 LEs        ; 12 LEs               ; 12 LEs                 ; Yes        ; |lcd_module|initial_module:U2|spi_write_module:U2|i[0]      ;
; 58:1               ; 4 bits    ; 152 LEs       ; 4 LEs                ; 148 LEs                ; Yes        ; |lcd_module|draw_module:U3|draw_control_module:U1|y[0]      ;
; 36:1               ; 2 bits    ; 48 LEs        ; 14 LEs               ; 34 LEs                 ; Yes        ; |lcd_module|draw_module:U3|draw_control_module:U1|i[0]      ;
; 38:1               ; 2 bits    ; 50 LEs        ; 4 LEs                ; 46 LEs                 ; Yes        ; |lcd_module|draw_module:U3|draw_control_module:U1|rData[5]  ;
; 38:1               ; 4 bits    ; 100 LEs       ; 8 LEs                ; 92 LEs                 ; Yes        ; |lcd_module|draw_module:U3|draw_control_module:U1|rData[3]  ;
+--------------------+-----------+---------------+----------------------+------------------------+------------+-------------------------------------------------------------+


+-------------------------------------------------------------------------------------------------------------------------+
; Source assignments for draw_module:U3|pika_rom_module:U2|altsyncram:altsyncram_component|altsyncram_4jc1:auto_generated ;
+---------------------------------+--------------------+------+-----------------------------------------------------------+
; Assignment                      ; Value              ; From ; To                                                        ;
+---------------------------------+--------------------+------+-----------------------------------------------------------+
; OPTIMIZE_POWER_DURING_SYNTHESIS ; NORMAL_COMPILATION ; -    ; -                                                         ;
+---------------------------------+--------------------+------+-----------------------------------------------------------+


+------------------------------------------------------------------------------------+
; Parameter Settings for User Entity Instance: initial_module:U2|spi_write_module:U2 ;
+----------------+-------+-----------------------------------------------------------+
; Parameter Name ; Value ; Type                                                      ;
+----------------+-------+-----------------------------------------------------------+
; T0P5US         ; 11000 ; Unsigned Binary                                           ;
+----------------+-------+-----------------------------------------------------------+
Note: In order to hide this table in the UI and the text report file, please set the "Show Parameter Settings in Synthesis Report" option in "Analysis and Synthesis Settings -> More Settings" to "Off".


+----------------------------------------------------------------------------------------------------------------+
; Parameter Settings for User Entity Instance: draw_module:U3|pika_rom_module:U2|altsyncram:altsyncram_component ;
+------------------------------------+------------------------------+--------------------------------------------+
; Parameter Name                     ; Value                        ; Type                                       ;
+------------------------------------+------------------------------+--------------------------------------------+
; BYTE_SIZE_BLOCK                    ; 8                            ; Untyped                                    ;
; AUTO_CARRY_CHAINS                  ; ON                           ; AUTO_CARRY                                 ;
; IGNORE_CARRY_BUFFERS               ; OFF                          ; IGNORE_CARRY                               ;
; AUTO_CASCADE_CHAINS                ; ON                           ; AUTO_CASCADE                               ;
; IGNORE_CASCADE_BUFFERS             ; OFF                          ; IGNORE_CASCADE                             ;
; WIDTH_BYTEENA                      ; 1                            ; Untyped                                    ;
; OPERATION_MODE                     ; ROM                          ; Untyped                                    ;
; WIDTH_A                            ; 8                            ; Signed Integer                             ;
; WIDTHAD_A                          ; 10                           ; Signed Integer                             ;
; NUMWORDS_A                         ; 1024                         ; Signed Integer                             ;
; OUTDATA_REG_A                      ; CLOCK0                       ; Untyped                                    ;
; ADDRESS_ACLR_A                     ; NONE                         ; Untyped                                    ;
; OUTDATA_ACLR_A                     ; NONE                         ; Untyped                                    ;
; WRCONTROL_ACLR_A                   ; NONE                         ; Untyped                                    ;
; INDATA_ACLR_A                      ; NONE                         ; Untyped                                    ;
; BYTEENA_ACLR_A                     ; NONE                         ; Untyped                                    ;
; WIDTH_B                            ; 1                            ; Untyped                                    ;
; WIDTHAD_B                          ; 1                            ; Untyped                                    ;
; NUMWORDS_B                         ; 1                            ; Untyped                                    ;
; INDATA_REG_B                       ; CLOCK1                       ; Untyped                                    ;
; WRCONTROL_WRADDRESS_REG_B          ; CLOCK1                       ; Untyped                                    ;
; RDCONTROL_REG_B                    ; CLOCK1                       ; Untyped                                    ;
; ADDRESS_REG_B                      ; CLOCK1                       ; Untyped                                    ;
; OUTDATA_REG_B                      ; UNREGISTERED                 ; Untyped                                    ;
; BYTEENA_REG_B                      ; CLOCK1                       ; Untyped                                    ;
; INDATA_ACLR_B                      ; NONE                         ; Untyped                                    ;
; WRCONTROL_ACLR_B                   ; NONE                         ; Untyped                                    ;
; ADDRESS_ACLR_B                     ; NONE                         ; Untyped                                    ;
; OUTDATA_ACLR_B                     ; NONE                         ; Untyped                                    ;
; RDCONTROL_ACLR_B                   ; NONE                         ; Untyped                                    ;
; BYTEENA_ACLR_B                     ; NONE                         ; Untyped                                    ;
; WIDTH_BYTEENA_A                    ; 1                            ; Signed Integer                             ;
; WIDTH_BYTEENA_B                    ; 1                            ; Untyped                                    ;
; RAM_BLOCK_TYPE                     ; M9K                          ; Untyped                                    ;
; BYTE_SIZE                          ; 8                            ; Untyped                                    ;
; READ_DURING_WRITE_MODE_MIXED_PORTS ; DONT_CARE                    ; Untyped                                    ;
; READ_DURING_WRITE_MODE_PORT_A      ; NEW_DATA_NO_NBE_READ         ; Untyped                                    ;
; READ_DURING_WRITE_MODE_PORT_B      ; NEW_DATA_NO_NBE_READ         ; Untyped                                    ;
; INIT_FILE                          ; ./source/pika_face_12864.mif ; Untyped                                    ;
; INIT_FILE_LAYOUT                   ; PORT_A                       ; Untyped                                    ;
; MAXIMUM_DEPTH                      ; 0                            ; Untyped                                    ;
; CLOCK_ENABLE_INPUT_A               ; BYPASS                       ; Untyped                                    ;
; CLOCK_ENABLE_INPUT_B               ; NORMAL                       ; Untyped                                    ;
; CLOCK_ENABLE_OUTPUT_A              ; BYPASS                       ; Untyped                                    ;
; CLOCK_ENABLE_OUTPUT_B              ; NORMAL                       ; Untyped                                    ;
; CLOCK_ENABLE_CORE_A                ; USE_INPUT_CLKEN              ; Untyped                                    ;
; CLOCK_ENABLE_CORE_B                ; USE_INPUT_CLKEN              ; Untyped                                    ;
; ENABLE_ECC                         ; FALSE                        ; Untyped                                    ;
; ECC_PIPELINE_STAGE_ENABLED         ; FALSE                        ; Untyped                                    ;
; WIDTH_ECCSTATUS                    ; 3                            ; Untyped                                    ;
; DEVICE_FAMILY                      ; Cyclone IV E                 ; Untyped                                    ;
; CBXI_PARAMETER                     ; altsyncram_4jc1              ; Untyped                                    ;
+------------------------------------+------------------------------+--------------------------------------------+
Note: In order to hide this table in the UI and the text report file, please set the "Show Parameter Settings in Synthesis Report" option in "Analysis and Synthesis Settings -> More Settings" to "Off".


+---------------------------------------------------------------------------------+
; Parameter Settings for User Entity Instance: draw_module:U3|spi_write_module:U3 ;
+----------------+-------+--------------------------------------------------------+
; Parameter Name ; Value ; Type                                                   ;
+----------------+-------+--------------------------------------------------------+
; T0P5US         ; 11000 ; Unsigned Binary                                        ;
+----------------+-------+--------------------------------------------------------+
Note: In order to hide this table in the UI and the text report file, please set the "Show Parameter Settings in Synthesis Report" option in "Analysis and Synthesis Settings -> More Settings" to "Off".


+---------------------------------------------------------------------------------------------------------------+
; altsyncram Parameter Settings by Entity Instance                                                              ;
+-------------------------------------------+-------------------------------------------------------------------+
; Name                                      ; Value                                                             ;
+-------------------------------------------+-------------------------------------------------------------------+
; Number of entity instances                ; 1                                                                 ;
; Entity Instance                           ; draw_module:U3|pika_rom_module:U2|altsyncram:altsyncram_component ;
;     -- OPERATION_MODE                     ; ROM                                                               ;
;     -- WIDTH_A                            ; 8                                                                 ;
;     -- NUMWORDS_A                         ; 1024                                                              ;
;     -- OUTDATA_REG_A                      ; CLOCK0                                                            ;
;     -- WIDTH_B                            ; 1                                                                 ;
;     -- NUMWORDS_B                         ; 1                                                                 ;
;     -- ADDRESS_REG_B                      ; CLOCK1                                                            ;
;     -- OUTDATA_REG_B                      ; UNREGISTERED                                                      ;
;     -- RAM_BLOCK_TYPE                     ; M9K                                                               ;
;     -- READ_DURING_WRITE_MODE_MIXED_PORTS ; DONT_CARE                                                         ;
+-------------------------------------------+-------------------------------------------------------------------+


+-----------------------------------------------------+
; Post-Synthesis Netlist Statistics for Top Partition ;
+-----------------------+-----------------------------+
; Type                  ; Count                       ;
+-----------------------+-----------------------------+
; boundary_port         ; 6                           ;
; cycloneiii_ff         ; 74                          ;
;     CLR               ; 23                          ;
;     CLR SCLR          ; 10                          ;
;     ENA CLR           ; 28                          ;
;     ENA CLR SCLR      ; 11                          ;
;     ENA CLR SLD       ; 2                           ;
; cycloneiii_lcell_comb ; 175                         ;
;     arith             ; 28                          ;
;         2 data inputs ; 27                          ;
;         3 data inputs ; 1                           ;
;     normal            ; 147                         ;
;         1 data inputs ; 6                           ;
;         2 data inputs ; 12                          ;
;         3 data inputs ; 40                          ;
;         4 data inputs ; 89                          ;
; cycloneiii_ram_block  ; 8                           ;
;                       ;                             ;
; Max LUT depth         ; 4.00                        ;
; Average LUT depth     ; 2.57                        ;
+-----------------------+-----------------------------+


+-------------------------------+
; Elapsed Time Per Partition    ;
+----------------+--------------+
; Partition Name ; Elapsed Time ;
+----------------+--------------+
; Top            ; 00:00:00     ;
+----------------+--------------+


+-------------------------------+
; Analysis & Synthesis Messages ;
+-------------------------------+
Info: *******************************************************************
Info: Running Quartus Prime Analysis & Synthesis
    Info: Version 17.0.0 Build 595 04/25/2017 SJ Standard Edition
    Info: Processing started: Sun Jun 30 02:33:54 2019
Info: Command: quartus_map --read_settings_files=on --write_settings_files=off lcd_spi -c lcd_spi
Warning (18236): Number of processors has not been specified which may cause overloading on shared machines.  Set the global assignment NUM_PARALLEL_PROCESSORS in your QSF to an appropriate value for best performance.
Info (20030): Parallel compilation is enabled and will use 6 of the 6 processors detected
Info (12021): Found 1 design units, including 1 entities, in source file source/draw_control_module.v
    Info (12023): Found entity 1: draw_control_module File: F:/FILE/FPGA/FPGA_Interface/06_Display/12_lcd_spi/source/draw_control_module.v Line: 1
Info (12021): Found 1 design units, including 1 entities, in source file source/initial_control_module.v
    Info (12023): Found entity 1: initial_control_module File: F:/FILE/FPGA/FPGA_Interface/06_Display/12_lcd_spi/source/initial_control_module.v Line: 1
Info (12021): Found 1 design units, including 1 entities, in source file source/spi_write_module.v
    Info (12023): Found entity 1: spi_write_module File: F:/FILE/FPGA/FPGA_Interface/06_Display/12_lcd_spi/source/spi_write_module.v Line: 1
Info (12021): Found 1 design units, including 1 entities, in source file source/lcd_module.v
    Info (12023): Found entity 1: lcd_module File: F:/FILE/FPGA/FPGA_Interface/06_Display/12_lcd_spi/source/lcd_module.v Line: 1
Info (12021): Found 1 design units, including 1 entities, in source file source/lcd_control_module.v
    Info (12023): Found entity 1: lcd_control_module File: F:/FILE/FPGA/FPGA_Interface/06_Display/12_lcd_spi/source/lcd_control_module.v Line: 1
Info (12021): Found 1 design units, including 1 entities, in source file source/initial_module.v
    Info (12023): Found entity 1: initial_module File: F:/FILE/FPGA/FPGA_Interface/06_Display/12_lcd_spi/source/initial_module.v Line: 1
Info (12021): Found 1 design units, including 1 entities, in source file source/draw_module.v
    Info (12023): Found entity 1: draw_module File: F:/FILE/FPGA/FPGA_Interface/06_Display/12_lcd_spi/source/draw_module.v Line: 1
Info (12021): Found 1 design units, including 1 entities, in source file source/pika_rom_module.v
    Info (12023): Found entity 1: pika_rom_module File: F:/FILE/FPGA/FPGA_Interface/06_Display/12_lcd_spi/source/pika_rom_module.v Line: 40
Info (12127): Elaborating entity "lcd_module" for the top level hierarchy
Info (12128): Elaborating entity "lcd_control_module" for hierarchy "lcd_control_module:U1" File: F:/FILE/FPGA/FPGA_Interface/06_Display/12_lcd_spi/source/lcd_module.v Line: 24
Info (12128): Elaborating entity "initial_module" for hierarchy "initial_module:U2" File: F:/FILE/FPGA/FPGA_Interface/06_Display/12_lcd_spi/source/lcd_module.v Line: 38
Info (12128): Elaborating entity "initial_control_module" for hierarchy "initial_module:U2|initial_control_module:U1" File: F:/FILE/FPGA/FPGA_Interface/06_Display/12_lcd_spi/source/initial_module.v Line: 29
Info (12128): Elaborating entity "spi_write_module" for hierarchy "initial_module:U2|spi_write_module:U2" File: F:/FILE/FPGA/FPGA_Interface/06_Display/12_lcd_spi/source/initial_module.v Line: 43
Info (12128): Elaborating entity "draw_module" for hierarchy "draw_module:U3" File: F:/FILE/FPGA/FPGA_Interface/06_Display/12_lcd_spi/source/lcd_module.v Line: 52
Info (12128): Elaborating entity "draw_control_module" for hierarchy "draw_module:U3|draw_control_module:U1" File: F:/FILE/FPGA/FPGA_Interface/06_Display/12_lcd_spi/source/draw_module.v Line: 32
Info (12128): Elaborating entity "pika_rom_module" for hierarchy "draw_module:U3|pika_rom_module:U2" File: F:/FILE/FPGA/FPGA_Interface/06_Display/12_lcd_spi/source/draw_module.v Line: 43
Info (12128): Elaborating entity "altsyncram" for hierarchy "draw_module:U3|pika_rom_module:U2|altsyncram:altsyncram_component" File: F:/FILE/FPGA/FPGA_Interface/06_Display/12_lcd_spi/source/pika_rom_module.v Line: 82
Info (12130): Elaborated megafunction instantiation "draw_module:U3|pika_rom_module:U2|altsyncram:altsyncram_component" File: F:/FILE/FPGA/FPGA_Interface/06_Display/12_lcd_spi/source/pika_rom_module.v Line: 82
Info (12133): Instantiated megafunction "draw_module:U3|pika_rom_module:U2|altsyncram:altsyncram_component" with the following parameter: File: F:/FILE/FPGA/FPGA_Interface/06_Display/12_lcd_spi/source/pika_rom_module.v Line: 82
    Info (12134): Parameter "address_aclr_a" = "NONE"
    Info (12134): Parameter "clock_enable_input_a" = "BYPASS"
    Info (12134): Parameter "clock_enable_output_a" = "BYPASS"
    Info (12134): Parameter "init_file" = "./source/pika_face_12864.mif"
    Info (12134): Parameter "intended_device_family" = "Cyclone IV E"
    Info (12134): Parameter "lpm_hint" = "ENABLE_RUNTIME_MOD=NO"
    Info (12134): Parameter "lpm_type" = "altsyncram"
    Info (12134): Parameter "numwords_a" = "1024"
    Info (12134): Parameter "operation_mode" = "ROM"
    Info (12134): Parameter "outdata_aclr_a" = "NONE"
    Info (12134): Parameter "outdata_reg_a" = "CLOCK0"
    Info (12134): Parameter "ram_block_type" = "M9K"
    Info (12134): Parameter "widthad_a" = "10"
    Info (12134): Parameter "width_a" = "8"
    Info (12134): Parameter "width_byteena_a" = "1"
Info (12021): Found 1 design units, including 1 entities, in source file db/altsyncram_4jc1.tdf
    Info (12023): Found entity 1: altsyncram_4jc1 File: F:/FILE/FPGA/FPGA_Interface/06_Display/12_lcd_spi/db/altsyncram_4jc1.tdf Line: 28
Info (12128): Elaborating entity "altsyncram_4jc1" for hierarchy "draw_module:U3|pika_rom_module:U2|altsyncram:altsyncram_component|altsyncram_4jc1:auto_generated" File: e:/intelfpga/17.0/quartus/libraries/megafunctions/altsyncram.tdf Line: 792
Info (13000): Registers with preset signals will power-up high File: F:/FILE/FPGA/FPGA_Interface/06_Display/12_lcd_spi/source/spi_write_module.v Line: 50
Info (13003): DEV_CLRn pin will set, and not reset, register with preset signal due to NOT Gate Push-Back
Info (286030): Timing-Driven Synthesis is running
Info (144001): Generated suppressed messages file F:/FILE/FPGA/FPGA_Interface/06_Display/12_lcd_spi/lcd_spi.map.smsg
Info (16010): Generating hard_block partition "hard_block:auto_generated_inst"
    Info (16011): Adding 0 node(s), including 0 DDIO, 0 PLL, 0 transceiver and 0 LCELL
Info (21057): Implemented 189 device resources after synthesis - the final resource count might be different
    Info (21058): Implemented 2 input pins
    Info (21059): Implemented 4 output pins
    Info (21061): Implemented 175 logic cells
    Info (21064): Implemented 8 RAM segments
Info: Quartus Prime Analysis & Synthesis was successful. 0 errors, 1 warning
    Info: Peak virtual memory: 4812 megabytes
    Info: Processing ended: Sun Jun 30 02:34:03 2019
    Info: Elapsed time: 00:00:09
    Info: Total CPU time (on all processors): 00:00:18


+------------------------------------------+
; Analysis & Synthesis Suppressed Messages ;
+------------------------------------------+
The suppressed messages can be found in F:/FILE/FPGA/FPGA_Interface/06_Display/12_lcd_spi/lcd_spi.map.smsg.


