#-----------------------------------------------------------
# Vivado v2016.4 (64-bit)
# SW Build 1733598 on Wed Dec 14 22:35:39 MST 2016
# IP Build 1731160 on Wed Dec 14 23:47:21 MST 2016
# Start of session at: Wed Nov 08 14:38:51 2017
# Process ID: 40564
# Current directory: F:/MIZ7035_Demon/s1/S01_CH11_hdmi_display_demon_1080P/hdmi_display_demon
# Command line: vivado.exe -gui_launcher_event rodinguilauncherevent38040 F:\MIZ7035_Demon\s1\S01_CH11_hdmi_display_demon_1080P\hdmi_display_demon\hdmi_display_demon.xpr
# Log file: F:/MIZ7035_Demon/s1/S01_CH11_hdmi_display_demon_1080P/hdmi_display_demon/vivado.log
# Journal file: F:/MIZ7035_Demon/s1/S01_CH11_hdmi_display_demon_1080P/hdmi_display_demon\vivado.jou
#-----------------------------------------------------------
start_gui
open_project F:/MIZ7035_Demon/s1/S01_CH11_hdmi_display_demon_1080P/hdmi_display_demon/hdmi_display_demon.xpr
Scanning sources...
Finished scanning sources
INFO: [IP_Flow 19-234] Refreshing IP repositories
INFO: [IP_Flow 19-1700] Loaded user IP repository 'f:/MIZ7035_Demon/s1/S01_CH11_hdmi_display_demon_1080P/Miz_ip_lib'.
INFO: [IP_Flow 19-2313] Loaded Vivado IP repository 'D:/Xilinx/Vivado/2016.4/data/ip'.
open_hw
connect_hw_server
INFO: [Labtools 27-2285] Connecting to hw_server url TCP:localhost:3121
INFO: [Labtools 27-2222] Launching hw_server...
INFO: [Labtools 27-2221] Launch Output:

****** Xilinx hw_server v2016.4
  **** Build date : Dec 14 2016-22:58:11
    ** Copyright 1986-2016 Xilinx, Inc. All Rights Reserved.


open_hw_target
INFO: [Labtoolstcl 44-466] Opening hw_target localhost:3121/xilinx_tcf/Digilent/210249854204
set_property PROGRAM.FILE {F:/MIZ7035_Demon/s1/S01_CH11_hdmi_display_demon_1080P/hdmi_display_demon/hdmi_display_demon.runs/impl_1/HDMI_display_Demon.bit} [lindex [get_hw_devices xc7z035_1] 0]
current_hw_device [lindex [get_hw_devices xc7z035_1] 0]
refresh_hw_device -update_hw_probes false [lindex [get_hw_devices xc7z035_1] 0]
INFO: [Labtools 27-1435] Device xc7z035 (JTAG device index = 1) is not programmed (DONE status = 0).
set_property PROBES.FILE {} [lindex [get_hw_devices xc7z035_1] 0]
set_property PROGRAM.FILE {F:/MIZ7035_Demon/s1/S01_CH11_hdmi_display_demon_1080P/hdmi_display_demon/hdmi_display_demon.runs/impl_1/HDMI_display_Demon.bit} [lindex [get_hw_devices xc7z035_1] 0]
program_hw_devices [lindex [get_hw_devices xc7z035_1] 0]
ERROR: [Labtools 27-3165] End of startup status: LOW
program_hw_devices: Time (s): cpu = 00:00:11 ; elapsed = 00:00:11 . Memory (MB): peak = 919.645 ; gain = 0.000
ERROR: [Common 17-39] 'program_hw_devices' failed due to earlier errors.
set_property PROBES.FILE {} [lindex [get_hw_devices xc7z035_1] 0]
set_property PROGRAM.FILE {F:/MIZ7035_Demon/s1/S01_CH11_hdmi_display_demon_1080P/hdmi_display_demon/hdmi_display_demon.runs/impl_1/HDMI_display_Demon.bit} [lindex [get_hw_devices xc7z035_1] 0]
program_hw_devices [lindex [get_hw_devices xc7z035_1] 0]
INFO: [Labtools 27-3164] End of startup status: HIGH
program_hw_devices: Time (s): cpu = 00:00:11 ; elapsed = 00:00:11 . Memory (MB): peak = 920.039 ; gain = 0.035
refresh_hw_device [lindex [get_hw_devices xc7z035_1] 0]
INFO: [Labtools 27-1434] Device xc7z035 (JTAG device index = 1) is programmed with a design that has no supported debug core(s) in it.
WARNING: [Labtools 27-3123] The debug hub core was not detected at User Scan Chain 1 or 3.
Resolution: 
1. Make sure the clock connected to the debug hub (dbg_hub) core is a free running clock and is active OR
2. Manually launch hw_server with -e "set xsdb-user-bscan <C_USER_SCAN_CHAIN scan_chain_number>" to detect the debug hub at User Scan Chain of 2 or 4. To determine the user scan chain setting, open the implemented design and use: get_property C_USER_SCAN_CHAIN [get_debug_cores dbg_hub].
WARNING: [Labtoolstcl 44-130] No matching hw_ilas were found.
WARNING: [Labtoolstcl 44-130] No matching hw_ilas were found.
WARNING: [Labtoolstcl 44-130] No matching hw_ilas were found.
WARNING: [Labtoolstcl 44-130] No matching hw_ilas were found.
exit
INFO: [Common 17-206] Exiting Vivado at Wed Nov 08 14:48:18 2017...
