#-----------------------------------------------------------
# Vivado v2016.4 (64-bit)
# SW Build 1733598 on Wed Dec 14 22:35:39 MST 2016
# IP Build 1731160 on Wed Dec 14 23:47:21 MST 2016
# Start of session at: Mon Nov 06 10:57:03 2017
# Process ID: 15256
# Current directory: F:/MIZ7035_Demon/s1/S01_CH11_hdmi_display_demon_1080P/hdmi_display_demon
# Command line: vivado.exe -gui_launcher_event rodinguilauncherevent6500 F:\MIZ7035_Demon\s1\S01_CH11_hdmi_display_demon_1080P\hdmi_display_demon\hdmi_display_demon.xpr
# Log file: F:/MIZ7035_Demon/s1/S01_CH11_hdmi_display_demon_1080P/hdmi_display_demon/vivado.log
# Journal file: F:/MIZ7035_Demon/s1/S01_CH11_hdmi_display_demon_1080P/hdmi_display_demon\vivado.jou
#-----------------------------------------------------------
start_gui
open_project F:/MIZ7035_Demon/s1/S01_CH11_hdmi_display_demon_1080P/hdmi_display_demon/hdmi_display_demon.xpr
Scanning sources...
Finished scanning sources
INFO: [IP_Flow 19-234] Refreshing IP repositories
INFO: [IP_Flow 19-1700] Loaded user IP repository 'f:/MIZ7035_Demon/s1/S01_CH11_hdmi_display_demon_1080P/Miz_ip_lib'.
INFO: [IP_Flow 19-2313] Loaded Vivado IP repository 'D:/Xilinx/Vivado/2016.4/data/ip'.
can't read "mmcm_bufgcediv2": no such variable
can't read "mmcm_bufgcediv2": no such variable
set_property -dict [list CONFIG.CLKOUT1_REQUESTED_OUT_FREQ {148.5} CONFIG.CLKOUT2_REQUESTED_OUT_FREQ {742.5} CONFIG.CLKOUT2_REQUESTED_PHASE {0} CONFIG.MMCM_DIVCLK_DIVIDE {5} CONFIG.MMCM_CLKFBOUT_MULT_F {37.125} CONFIG.MMCM_CLKOUT0_DIVIDE_F {5.000} CONFIG.MMCM_CLKOUT1_DIVIDE {1} CONFIG.MMCM_CLKOUT1_PHASE {0.000} CONFIG.CLKOUT1_JITTER {298.245} CONFIG.CLKOUT1_PHASE_ERROR {322.999} CONFIG.CLKOUT2_JITTER {232.529} CONFIG.CLKOUT2_PHASE_ERROR {322.999}] [get_ips clk_wiz_0]
generate_target all [get_files  F:/MIZ7035_Demon/s1/S01_CH11_hdmi_display_demon_1080P/hdmi_display_demon/hdmi_display_demon.srcs/sources_1/ip/clk_wiz_0/clk_wiz_0.xci]
INFO: [IP_Flow 19-1686] Generating 'Instantiation Template' target for IP 'clk_wiz_0'...
INFO: [IP_Flow 19-1686] Generating 'Synthesis' target for IP 'clk_wiz_0'...
INFO: [IP_Flow 19-1686] Generating 'Simulation' target for IP 'clk_wiz_0'...
INFO: [IP_Flow 19-1686] Generating 'Implementation' target for IP 'clk_wiz_0'...
INFO: [IP_Flow 19-1686] Generating 'Change Log' target for IP 'clk_wiz_0'...
export_ip_user_files -of_objects [get_files F:/MIZ7035_Demon/s1/S01_CH11_hdmi_display_demon_1080P/hdmi_display_demon/hdmi_display_demon.srcs/sources_1/ip/clk_wiz_0/clk_wiz_0.xci] -no_script -sync -force -quiet
reset_run clk_wiz_0_synth_1
launch_runs -jobs 8 clk_wiz_0_synth_1
[Mon Nov 06 10:59:04 2017] Launched clk_wiz_0_synth_1...
Run output will be captured here: F:/MIZ7035_Demon/s1/S01_CH11_hdmi_display_demon_1080P/hdmi_display_demon/hdmi_display_demon.runs/clk_wiz_0_synth_1/runme.log
export_simulation -of_objects [get_files F:/MIZ7035_Demon/s1/S01_CH11_hdmi_display_demon_1080P/hdmi_display_demon/hdmi_display_demon.srcs/sources_1/ip/clk_wiz_0/clk_wiz_0.xci] -directory F:/MIZ7035_Demon/s1/S01_CH11_hdmi_display_demon_1080P/hdmi_display_demon/hdmi_display_demon.ip_user_files/sim_scripts -ip_user_files_dir F:/MIZ7035_Demon/s1/S01_CH11_hdmi_display_demon_1080P/hdmi_display_demon/hdmi_display_demon.ip_user_files -ipstatic_source_dir F:/MIZ7035_Demon/s1/S01_CH11_hdmi_display_demon_1080P/hdmi_display_demon/hdmi_display_demon.ip_user_files/ipstatic -lib_map_path [list {modelsim=F:/MIZ7035_Demon/s1/S01_CH11_hdmi_display_demon_1080P/hdmi_display_demon/hdmi_display_demon.cache/compile_simlib/modelsim} {questa=F:/MIZ7035_Demon/s1/S01_CH11_hdmi_display_demon_1080P/hdmi_display_demon/hdmi_display_demon.cache/compile_simlib/questa} {riviera=F:/MIZ7035_Demon/s1/S01_CH11_hdmi_display_demon_1080P/hdmi_display_demon/hdmi_display_demon.cache/compile_simlib/riviera} {activehdl=F:/MIZ7035_Demon/s1/S01_CH11_hdmi_display_demon_1080P/hdmi_display_demon/hdmi_display_demon.cache/compile_simlib/activehdl}] -use_ip_compiled_libs -force -quiet
wait_on_run clk_wiz_0_synth_1
[Mon Nov 06 10:59:21 2017] Waiting for clk_wiz_0_synth_1 to finish...
[Mon Nov 06 10:59:26 2017] Waiting for clk_wiz_0_synth_1 to finish...
[Mon Nov 06 10:59:31 2017] Waiting for clk_wiz_0_synth_1 to finish...
[Mon Nov 06 10:59:36 2017] Waiting for clk_wiz_0_synth_1 to finish...
[Mon Nov 06 10:59:36 2017] clk_wiz_0_synth_1 finished
wait_on_run: Time (s): cpu = 00:00:00 ; elapsed = 00:00:15 . Memory (MB): peak = 1072.992 ; gain = 0.000
synth_design -rtl -name rtl_1
Command: synth_design -rtl -name rtl_1
Starting synth_design
Using part: xc7z035ffg676-2
Top: HDMI_display_Demon
---------------------------------------------------------------------------------
Starting RTL Elaboration : Time (s): cpu = 00:00:57 ; elapsed = 00:02:35 . Memory (MB): peak = 1084.227 ; gain = 874.066
---------------------------------------------------------------------------------
INFO: [Synth 8-638] synthesizing module 'HDMI_display_Demon' [F:/MIZ7035_Demon/s1/S01_CH11_hdmi_display_demon_1080P/hdmi_display_demon/hdmi_display_demon.srcs/sources_1/new/HDMI_display_Demon.v:21]
INFO: [Synth 8-638] synthesizing module 'hdmi_data_gen' [F:/MIZ7035_Demon/s1/S01_CH11_hdmi_display_demon_1080P/hdmi_display_demon/hdmi_display_demon.srcs/sources_1/new/hdmi_data_gen.v:22]
	Parameter H_Total bound to: 2200 - type: integer 
	Parameter H_Sync bound to: 44 - type: integer 
	Parameter H_Back bound to: 148 - type: integer 
	Parameter H_Active bound to: 1920 - type: integer 
	Parameter H_Front bound to: 88 - type: integer 
	Parameter H_Start bound to: 192 - type: integer 
	Parameter H_End bound to: 2112 - type: integer 
	Parameter V_Total bound to: 1125 - type: integer 
	Parameter V_Sync bound to: 5 - type: integer 
	Parameter V_Back bound to: 37 - type: integer 
	Parameter V_Active bound to: 1080 - type: integer 
	Parameter V_Front bound to: 3 - type: integer 
	Parameter V_Start bound to: 42 - type: integer 
	Parameter V_End bound to: 1122 - type: integer 
INFO: [Synth 8-256] done synthesizing module 'hdmi_data_gen' (1#1) [F:/MIZ7035_Demon/s1/S01_CH11_hdmi_display_demon_1080P/hdmi_display_demon/hdmi_display_demon.srcs/sources_1/new/hdmi_data_gen.v:22]
INFO: [Synth 8-638] synthesizing module 'hdmi_display_0' [F:/MIZ7035_Demon/s1/S01_CH11_hdmi_display_demon_1080P/hdmi_display_demon/.Xil/Vivado-15256-LB-201708051431/realtime/hdmi_display_0_stub.v:6]
INFO: [Synth 8-256] done synthesizing module 'hdmi_display_0' (2#1) [F:/MIZ7035_Demon/s1/S01_CH11_hdmi_display_demon_1080P/hdmi_display_demon/.Xil/Vivado-15256-LB-201708051431/realtime/hdmi_display_0_stub.v:6]
INFO: [Synth 8-638] synthesizing module 'clk_wiz_0' [F:/MIZ7035_Demon/s1/S01_CH11_hdmi_display_demon_1080P/hdmi_display_demon/.Xil/Vivado-15256-LB-201708051431/realtime/clk_wiz_0_stub.v:5]
INFO: [Synth 8-256] done synthesizing module 'clk_wiz_0' (3#1) [F:/MIZ7035_Demon/s1/S01_CH11_hdmi_display_demon_1080P/hdmi_display_demon/.Xil/Vivado-15256-LB-201708051431/realtime/clk_wiz_0_stub.v:5]
INFO: [Synth 8-256] done synthesizing module 'HDMI_display_Demon' (4#1) [F:/MIZ7035_Demon/s1/S01_CH11_hdmi_display_demon_1080P/hdmi_display_demon/hdmi_display_demon.srcs/sources_1/new/HDMI_display_Demon.v:21]
---------------------------------------------------------------------------------
Finished RTL Elaboration : Time (s): cpu = 00:00:58 ; elapsed = 00:02:36 . Memory (MB): peak = 1109.297 ; gain = 899.137
---------------------------------------------------------------------------------

Report Check Netlist: 
+------+------------------+-------+---------+-------+------------------+
|      |Item              |Errors |Warnings |Status |Description       |
+------+------------------+-------+---------+-------+------------------+
|1     |multi_driven_nets |      0|        0|Passed |Multi driven nets |
+------+------------------+-------+---------+-------+------------------+
---------------------------------------------------------------------------------
Finished RTL Optimization Phase 1 : Time (s): cpu = 00:00:58 ; elapsed = 00:02:36 . Memory (MB): peak = 1109.297 ; gain = 899.137
---------------------------------------------------------------------------------
WARNING: [filemgmt 56-147] Overwrite of existing file isn't enabled.  Please specify -force to overwrite file  [F:/MIZ7035_Demon/s1/S01_CH11_hdmi_display_demon_1080P/hdmi_display_demon/.Xil/Vivado-15256-LB-201708051431/clk_wiz_0/clk_wiz_0.dcp]
WARNING: [filemgmt 56-147] Overwrite of existing file isn't enabled.  Please specify -force to overwrite file  [F:/MIZ7035_Demon/s1/S01_CH11_hdmi_display_demon_1080P/hdmi_display_demon/.Xil/Vivado-15256-LB-201708051431/hdmi_display_0_1/hdmi_display_0.dcp]
INFO: [Project 1-454] Reading design checkpoint 'F:/MIZ7035_Demon/s1/S01_CH11_hdmi_display_demon_1080P/hdmi_display_demon/.Xil/Vivado-15256-LB-201708051431/hdmi_display_0_1/hdmi_display_0.dcp' for cell 'u_hdmi_display_0'
INFO: [Project 1-454] Reading design checkpoint 'F:/MIZ7035_Demon/s1/S01_CH11_hdmi_display_demon_1080P/hdmi_display_demon/.Xil/Vivado-15256-LB-201708051431/clk_wiz_0/clk_wiz_0.dcp' for cell 'u_clk'
INFO: [Netlist 29-17] Analyzing 9 Unisim elements for replacement
INFO: [Netlist 29-28] Unisim Transformation completed in 0 CPU seconds
INFO: [Project 1-479] Netlist was created with Vivado 2016.4
INFO: [Device 21-403] Loading part xc7z035ffg676-2
INFO: [Project 1-570] Preparing netlist for logic optimization

Processing XDC Constraints
Initializing timing engine
Parsing XDC File [f:/MIZ7035_Demon/s1/S01_CH11_hdmi_display_demon_1080P/hdmi_display_demon/hdmi_display_demon.srcs/sources_1/ip/clk_wiz_0/clk_wiz_0_board.xdc] for cell 'u_clk/inst'
Finished Parsing XDC File [f:/MIZ7035_Demon/s1/S01_CH11_hdmi_display_demon_1080P/hdmi_display_demon/hdmi_display_demon.srcs/sources_1/ip/clk_wiz_0/clk_wiz_0_board.xdc] for cell 'u_clk/inst'
Parsing XDC File [f:/MIZ7035_Demon/s1/S01_CH11_hdmi_display_demon_1080P/hdmi_display_demon/hdmi_display_demon.srcs/sources_1/ip/clk_wiz_0/clk_wiz_0.xdc] for cell 'u_clk/inst'
Finished Parsing XDC File [f:/MIZ7035_Demon/s1/S01_CH11_hdmi_display_demon_1080P/hdmi_display_demon/hdmi_display_demon.srcs/sources_1/ip/clk_wiz_0/clk_wiz_0.xdc] for cell 'u_clk/inst'
INFO: [Project 1-236] Implementation specific constraints were found while reading constraint file [f:/MIZ7035_Demon/s1/S01_CH11_hdmi_display_demon_1080P/hdmi_display_demon/hdmi_display_demon.srcs/sources_1/ip/clk_wiz_0/clk_wiz_0.xdc]. These constraints will be ignored for synthesis but will be used in implementation. Impacted constraints are listed in the file [.Xil/HDMI_display_Demon_propImpl.xdc].
Resolution: To avoid this warning, move constraints listed in [.Xil/HDMI_display_Demon_propImpl.xdc] to another XDC file and exclude this new file from synthesis with the used_in_synthesis property (File Properties dialog in GUI) and re-run elaboration/synthesis.
INFO: [Timing 38-2] Deriving generated clocks
Parsing XDC File [F:/MIZ7035_Demon/s1/S01_CH11_hdmi_display_demon_1080P/hdmi_display_demon/hdmi_display_demon.srcs/constrs_1/new/zynq_pin.xdc]
Finished Parsing XDC File [F:/MIZ7035_Demon/s1/S01_CH11_hdmi_display_demon_1080P/hdmi_display_demon/hdmi_display_demon.srcs/constrs_1/new/zynq_pin.xdc]
Completed Processing XDC Constraints

INFO: [Opt 31-138] Pushed 0 inverter(s) to 0 load pin(s).
INFO: [Project 1-111] Unisim Transformation Summary:
  A total of 8 instances were transformed.
  OBUFDS => OBUFDS_DUAL_BUF (INV, OBUFDS, OBUFDS): 8 instances

RTL Elaboration Complete:  : Time (s): cpu = 00:01:08 ; elapsed = 00:02:41 . Memory (MB): peak = 1392.309 ; gain = 1182.148
19 Infos, 2 Warnings, 0 Critical Warnings and 0 Errors encountered.
synth_design completed successfully
synth_design: Time (s): cpu = 00:00:13 ; elapsed = 00:00:08 . Memory (MB): peak = 1392.309 ; gain = 319.316
set_property IOSTANDARD LVCMOS15 [get_ports [list {LED[3]} {LED[2]} {LED[1]} {LED[0]}]]
place_ports {LED[0]} B9
place_ports {LED[1]} K10
place_ports {LED[2]} H11
place_ports {LED[3]} G9
set_property IOSTANDARD LVCMOS15 [get_ports [list clk_100M]]
place_ports clk_100M C8
set_property IOSTANDARD LVDS [get_ports [list HDMI1_CLK_P]]
set_property IOSTANDARD LVDS [get_ports [list HDMI1_D0_P]]
set_property IOSTANDARD LVDS [get_ports [list HDMI1_D1_P]]
place_ports HDMI1_D0_P D15
set_property IOSTANDARD TMDS_33 [get_ports [list HDMI1_CLK_P]]
set_property IOSTANDARD TMDS_33 [get_ports [list HDMI1_D0_P]]
startgroup
set_property package_pin "" [get_ports [list  HDMI1_D0_P]]
place_ports HDMI1_CLK_P D15
endgroup
set_property IOSTANDARD LVDS [get_ports [list HDMI1_CLK_P]]
place_ports HDMI1_D0_P E16
set_property IOSTANDARD LVDS [get_ports [list HDMI1_D0_P]]
place_ports HDMI1_D1_P F15
place_ports HDMI1_D2_P C17
set_property IOSTANDARD LVDS [get_ports [list HDMI1_D2_P]]
set_property IOSTANDARD LVDS [get_ports [list HDMI2_CLK_P]]
place_ports HDMI2_CLK_P J14
place_ports HDMI2_D0_P K13
place_ports HDMI2_D1_P G14
place_ports HDMI2_D2_P K15
set_property IOSTANDARD LVDS [get_ports [list HDMI2_D0_P]]
set_property IOSTANDARD TMDS_33 [get_ports [list HDMI2_D0_P]]
set_property IOSTANDARD LVDS [get_ports [list HDMI2_D0_P]]
set_property IOSTANDARD LVDS [get_ports [list HDMI2_D1_P]]
set_property IOSTANDARD LVDS [get_ports [list HDMI2_D2_P]]
place_ports KEY A10
set_property IOSTANDARD LVCMOS15 [get_ports [list KEY]]
save_constraints
reset_run synth_1
launch_runs impl_1 -to_step write_bitstream -jobs 8
[Mon Nov 06 11:06:25 2017] Launched synth_1...
Run output will be captured here: F:/MIZ7035_Demon/s1/S01_CH11_hdmi_display_demon_1080P/hdmi_display_demon/hdmi_display_demon.runs/synth_1/runme.log
[Mon Nov 06 11:06:25 2017] Launched impl_1...
Run output will be captured here: F:/MIZ7035_Demon/s1/S01_CH11_hdmi_display_demon_1080P/hdmi_display_demon/hdmi_display_demon.runs/impl_1/runme.log
open_hw
connect_hw_server
INFO: [Labtools 27-2285] Connecting to hw_server url TCP:localhost:3121
INFO: [Labtools 27-2222] Launching hw_server...
INFO: [Labtools 27-2221] Launch Output:

****** Xilinx hw_server v2016.4
  **** Build date : Dec 14 2016-22:58:11
    ** Copyright 1986-2016 Xilinx, Inc. All Rights Reserved.


open_hw_target
INFO: [Labtoolstcl 44-466] Opening hw_target localhost:3121/xilinx_tcf/Digilent/210249854204
set_property PROGRAM.FILE {F:/MIZ7035_Demon/s1/S01_CH11_hdmi_display_demon_1080P/hdmi_display_demon/hdmi_display_demon.runs/impl_1/HDMI_display_Demon.bit} [lindex [get_hw_devices xc7z035_1] 0]
current_hw_device [lindex [get_hw_devices xc7z035_1] 0]
refresh_hw_device -update_hw_probes false [lindex [get_hw_devices xc7z035_1] 0]
INFO: [Labtools 27-1435] Device xc7z035 (JTAG device index = 1) is not programmed (DONE status = 0).
set_property PROBES.FILE {} [lindex [get_hw_devices xc7z035_1] 0]
set_property PROGRAM.FILE {F:/MIZ7035_Demon/s1/S01_CH11_hdmi_display_demon_1080P/hdmi_display_demon/hdmi_display_demon.runs/impl_1/HDMI_display_Demon.bit} [lindex [get_hw_devices xc7z035_1] 0]
program_hw_devices [lindex [get_hw_devices xc7z035_1] 0]
INFO: [Labtools 27-3164] End of startup status: HIGH
program_hw_devices: Time (s): cpu = 00:00:11 ; elapsed = 00:00:11 . Memory (MB): peak = 1476.922 ; gain = 0.000
refresh_hw_device [lindex [get_hw_devices xc7z035_1] 0]
INFO: [Labtools 27-1434] Device xc7z035 (JTAG device index = 1) is programmed with a design that has no supported debug core(s) in it.
WARNING: [Labtools 27-3123] The debug hub core was not detected at User Scan Chain 1 or 3.
Resolution: 
1. Make sure the clock connected to the debug hub (dbg_hub) core is a free running clock and is active OR
2. Manually launch hw_server with -e "set xsdb-user-bscan <C_USER_SCAN_CHAIN scan_chain_number>" to detect the debug hub at User Scan Chain of 2 or 4. To determine the user scan chain setting, open the implemented design and use: get_property C_USER_SCAN_CHAIN [get_debug_cores dbg_hub].
WARNING: [Labtoolstcl 44-130] No matching hw_ilas were found.
WARNING: [Labtoolstcl 44-130] No matching hw_ilas were found.
WARNING: [Labtoolstcl 44-130] No matching hw_ilas were found.
WARNING: [Labtoolstcl 44-130] No matching hw_ilas were found.
set_property PROBES.FILE {} [lindex [get_hw_devices xc7z035_1] 0]
set_property PROGRAM.FILE {F:/MIZ7035_Demon/s1/S01_CH11_hdmi_display_demon_1080P/hdmi_display_demon/hdmi_display_demon.runs/impl_1/HDMI_display_Demon.bit} [lindex [get_hw_devices xc7z035_1] 0]
program_hw_devices [lindex [get_hw_devices xc7z035_1] 0]
INFO: [Labtools 27-3164] End of startup status: HIGH
program_hw_devices: Time (s): cpu = 00:00:11 ; elapsed = 00:00:11 . Memory (MB): peak = 1476.922 ; gain = 0.000
refresh_hw_device [lindex [get_hw_devices xc7z035_1] 0]
INFO: [Labtools 27-1434] Device xc7z035 (JTAG device index = 1) is programmed with a design that has no supported debug core(s) in it.
WARNING: [Labtools 27-3123] The debug hub core was not detected at User Scan Chain 1 or 3.
Resolution: 
1. Make sure the clock connected to the debug hub (dbg_hub) core is a free running clock and is active OR
2. Manually launch hw_server with -e "set xsdb-user-bscan <C_USER_SCAN_CHAIN scan_chain_number>" to detect the debug hub at User Scan Chain of 2 or 4. To determine the user scan chain setting, open the implemented design and use: get_property C_USER_SCAN_CHAIN [get_debug_cores dbg_hub].
WARNING: [Labtoolstcl 44-130] No matching hw_ilas were found.
WARNING: [Labtoolstcl 44-130] No matching hw_ilas were found.
WARNING: [Labtoolstcl 44-130] No matching hw_ilas were found.
WARNING: [Labtoolstcl 44-130] No matching hw_ilas were found.
ERROR: [Labtools 27-2269] No devices detected on target localhost:3121/xilinx_tcf/Digilent/210249854204.
Check cable connectivity and that the target board is powered up then
use the disconnect_hw_server and connect_hw_server to re-register this hardware target.
set_property PROBES.FILE {} [lindex [get_hw_devices xc7z035_1] 0]
set_property PROGRAM.FILE {F:/MIZ7035_Demon/s1/S01_CH11_hdmi_display_demon_1080P/hdmi_display_demon/hdmi_display_demon.runs/impl_1/HDMI_display_Demon.bit} [lindex [get_hw_devices xc7z035_1] 0]
program_hw_devices [lindex [get_hw_devices xc7z035_1] 0]
INFO: [Labtools 27-3164] End of startup status: HIGH
program_hw_devices: Time (s): cpu = 00:00:11 ; elapsed = 00:00:11 . Memory (MB): peak = 1483.770 ; gain = 0.000
refresh_hw_device [lindex [get_hw_devices xc7z035_1] 0]
INFO: [Labtools 27-1434] Device xc7z035 (JTAG device index = 1) is programmed with a design that has no supported debug core(s) in it.
WARNING: [Labtools 27-3123] The debug hub core was not detected at User Scan Chain 1 or 3.
Resolution: 
1. Make sure the clock connected to the debug hub (dbg_hub) core is a free running clock and is active OR
2. Manually launch hw_server with -e "set xsdb-user-bscan <C_USER_SCAN_CHAIN scan_chain_number>" to detect the debug hub at User Scan Chain of 2 or 4. To determine the user scan chain setting, open the implemented design and use: get_property C_USER_SCAN_CHAIN [get_debug_cores dbg_hub].
WARNING: [Labtoolstcl 44-130] No matching hw_ilas were found.
WARNING: [Labtoolstcl 44-130] No matching hw_ilas were found.
WARNING: [Labtoolstcl 44-130] No matching hw_ilas were found.
WARNING: [Labtoolstcl 44-130] No matching hw_ilas were found.
ERROR: [Labtools 27-2269] No devices detected on target localhost:3121/xilinx_tcf/Digilent/210249854204.
Check cable connectivity and that the target board is powered up then
use the disconnect_hw_server and connect_hw_server to re-register this hardware target.
exit
INFO: [Common 17-206] Exiting Vivado at Mon Nov 06 11:12:34 2017...
