INFO: [VRFC 10-2263] Analyzing Verilog file "E:/MIA701SRC/S02_CH10/S02_CH10_640_480_DDR_HDMI/MIG_OV_PRG/MIG_OV_PRG.srcs/sources_1/ip/ila_1/sim/ila_1.v" into library xil_defaultlib
INFO: [VRFC 10-311] analyzing module ila_1
INFO: [VRFC 10-2263] Analyzing Verilog file "E:/MIA701SRC/S02_CH10/S02_CH10_640_480_DDR_HDMI/MIG_OV_PRG/MIG_OV_PRG.srcs/sources_1/ip/ila_0/sim/ila_0.v" into library xil_defaultlib
INFO: [VRFC 10-311] analyzing module ila_0
INFO: [VRFC 10-2263] Analyzing Verilog file "E:/MIA701SRC/S02_CH10/S02_CH10_640_480_DDR_HDMI/MIG_OV_PRG/MIG_OV_PRG.srcs/sources_1/ip/CH6_FIFO/sim/CH6_FIFO.v" into library xil_defaultlib
INFO: [VRFC 10-311] analyzing module CH6_FIFO
INFO: [VRFC 10-2263] Analyzing Verilog file "E:/MIA701SRC/S02_CH10/S02_CH10_640_480_DDR_HDMI/MIG_OV_PRG/MIG_OV_PRG.srcs/sources_1/ip/MSG_FIFO/sim/MSG_FIFO.v" into library xil_defaultlib
INFO: [VRFC 10-311] analyzing module MSG_FIFO
INFO: [VRFC 10-2263] Analyzing Verilog file "E:/MIA701SRC/S02_CH10/S02_CH10_640_480_DDR_HDMI/MIG_OV_PRG/MIG_OV_PRG.srcs/sources_1/ip/CH0_FIFO/sim/CH0_FIFO.v" into library xil_defaultlib
INFO: [VRFC 10-311] analyzing module CH0_FIFO
INFO: [VRFC 10-2263] Analyzing Verilog file "E:/MIA701SRC/S02_CH10/S02_CH10_640_480_DDR_HDMI/MIG_OV_PRG/MIG_OV_PRG.srcs/sources_1/ip/clk_wiz_sys/clk_wiz_sys_clk_wiz.v" into library xil_defaultlib
INFO: [VRFC 10-311] analyzing module clk_wiz_sys_clk_wiz
INFO: [VRFC 10-2263] Analyzing Verilog file "E:/MIA701SRC/S02_CH10/S02_CH10_640_480_DDR_HDMI/MIG_OV_PRG/MIG_OV_PRG.srcs/sources_1/ip/clk_wiz_sys/clk_wiz_sys.v" into library xil_defaultlib
INFO: [VRFC 10-311] analyzing module clk_wiz_sys
INFO: [VRFC 10-2263] Analyzing Verilog file "E:/MIA701SRC/S02_CH10/S02_CH10_640_480_DDR_HDMI/MIG_OV_PRG/MIG_OV_PRG.srcs/sources_1/ip/clk_wiz_hdmi/clk_wiz_hdmi_clk_wiz.v" into library xil_defaultlib
INFO: [VRFC 10-311] analyzing module clk_wiz_hdmi_clk_wiz
INFO: [VRFC 10-2263] Analyzing Verilog file "E:/MIA701SRC/S02_CH10/S02_CH10_640_480_DDR_HDMI/MIG_OV_PRG/MIG_OV_PRG.srcs/sources_1/ip/clk_wiz_hdmi/clk_wiz_hdmi.v" into library xil_defaultlib
INFO: [VRFC 10-311] analyzing module clk_wiz_hdmi
INFO: [VRFC 10-2263] Analyzing Verilog file "E:/MIA701SRC/S02_CH10/S02_CH10_640_480_DDR_HDMI/user/sensor_data_gen.v" into library xil_defaultlib
INFO: [VRFC 10-311] analyzing module sensor_data_gen
WARNING: [VRFC 10-2096] empty statement in sequential block [E:/MIA701SRC/S02_CH10/S02_CH10_640_480_DDR_HDMI/user/sensor_data_gen.v:131]
WARNING: [VRFC 10-2096] empty statement in sequential block [E:/MIA701SRC/S02_CH10/S02_CH10_640_480_DDR_HDMI/user/sensor_data_gen.v:132]
WARNING: [VRFC 10-2096] empty statement in sequential block [E:/MIA701SRC/S02_CH10/S02_CH10_640_480_DDR_HDMI/user/sensor_data_gen.v:133]
WARNING: [VRFC 10-2096] empty statement in sequential block [E:/MIA701SRC/S02_CH10/S02_CH10_640_480_DDR_HDMI/user/sensor_data_gen.v:134]
WARNING: [VRFC 10-2096] empty statement in sequential block [E:/MIA701SRC/S02_CH10/S02_CH10_640_480_DDR_HDMI/user/sensor_data_gen.v:135]
INFO: [VRFC 10-2263] Analyzing Verilog file "E:/MIA701SRC/S02_CH10/S02_CH10_640_480_DDR_HDMI/MIG_OV_PRG/MIG_OV_PRG.srcs/sources_1/ip/mig_7series_0/mig_7series_0/user_design/rtl/clocking/mig_7series_v4_0_clk_ibuf.v" into library xil_defaultlib
INFO: [VRFC 10-311] analyzing module mig_7series_v4_0_clk_ibuf
INFO: [VRFC 10-2263] Analyzing Verilog file "E:/MIA701SRC/S02_CH10/S02_CH10_640_480_DDR_HDMI/MIG_OV_PRG/MIG_OV_PRG.srcs/sources_1/ip/mig_7series_0/mig_7series_0/user_design/rtl/clocking/mig_7series_v4_0_infrastructure.v" into library xil_defaultlib
INFO: [VRFC 10-311] analyzing module mig_7series_v4_0_infrastructure
INFO: [VRFC 10-2458] undeclared symbol pll_clkfbout, assumed default net type wire [E:/MIA701SRC/S02_CH10/S02_CH10_640_480_DDR_HDMI/MIG_OV_PRG/MIG_OV_PRG.srcs/sources_1/ip/mig_7series_0/mig_7series_0/user_design/rtl/clocking/mig_7series_v4_0_infrastructure.v:308]
INFO: [VRFC 10-2458] undeclared symbol clk_pll_i, assumed default net type wire [E:/MIA701SRC/S02_CH10/S02_CH10_640_480_DDR_HDMI/MIG_OV_PRG/MIG_OV_PRG.srcs/sources_1/ip/mig_7series_0/mig_7series_0/user_design/rtl/clocking/mig_7series_v4_0_infrastructure.v:342]
INFO: [VRFC 10-2263] Analyzing Verilog file "E:/MIA701SRC/S02_CH10/S02_CH10_640_480_DDR_HDMI/MIG_OV_PRG/MIG_OV_PRG.srcs/sources_1/ip/mig_7series_0/mig_7series_0/user_design/rtl/clocking/mig_7series_v4_0_iodelay_ctrl.v" into library xil_defaultlib
INFO: [VRFC 10-311] analyzing module mig_7series_v4_0_iodelay_ctrl
INFO: [VRFC 10-2263] Analyzing Verilog file "E:/MIA701SRC/S02_CH10/S02_CH10_640_480_DDR_HDMI/MIG_OV_PRG/MIG_OV_PRG.srcs/sources_1/ip/mig_7series_0/mig_7series_0/user_design/rtl/clocking/mig_7series_v4_0_tempmon.v" into library xil_defaultlib
INFO: [VRFC 10-311] analyzing module mig_7series_v4_0_tempmon
INFO: [VRFC 10-2263] Analyzing Verilog file "E:/MIA701SRC/S02_CH10/S02_CH10_640_480_DDR_HDMI/MIG_OV_PRG/MIG_OV_PRG.srcs/sources_1/ip/mig_7series_0/mig_7series_0/user_design/rtl/controller/mig_7series_v4_0_arb_mux.v" into library xil_defaultlib
INFO: [VRFC 10-311] analyzing module mig_7series_v4_0_arb_mux
INFO: [VRFC 10-2263] Analyzing Verilog file "E:/MIA701SRC/S02_CH10/S02_CH10_640_480_DDR_HDMI/MIG_OV_PRG/MIG_OV_PRG.srcs/sources_1/ip/mig_7series_0/mig_7series_0/user_design/rtl/controller/mig_7series_v4_0_arb_row_col.v" into library xil_defaultlib
INFO: [VRFC 10-311] analyzing module mig_7series_v4_0_arb_row_col
INFO: [VRFC 10-2263] Analyzing Verilog file "E:/MIA701SRC/S02_CH10/S02_CH10_640_480_DDR_HDMI/MIG_OV_PRG/MIG_OV_PRG.srcs/sources_1/ip/mig_7series_0/mig_7series_0/user_design/rtl/controller/mig_7series_v4_0_arb_select.v" into library xil_defaultlib
INFO: [VRFC 10-311] analyzing module mig_7series_v4_0_arb_select
INFO: [VRFC 10-2263] Analyzing Verilog file "E:/MIA701SRC/S02_CH10/S02_CH10_640_480_DDR_HDMI/MIG_OV_PRG/MIG_OV_PRG.srcs/sources_1/ip/mig_7series_0/mig_7series_0/user_design/rtl/controller/mig_7series_v4_0_bank_cntrl.v" into library xil_defaultlib
INFO: [VRFC 10-311] analyzing module mig_7series_v4_0_bank_cntrl
INFO: [VRFC 10-2263] Analyzing Verilog file "E:/MIA701SRC/S02_CH10/S02_CH10_640_480_DDR_HDMI/MIG_OV_PRG/MIG_OV_PRG.srcs/sources_1/ip/mig_7series_0/mig_7series_0/user_design/rtl/controller/mig_7series_v4_0_bank_common.v" into library xil_defaultlib
INFO: [VRFC 10-311] analyzing module mig_7series_v4_0_bank_common
INFO: [VRFC 10-2263] Analyzing Verilog file "E:/MIA701SRC/S02_CH10/S02_CH10_640_480_DDR_HDMI/MIG_OV_PRG/MIG_OV_PRG.srcs/sources_1/ip/mig_7series_0/mig_7series_0/user_design/rtl/controller/mig_7series_v4_0_bank_compare.v" into library xil_defaultlib
INFO: [VRFC 10-311] analyzing module mig_7series_v4_0_bank_compare
INFO: [VRFC 10-2263] Analyzing Verilog file "E:/MIA701SRC/S02_CH10/S02_CH10_640_480_DDR_HDMI/MIG_OV_PRG/MIG_OV_PRG.srcs/sources_1/ip/mig_7series_0/mig_7series_0/user_design/rtl/controller/mig_7series_v4_0_bank_mach.v" into library xil_defaultlib
INFO: [VRFC 10-311] analyzing module mig_7series_v4_0_bank_mach
INFO: [VRFC 10-2263] Analyzing Verilog file "E:/MIA701SRC/S02_CH10/S02_CH10_640_480_DDR_HDMI/MIG_OV_PRG/MIG_OV_PRG.srcs/sources_1/ip/mig_7series_0/mig_7series_0/user_design/rtl/controller/mig_7series_v4_0_bank_queue.v" into library xil_defaultlib
INFO: [VRFC 10-311] analyzing module mig_7series_v4_0_bank_queue
INFO: [VRFC 10-2263] Analyzing Verilog file "E:/MIA701SRC/S02_CH10/S02_CH10_640_480_DDR_HDMI/MIG_OV_PRG/MIG_OV_PRG.srcs/sources_1/ip/mig_7series_0/mig_7series_0/user_design/rtl/controller/mig_7series_v4_0_bank_state.v" into library xil_defaultlib
INFO: [VRFC 10-311] analyzing module mig_7series_v4_0_bank_state
INFO: [VRFC 10-2263] Analyzing Verilog file "E:/MIA701SRC/S02_CH10/S02_CH10_640_480_DDR_HDMI/MIG_OV_PRG/MIG_OV_PRG.srcs/sources_1/ip/mig_7series_0/mig_7series_0/user_design/rtl/controller/mig_7series_v4_0_col_mach.v" into library xil_defaultlib
INFO: [VRFC 10-311] analyzing module mig_7series_v4_0_col_mach
INFO: [VRFC 10-2263] Analyzing Verilog file "E:/MIA701SRC/S02_CH10/S02_CH10_640_480_DDR_HDMI/MIG_OV_PRG/MIG_OV_PRG.srcs/sources_1/ip/mig_7series_0/mig_7series_0/user_design/rtl/controller/mig_7series_v4_0_mc.v" into library xil_defaultlib
INFO: [VRFC 10-311] analyzing module mig_7series_v4_0_mc
INFO: [VRFC 10-2263] Analyzing Verilog file "E:/MIA701SRC/S02_CH10/S02_CH10_640_480_DDR_HDMI/MIG_OV_PRG/MIG_OV_PRG.srcs/sources_1/ip/mig_7series_0/mig_7series_0/user_design/rtl/controller/mig_7series_v4_0_rank_cntrl.v" into library xil_defaultlib
INFO: [VRFC 10-311] analyzing module mig_7series_v4_0_rank_cntrl
INFO: [VRFC 10-2263] Analyzing Verilog file "E:/MIA701SRC/S02_CH10/S02_CH10_640_480_DDR_HDMI/MIG_OV_PRG/MIG_OV_PRG.srcs/sources_1/ip/mig_7series_0/mig_7series_0/user_design/rtl/controller/mig_7series_v4_0_rank_common.v" into library xil_defaultlib
INFO: [VRFC 10-311] analyzing module mig_7series_v4_0_rank_common
INFO: [VRFC 10-2263] Analyzing Verilog file "E:/MIA701SRC/S02_CH10/S02_CH10_640_480_DDR_HDMI/MIG_OV_PRG/MIG_OV_PRG.srcs/sources_1/ip/mig_7series_0/mig_7series_0/user_design/rtl/controller/mig_7series_v4_0_rank_mach.v" into library xil_defaultlib
INFO: [VRFC 10-311] analyzing module mig_7series_v4_0_rank_mach
INFO: [VRFC 10-2263] Analyzing Verilog file "E:/MIA701SRC/S02_CH10/S02_CH10_640_480_DDR_HDMI/MIG_OV_PRG/MIG_OV_PRG.srcs/sources_1/ip/mig_7series_0/mig_7series_0/user_design/rtl/controller/mig_7series_v4_0_round_robin_arb.v" into library xil_defaultlib
INFO: [VRFC 10-311] analyzing module mig_7series_v4_0_round_robin_arb
INFO: [VRFC 10-2263] Analyzing Verilog file "E:/MIA701SRC/S02_CH10/S02_CH10_640_480_DDR_HDMI/MIG_OV_PRG/MIG_OV_PRG.srcs/sources_1/ip/mig_7series_0/mig_7series_0/user_design/rtl/ecc/mig_7series_v4_0_ecc_buf.v" into library xil_defaultlib
INFO: [VRFC 10-311] analyzing module mig_7series_v4_0_ecc_buf
INFO: [VRFC 10-2263] Analyzing Verilog file "E:/MIA701SRC/S02_CH10/S02_CH10_640_480_DDR_HDMI/MIG_OV_PRG/MIG_OV_PRG.srcs/sources_1/ip/mig_7series_0/mig_7series_0/user_design/rtl/ecc/mig_7series_v4_0_ecc_dec_fix.v" into library xil_defaultlib
INFO: [VRFC 10-311] analyzing module mig_7series_v4_0_ecc_dec_fix
INFO: [VRFC 10-2263] Analyzing Verilog file "E:/MIA701SRC/S02_CH10/S02_CH10_640_480_DDR_HDMI/MIG_OV_PRG/MIG_OV_PRG.srcs/sources_1/ip/mig_7series_0/mig_7series_0/user_design/rtl/ecc/mig_7series_v4_0_ecc_gen.v" into library xil_defaultlib
INFO: [VRFC 10-311] analyzing module mig_7series_v4_0_ecc_gen
INFO: [VRFC 10-2263] Analyzing Verilog file "E:/MIA701SRC/S02_CH10/S02_CH10_640_480_DDR_HDMI/MIG_OV_PRG/MIG_OV_PRG.srcs/sources_1/ip/mig_7series_0/mig_7series_0/user_design/rtl/ecc/mig_7series_v4_0_ecc_merge_enc.v" into library xil_defaultlib
INFO: [VRFC 10-311] analyzing module mig_7series_v4_0_ecc_merge_enc
INFO: [VRFC 10-2263] Analyzing Verilog file "E:/MIA701SRC/S02_CH10/S02_CH10_640_480_DDR_HDMI/MIG_OV_PRG/MIG_OV_PRG.srcs/sources_1/ip/mig_7series_0/mig_7series_0/user_design/rtl/ecc/mig_7series_v4_0_fi_xor.v" into library xil_defaultlib
INFO: [VRFC 10-311] analyzing module mig_7series_v4_0_fi_xor
INFO: [VRFC 10-2263] Analyzing Verilog file "E:/MIA701SRC/S02_CH10/S02_CH10_640_480_DDR_HDMI/MIG_OV_PRG/MIG_OV_PRG.srcs/sources_1/ip/mig_7series_0/mig_7series_0/user_design/rtl/ip_top/mig_7series_v4_0_memc_ui_top_std.v" into library xil_defaultlib
INFO: [VRFC 10-311] analyzing module mig_7series_v4_0_memc_ui_top_std
INFO: [VRFC 10-2263] Analyzing Verilog file "E:/MIA701SRC/S02_CH10/S02_CH10_640_480_DDR_HDMI/MIG_OV_PRG/MIG_OV_PRG.srcs/sources_1/ip/mig_7series_0/mig_7series_0/user_design/rtl/ip_top/mig_7series_v4_0_mem_intfc.v" into library xil_defaultlib
INFO: [VRFC 10-311] analyzing module mig_7series_v4_0_mem_intfc
INFO: [VRFC 10-2263] Analyzing Verilog file "E:/MIA701SRC/S02_CH10/S02_CH10_640_480_DDR_HDMI/MIG_OV_PRG/MIG_OV_PRG.srcs/sources_1/ip/mig_7series_0/mig_7series_0/user_design/rtl/phy/mig_7series_v4_0_ddr_byte_group_io.v" into library xil_defaultlib
INFO: [VRFC 10-311] analyzing module mig_7series_v4_0_ddr_byte_group_io
INFO: [VRFC 10-2263] Analyzing Verilog file "E:/MIA701SRC/S02_CH10/S02_CH10_640_480_DDR_HDMI/MIG_OV_PRG/MIG_OV_PRG.srcs/sources_1/ip/mig_7series_0/mig_7series_0/user_design/rtl/phy/mig_7series_v4_0_ddr_byte_lane.v" into library xil_defaultlib
INFO: [VRFC 10-311] analyzing module mig_7series_v4_0_ddr_byte_lane
INFO: [VRFC 10-2263] Analyzing Verilog file "E:/MIA701SRC/S02_CH10/S02_CH10_640_480_DDR_HDMI/MIG_OV_PRG/MIG_OV_PRG.srcs/sources_1/ip/mig_7series_0/mig_7series_0/user_design/rtl/phy/mig_7series_v4_0_ddr_calib_top.v" into library xil_defaultlib
INFO: [VRFC 10-311] analyzing module mig_7series_v4_0_ddr_calib_top
INFO: [VRFC 10-2263] Analyzing Verilog file "E:/MIA701SRC/S02_CH10/S02_CH10_640_480_DDR_HDMI/MIG_OV_PRG/MIG_OV_PRG.srcs/sources_1/ip/mig_7series_0/mig_7series_0/user_design/rtl/phy/mig_7series_v4_0_ddr_if_post_fifo.v" into library xil_defaultlib
INFO: [VRFC 10-311] analyzing module mig_7series_v4_0_ddr_if_post_fifo
INFO: [VRFC 10-2263] Analyzing Verilog file "E:/MIA701SRC/S02_CH10/S02_CH10_640_480_DDR_HDMI/MIG_OV_PRG/MIG_OV_PRG.srcs/sources_1/ip/mig_7series_0/mig_7series_0/user_design/rtl/phy/mig_7series_v4_0_ddr_mc_phy.v" into library xil_defaultlib
INFO: [VRFC 10-311] analyzing module mig_7series_v4_0_ddr_mc_phy
INFO: [VRFC 10-2263] Analyzing Verilog file "E:/MIA701SRC/S02_CH10/S02_CH10_640_480_DDR_HDMI/MIG_OV_PRG/MIG_OV_PRG.srcs/sources_1/ip/mig_7series_0/mig_7series_0/user_design/rtl/phy/mig_7series_v4_0_ddr_mc_phy_wrapper.v" into library xil_defaultlib
INFO: [VRFC 10-311] analyzing module mig_7series_v4_0_ddr_mc_phy_wrapper
INFO: [VRFC 10-2263] Analyzing Verilog file "E:/MIA701SRC/S02_CH10/S02_CH10_640_480_DDR_HDMI/MIG_OV_PRG/MIG_OV_PRG.srcs/sources_1/ip/mig_7series_0/mig_7series_0/user_design/rtl/phy/mig_7series_v4_0_ddr_of_pre_fifo.v" into library xil_defaultlib
INFO: [VRFC 10-311] analyzing module mig_7series_v4_0_ddr_of_pre_fifo
INFO: [VRFC 10-2263] Analyzing Verilog file "E:/MIA701SRC/S02_CH10/S02_CH10_640_480_DDR_HDMI/MIG_OV_PRG/MIG_OV_PRG.srcs/sources_1/ip/mig_7series_0/mig_7series_0/user_design/rtl/phy/mig_7series_v4_0_ddr_phy_4lanes.v" into library xil_defaultlib
INFO: [VRFC 10-311] analyzing module mig_7series_v4_0_ddr_phy_4lanes
INFO: [VRFC 10-2263] Analyzing Verilog file "E:/MIA701SRC/S02_CH10/S02_CH10_640_480_DDR_HDMI/MIG_OV_PRG/MIG_OV_PRG.srcs/sources_1/ip/mig_7series_0/mig_7series_0/user_design/rtl/phy/mig_7series_v4_0_ddr_phy_ck_addr_cmd_delay.v" into library xil_defaultlib
INFO: [VRFC 10-311] analyzing module mig_7series_v4_0_ddr_phy_ck_addr_cmd_delay
INFO: [VRFC 10-2263] Analyzing Verilog file "E:/MIA701SRC/S02_CH10/S02_CH10_640_480_DDR_HDMI/MIG_OV_PRG/MIG_OV_PRG.srcs/sources_1/ip/mig_7series_0/mig_7series_0/user_design/rtl/phy/mig_7series_v4_0_ddr_phy_dqs_found_cal.v" into library xil_defaultlib
INFO: [VRFC 10-311] analyzing module mig_7series_v4_0_ddr_phy_dqs_found_cal
INFO: [VRFC 10-2263] Analyzing Verilog file "E:/MIA701SRC/S02_CH10/S02_CH10_640_480_DDR_HDMI/MIG_OV_PRG/MIG_OV_PRG.srcs/sources_1/ip/mig_7series_0/mig_7series_0/user_design/rtl/phy/mig_7series_v4_0_ddr_phy_dqs_found_cal_hr.v" into library xil_defaultlib
INFO: [VRFC 10-311] analyzing module mig_7series_v4_0_ddr_phy_dqs_found_cal_hr
INFO: [VRFC 10-2263] Analyzing Verilog file "E:/MIA701SRC/S02_CH10/S02_CH10_640_480_DDR_HDMI/MIG_OV_PRG/MIG_OV_PRG.srcs/sources_1/ip/mig_7series_0/mig_7series_0/user_design/rtl/phy/mig_7series_v4_0_ddr_phy_init.v" into library xil_defaultlib
INFO: [VRFC 10-311] analyzing module mig_7series_v4_0_ddr_phy_init
INFO: [VRFC 10-2263] Analyzing Verilog file "E:/MIA701SRC/S02_CH10/S02_CH10_640_480_DDR_HDMI/MIG_OV_PRG/MIG_OV_PRG.srcs/sources_1/ip/mig_7series_0/mig_7series_0/user_design/rtl/phy/mig_7series_v4_0_ddr_phy_ocd_cntlr.v" into library xil_defaultlib
INFO: [VRFC 10-311] analyzing module mig_7series_v4_0_ddr_phy_ocd_cntlr
INFO: [VRFC 10-2263] Analyzing Verilog file "E:/MIA701SRC/S02_CH10/S02_CH10_640_480_DDR_HDMI/MIG_OV_PRG/MIG_OV_PRG.srcs/sources_1/ip/mig_7series_0/mig_7series_0/user_design/rtl/phy/mig_7series_v4_0_ddr_phy_ocd_data.v" into library xil_defaultlib
INFO: [VRFC 10-311] analyzing module mig_7series_v4_0_ddr_phy_ocd_data
INFO: [VRFC 10-2263] Analyzing Verilog file "E:/MIA701SRC/S02_CH10/S02_CH10_640_480_DDR_HDMI/MIG_OV_PRG/MIG_OV_PRG.srcs/sources_1/ip/mig_7series_0/mig_7series_0/user_design/rtl/phy/mig_7series_v4_0_ddr_phy_ocd_edge.v" into library xil_defaultlib
INFO: [VRFC 10-311] analyzing module mig_7series_v4_0_ddr_phy_ocd_edge
INFO: [VRFC 10-2263] Analyzing Verilog file "E:/MIA701SRC/S02_CH10/S02_CH10_640_480_DDR_HDMI/MIG_OV_PRG/MIG_OV_PRG.srcs/sources_1/ip/mig_7series_0/mig_7series_0/user_design/rtl/phy/mig_7series_v4_0_ddr_phy_ocd_lim.v" into library xil_defaultlib
INFO: [VRFC 10-311] analyzing module mig_7series_v4_0_ddr_phy_ocd_lim
INFO: [VRFC 10-2263] Analyzing Verilog file "E:/MIA701SRC/S02_CH10/S02_CH10_640_480_DDR_HDMI/MIG_OV_PRG/MIG_OV_PRG.srcs/sources_1/ip/mig_7series_0/mig_7series_0/user_design/rtl/phy/mig_7series_v4_0_ddr_phy_ocd_mux.v" into library xil_defaultlib
INFO: [VRFC 10-311] analyzing module mig_7series_v4_0_ddr_phy_ocd_mux
INFO: [VRFC 10-2263] Analyzing Verilog file "E:/MIA701SRC/S02_CH10/S02_CH10_640_480_DDR_HDMI/MIG_OV_PRG/MIG_OV_PRG.srcs/sources_1/ip/mig_7series_0/mig_7series_0/user_design/rtl/phy/mig_7series_v4_0_ddr_phy_ocd_po_cntlr.v" into library xil_defaultlib
INFO: [VRFC 10-311] analyzing module mig_7series_v4_0_ddr_phy_ocd_po_cntlr
INFO: [VRFC 10-2263] Analyzing Verilog file "E:/MIA701SRC/S02_CH10/S02_CH10_640_480_DDR_HDMI/MIG_OV_PRG/MIG_OV_PRG.srcs/sources_1/ip/mig_7series_0/mig_7series_0/user_design/rtl/phy/mig_7series_v4_0_ddr_phy_ocd_samp.v" into library xil_defaultlib
INFO: [VRFC 10-311] analyzing module mig_7series_v4_0_ddr_phy_ocd_samp
INFO: [VRFC 10-2263] Analyzing Verilog file "E:/MIA701SRC/S02_CH10/S02_CH10_640_480_DDR_HDMI/MIG_OV_PRG/MIG_OV_PRG.srcs/sources_1/ip/mig_7series_0/mig_7series_0/user_design/rtl/phy/mig_7series_v4_0_ddr_phy_oclkdelay_cal.v" into library xil_defaultlib
INFO: [VRFC 10-311] analyzing module mig_7series_v4_0_ddr_phy_oclkdelay_cal
INFO: [VRFC 10-2263] Analyzing Verilog file "E:/MIA701SRC/S02_CH10/S02_CH10_640_480_DDR_HDMI/MIG_OV_PRG/MIG_OV_PRG.srcs/sources_1/ip/mig_7series_0/mig_7series_0/user_design/rtl/phy/mig_7series_v4_0_ddr_phy_prbs_rdlvl.v" into library xil_defaultlib
INFO: [VRFC 10-311] analyzing module mig_7series_v4_0_ddr_phy_prbs_rdlvl
INFO: [VRFC 10-2263] Analyzing Verilog file "E:/MIA701SRC/S02_CH10/S02_CH10_640_480_DDR_HDMI/MIG_OV_PRG/MIG_OV_PRG.srcs/sources_1/ip/mig_7series_0/mig_7series_0/user_design/rtl/phy/mig_7series_v4_0_ddr_phy_rdlvl.v" into library xil_defaultlib
INFO: [VRFC 10-311] analyzing module mig_7series_v4_0_ddr_phy_rdlvl
INFO: [VRFC 10-2263] Analyzing Verilog file "E:/MIA701SRC/S02_CH10/S02_CH10_640_480_DDR_HDMI/MIG_OV_PRG/MIG_OV_PRG.srcs/sources_1/ip/mig_7series_0/mig_7series_0/user_design/rtl/phy/mig_7series_v4_0_ddr_phy_tempmon.v" into library xil_defaultlib
INFO: [VRFC 10-311] analyzing module mig_7series_v4_0_ddr_phy_tempmon
INFO: [VRFC 10-2263] Analyzing Verilog file "E:/MIA701SRC/S02_CH10/S02_CH10_640_480_DDR_HDMI/MIG_OV_PRG/MIG_OV_PRG.srcs/sources_1/ip/mig_7series_0/mig_7series_0/user_design/rtl/phy/mig_7series_v4_0_ddr_phy_top.v" into library xil_defaultlib
INFO: [VRFC 10-311] analyzing module mig_7series_v4_0_ddr_phy_top
INFO: [VRFC 10-2263] Analyzing Verilog file "E:/MIA701SRC/S02_CH10/S02_CH10_640_480_DDR_HDMI/MIG_OV_PRG/MIG_OV_PRG.srcs/sources_1/ip/mig_7series_0/mig_7series_0/user_design/rtl/phy/mig_7series_v4_0_ddr_phy_wrcal.v" into library xil_defaultlib
INFO: [VRFC 10-311] analyzing module mig_7series_v4_0_ddr_phy_wrcal
INFO: [VRFC 10-2263] Analyzing Verilog file "E:/MIA701SRC/S02_CH10/S02_CH10_640_480_DDR_HDMI/MIG_OV_PRG/MIG_OV_PRG.srcs/sources_1/ip/mig_7series_0/mig_7series_0/user_design/rtl/phy/mig_7series_v4_0_ddr_phy_wrlvl.v" into library xil_defaultlib
INFO: [VRFC 10-311] analyzing module mig_7series_v4_0_ddr_phy_wrlvl
INFO: [VRFC 10-2263] Analyzing Verilog file "E:/MIA701SRC/S02_CH10/S02_CH10_640_480_DDR_HDMI/MIG_OV_PRG/MIG_OV_PRG.srcs/sources_1/ip/mig_7series_0/mig_7series_0/user_design/rtl/phy/mig_7series_v4_0_ddr_phy_wrlvl_off_delay.v" into library xil_defaultlib
INFO: [VRFC 10-311] analyzing module mig_7series_v4_0_ddr_phy_wrlvl_off_delay
INFO: [VRFC 10-2263] Analyzing Verilog file "E:/MIA701SRC/S02_CH10/S02_CH10_640_480_DDR_HDMI/MIG_OV_PRG/MIG_OV_PRG.srcs/sources_1/ip/mig_7series_0/mig_7series_0/user_design/rtl/phy/mig_7series_v4_0_ddr_prbs_gen.v" into library xil_defaultlib
INFO: [VRFC 10-311] analyzing module mig_7series_v4_0_ddr_prbs_gen
INFO: [VRFC 10-2263] Analyzing Verilog file "E:/MIA701SRC/S02_CH10/S02_CH10_640_480_DDR_HDMI/MIG_OV_PRG/MIG_OV_PRG.srcs/sources_1/ip/mig_7series_0/mig_7series_0/user_design/rtl/phy/mig_7series_v4_0_ddr_skip_calib_tap.v" into library xil_defaultlib
INFO: [VRFC 10-311] analyzing module mig_7series_v4_0_ddr_skip_calib_tap
INFO: [VRFC 10-2263] Analyzing Verilog file "E:/MIA701SRC/S02_CH10/S02_CH10_640_480_DDR_HDMI/MIG_OV_PRG/MIG_OV_PRG.srcs/sources_1/ip/mig_7series_0/mig_7series_0/user_design/rtl/phy/mig_7series_v4_0_poc_cc.v" into library xil_defaultlib
INFO: [VRFC 10-311] analyzing module mig_7series_v4_0_poc_cc
INFO: [VRFC 10-2263] Analyzing Verilog file "E:/MIA701SRC/S02_CH10/S02_CH10_640_480_DDR_HDMI/MIG_OV_PRG/MIG_OV_PRG.srcs/sources_1/ip/mig_7series_0/mig_7series_0/user_design/rtl/phy/mig_7series_v4_0_poc_edge_store.v" into library xil_defaultlib
INFO: [VRFC 10-311] analyzing module mig_7series_v4_0_poc_edge_store
INFO: [VRFC 10-2263] Analyzing Verilog file "E:/MIA701SRC/S02_CH10/S02_CH10_640_480_DDR_HDMI/MIG_OV_PRG/MIG_OV_PRG.srcs/sources_1/ip/mig_7series_0/mig_7series_0/user_design/rtl/phy/mig_7series_v4_0_poc_meta.v" into library xil_defaultlib
INFO: [VRFC 10-311] analyzing module mig_7series_v4_0_poc_meta
INFO: [VRFC 10-2263] Analyzing Verilog file "E:/MIA701SRC/S02_CH10/S02_CH10_640_480_DDR_HDMI/MIG_OV_PRG/MIG_OV_PRG.srcs/sources_1/ip/mig_7series_0/mig_7series_0/user_design/rtl/phy/mig_7series_v4_0_poc_pd.v" into library xil_defaultlib
INFO: [VRFC 10-311] analyzing module mig_7series_v4_0_poc_pd
INFO: [VRFC 10-2263] Analyzing Verilog file "E:/MIA701SRC/S02_CH10/S02_CH10_640_480_DDR_HDMI/MIG_OV_PRG/MIG_OV_PRG.srcs/sources_1/ip/mig_7series_0/mig_7series_0/user_design/rtl/phy/mig_7series_v4_0_poc_tap_base.v" into library xil_defaultlib
INFO: [VRFC 10-311] analyzing module mig_7series_v4_0_poc_tap_base
INFO: [VRFC 10-2263] Analyzing Verilog file "E:/MIA701SRC/S02_CH10/S02_CH10_640_480_DDR_HDMI/MIG_OV_PRG/MIG_OV_PRG.srcs/sources_1/ip/mig_7series_0/mig_7series_0/user_design/rtl/phy/mig_7series_v4_0_poc_top.v" into library xil_defaultlib
INFO: [VRFC 10-311] analyzing module mig_7series_v4_0_poc_top
INFO: [VRFC 10-2263] Analyzing Verilog file "E:/MIA701SRC/S02_CH10/S02_CH10_640_480_DDR_HDMI/MIG_OV_PRG/MIG_OV_PRG.srcs/sources_1/ip/mig_7series_0/mig_7series_0/user_design/rtl/ui/mig_7series_v4_0_ui_cmd.v" into library xil_defaultlib
INFO: [VRFC 10-311] analyzing module mig_7series_v4_0_ui_cmd
INFO: [VRFC 10-2263] Analyzing Verilog file "E:/MIA701SRC/S02_CH10/S02_CH10_640_480_DDR_HDMI/MIG_OV_PRG/MIG_OV_PRG.srcs/sources_1/ip/mig_7series_0/mig_7series_0/user_design/rtl/ui/mig_7series_v4_0_ui_rd_data.v" into library xil_defaultlib
INFO: [VRFC 10-311] analyzing module mig_7series_v4_0_ui_rd_data
INFO: [VRFC 10-2263] Analyzing Verilog file "E:/MIA701SRC/S02_CH10/S02_CH10_640_480_DDR_HDMI/MIG_OV_PRG/MIG_OV_PRG.srcs/sources_1/ip/mig_7series_0/mig_7series_0/user_design/rtl/ui/mig_7series_v4_0_ui_top.v" into library xil_defaultlib
INFO: [VRFC 10-311] analyzing module mig_7series_v4_0_ui_top
INFO: [VRFC 10-2263] Analyzing Verilog file "E:/MIA701SRC/S02_CH10/S02_CH10_640_480_DDR_HDMI/MIG_OV_PRG/MIG_OV_PRG.srcs/sources_1/ip/mig_7series_0/mig_7series_0/user_design/rtl/ui/mig_7series_v4_0_ui_wr_data.v" into library xil_defaultlib
INFO: [VRFC 10-311] analyzing module mig_7series_v4_0_ui_wr_data
INFO: [VRFC 10-2263] Analyzing Verilog file "E:/MIA701SRC/S02_CH10/S02_CH10_640_480_DDR_HDMI/MIG_OV_PRG/MIG_OV_PRG.srcs/sources_1/ip/mig_7series_0/mig_7series_0/user_design/rtl/mig_7series_0_mig_sim.v" into library xil_defaultlib
INFO: [VRFC 10-311] analyzing module mig_7series_0_mig
INFO: [VRFC 10-2458] undeclared symbol dbg_sel_po_incdec, assumed default net type wire [E:/MIA701SRC/S02_CH10/S02_CH10_640_480_DDR_HDMI/MIG_OV_PRG/MIG_OV_PRG.srcs/sources_1/ip/mig_7series_0/mig_7series_0/user_design/rtl/mig_7series_0_mig_sim.v:1094]
INFO: [VRFC 10-2458] undeclared symbol dbg_po_f_inc, assumed default net type wire [E:/MIA701SRC/S02_CH10/S02_CH10_640_480_DDR_HDMI/MIG_OV_PRG/MIG_OV_PRG.srcs/sources_1/ip/mig_7series_0/mig_7series_0/user_design/rtl/mig_7series_0_mig_sim.v:1098]
INFO: [VRFC 10-2458] undeclared symbol dbg_po_f_stg23_sel, assumed default net type wire [E:/MIA701SRC/S02_CH10/S02_CH10_640_480_DDR_HDMI/MIG_OV_PRG/MIG_OV_PRG.srcs/sources_1/ip/mig_7series_0/mig_7series_0/user_design/rtl/mig_7series_0_mig_sim.v:1099]
INFO: [VRFC 10-2458] undeclared symbol dbg_po_f_dec, assumed default net type wire [E:/MIA701SRC/S02_CH10/S02_CH10_640_480_DDR_HDMI/MIG_OV_PRG/MIG_OV_PRG.srcs/sources_1/ip/mig_7series_0/mig_7series_0/user_design/rtl/mig_7series_0_mig_sim.v:1100]
INFO: [VRFC 10-2263] Analyzing Verilog file "E:/MIA701SRC/S02_CH10/S02_CH10_640_480_DDR_HDMI/MIG_OV_PRG/MIG_OV_PRG.srcs/sources_1/ip/mig_7series_0/mig_7series_0/user_design/rtl/mig_7series_0.v" into library xil_defaultlib
INFO: [VRFC 10-311] analyzing module mig_7series_0
INFO: [VRFC 10-2263] Analyzing Verilog file "E:/MIA701SRC/S02_CH10/S02_CH10_640_480_DDR_HDMI/user/MIG_BURST_IMAGE.v" into library xil_defaultlib
INFO: [VRFC 10-311] analyzing module MIG_BURST_IMAGE
INFO: [VRFC 10-2458] undeclared symbol empty, assumed default net type wire [E:/MIA701SRC/S02_CH10/S02_CH10_640_480_DDR_HDMI/user/MIG_BURST_IMAGE.v:407]
INFO: [VRFC 10-2263] Analyzing Verilog file "E:/MIA701SRC/S02_CH10/S02_CH10_640_480_DDR_HDMI/MIG_OV_PRG/MIG_OV_PRG.srcs/sources_1/new/vga_lcd_driver.v" into library xil_defaultlib
INFO: [VRFC 10-311] analyzing module vga_lcd_driver
INFO: [VRFC 10-2263] Analyzing Verilog file "E:/MIA701SRC/S02_CH10/S02_CH10_640_480_DDR_HDMI/user/OV7725_TOP.v" into library xil_defaultlib
INFO: [VRFC 10-311] analyzing module OV7725_TOP
INFO: [VRFC 10-2458] undeclared symbol ui_clk, assumed default net type wire [E:/MIA701SRC/S02_CH10/S02_CH10_640_480_DDR_HDMI/user/OV7725_TOP.v:307]
INFO: [VRFC 10-2458] undeclared symbol ui_rst, assumed default net type wire [E:/MIA701SRC/S02_CH10/S02_CH10_640_480_DDR_HDMI/user/OV7725_TOP.v:308]
INFO: [VRFC 10-2458] undeclared symbol CH6_FS_i, assumed default net type wire [E:/MIA701SRC/S02_CH10/S02_CH10_640_480_DDR_HDMI/user/OV7725_TOP.v:391]
INFO: [VRFC 10-2263] Analyzing Verilog file "E:/MIA701SRC/S02_CH10/S02_CH10_640_480_DDR_HDMI/MIG_OV_PRG/imports/wiredly.v" into library xil_defaultlib
INFO: [VRFC 10-311] analyzing module WireDelay
INFO: [VRFC 10-2263] Analyzing SystemVerilog file "E:/MIA701SRC/S02_CH10/S02_CH10_640_480_DDR_HDMI/MIG_OV_PRG/imports/ddr3_model.sv" into library xil_defaultlib
INFO: [VRFC 10-311] analyzing module ddr3_model
INFO: [VRFC 10-2263] Analyzing Verilog file "E:/MIA701SRC/S02_CH10/S02_CH10_640_480_DDR_HDMI/MIG_OV_PRG/imports/sim_tb_top.v" into library xil_defaultlib
INFO: [VRFC 10-311] analyzing module sim_tb_top
INFO: [VRFC 10-2263] Analyzing Verilog file "E:/MIA701SRC/S02_CH10/S02_CH10_640_480_DDR_HDMI/MIG_OV_PRG/MIG_OV_PRG.sim/sim_1/behav/glbl.v" into library xil_defaultlib
INFO: [VRFC 10-311] analyzing module glbl
INFO: [VRFC 10-163] Analyzing VHDL file "E:/MIA701SRC/S02_CH10/S02_CH10_640_480_DDR_HDMI/MIG_OV_PRG/MIG_OV_PRG.ip_user_files/ipstatic/src/TMDSEncoder.vhd" into library xil_defaultlib
INFO: [VRFC 10-307] analyzing entity TMDSEncoder
INFO: [VRFC 10-163] Analyzing VHDL file "E:/MIA701SRC/S02_CH10/S02_CH10_640_480_DDR_HDMI/MIG_OV_PRG/MIG_OV_PRG.ip_user_files/ipstatic/src/SerializerN_1.vhd" into library xil_defaultlib
INFO: [VRFC 10-307] analyzing entity SerializerN_1
ERROR: [VRFC 10-91] oserdes2 is not declared [E:/MIA701SRC/S02_CH10/S02_CH10_640_480_DDR_HDMI/MIG_OV_PRG/MIG_OV_PRG.ip_user_files/ipstatic/src/SerializerN_1.vhd:134]
ERROR: [VRFC 10-91] oserdes2 is not declared [E:/MIA701SRC/S02_CH10/S02_CH10_640_480_DDR_HDMI/MIG_OV_PRG/MIG_OV_PRG.ip_user_files/ipstatic/src/SerializerN_1.vhd:168]
ERROR: [VRFC 10-1504] unit behavioral ignored due to previous errors [E:/MIA701SRC/S02_CH10/S02_CH10_640_480_DDR_HDMI/MIG_OV_PRG/MIG_OV_PRG.ip_user_files/ipstatic/src/SerializerN_1.vhd:76]
INFO: [VRFC 10-240] VHDL file E:/MIA701SRC/S02_CH10/S02_CH10_640_480_DDR_HDMI/MIG_OV_PRG/MIG_OV_PRG.ip_user_files/ipstatic/src/SerializerN_1.vhd ignored due to errors
INFO: [VRFC 10-163] Analyzing VHDL file "E:/MIA701SRC/S02_CH10/S02_CH10_640_480_DDR_HDMI/MIG_OV_PRG/MIG_OV_PRG.ip_user_files/ipstatic/src/DVITransmitter.vhd" into library xil_defaultlib
INFO: [VRFC 10-307] analyzing entity DVITransmitter
ERROR: [VRFC 10-91] bufpll is not declared [E:/MIA701SRC/S02_CH10/S02_CH10_640_480_DDR_HDMI/MIG_OV_PRG/MIG_OV_PRG.ip_user_files/ipstatic/src/DVITransmitter.vhd:171]
ERROR: [VRFC 10-1504] unit behavioral ignored due to previous errors [E:/MIA701SRC/S02_CH10/S02_CH10_640_480_DDR_HDMI/MIG_OV_PRG/MIG_OV_PRG.ip_user_files/ipstatic/src/DVITransmitter.vhd:87]
INFO: [VRFC 10-240] VHDL file E:/MIA701SRC/S02_CH10/S02_CH10_640_480_DDR_HDMI/MIG_OV_PRG/MIG_OV_PRG.ip_user_files/ipstatic/src/DVITransmitter.vhd ignored due to errors
INFO: [VRFC 10-163] Analyzing VHDL file "E:/MIA701SRC/S02_CH10/S02_CH10_640_480_DDR_HDMI/MIG_OV_PRG/MIG_OV_PRG.ip_user_files/ipstatic/src/hdmi_tx.vhd" into library xil_defaultlib
INFO: [VRFC 10-307] analyzing entity HDMI_FPGA_ML_A7
INFO: [VRFC 10-163] Analyzing VHDL file "E:/MIA701SRC/S02_CH10/S02_CH10_640_480_DDR_HDMI/user/HDMI_SRC/HDMI_FPGA_ML_A7_0/sim/HDMI_FPGA_ML_A7_0.vhd" into library xil_defaultlib
INFO: [VRFC 10-307] analyzing entity HDMI_FPGA_ML_A7_0
