Analysis & Synthesis report for 20_lcd
Sun Oct 07 16:39:36 2012
Quartus II 64-Bit Version 11.0 Build 208 07/03/2011 Service Pack 1 SJ Full Version


---------------------
; Table of Contents ;
---------------------
  1. Legal Notice
  2. Analysis & Synthesis Summary
  3. Analysis & Synthesis Settings
  4. Parallel Compilation
  5. Analysis & Synthesis Source Files Read
  6. Analysis & Synthesis Resource Usage Summary
  7. Analysis & Synthesis Resource Utilization by Entity
  8. Analysis & Synthesis RAM Summary
  9. Analysis & Synthesis IP Cores Summary
 10. Registers Removed During Synthesis
 11. Removed Registers Triggering Further Register Optimizations
 12. General Register Statistics
 13. Inverted Register Statistics
 14. Registers Packed Into Inferred Megafunctions
 15. Multiplexer Restructuring Statistics (Restructuring Performed)
 16. Source assignments for lcd_rom_module:U1|altsyncram:altsyncram_component|altsyncram_h5c1:auto_generated
 17. Source assignments for lcd_interface:U2|lcd_ram_module:U1|altsyncram:RAM_rtl_0|altsyncram_60i1:auto_generated
 18. Parameter Settings for User Entity Instance: Top-level Entity: |lcd_interface_demo
 19. Parameter Settings for User Entity Instance: lcd_rom_module:U1|altsyncram:altsyncram_component
 20. Parameter Settings for User Entity Instance: lcd_interface:U2|lcd_control_module:U2
 21. Parameter Settings for User Entity Instance: lcd_interface:U2|spi_write_module:U3
 22. Parameter Settings for Inferred Entity Instance: lcd_interface:U2|lcd_ram_module:U1|altsyncram:RAM_rtl_0
 23. altsyncram Parameter Settings by Entity Instance
 24. Elapsed Time Per Partition
 25. Analysis & Synthesis Messages
 26. Analysis & Synthesis Suppressed Messages



----------------
; Legal Notice ;
----------------
Copyright (C) 1991-2011 Altera Corporation
Your use of Altera Corporation's design tools, logic functions 
and other software and tools, and its AMPP partner logic 
functions, and any output files from any of the foregoing 
(including device programming or simulation files), and any 
associated documentation or information are expressly subject 
to the terms and conditions of the Altera Program License 
Subscription Agreement, Altera MegaCore Function License 
Agreement, or other applicable license agreement, including, 
without limitation, that your use is for the sole purpose of 
programming logic devices manufactured by Altera and sold by 
Altera or its authorized distributors.  Please refer to the 
applicable agreement for further details.



+-------------------------------------------------------------------------------------+
; Analysis & Synthesis Summary                                                        ;
+------------------------------------+------------------------------------------------+
; Analysis & Synthesis Status        ; Successful - Sun Oct 07 16:39:36 2012          ;
; Quartus II 64-Bit Version          ; 11.0 Build 208 07/03/2011 SP 1 SJ Full Version ;
; Revision Name                      ; 20_lcd                                         ;
; Top-level Entity Name              ; lcd_interface_demo                             ;
; Family                             ; Cyclone IV E                                   ;
; Total logic elements               ; 322                                            ;
;     Total combinational functions  ; 314                                            ;
;     Dedicated logic registers      ; 124                                            ;
; Total registers                    ; 124                                            ;
; Total pins                         ; 6                                              ;
; Total virtual pins                 ; 0                                              ;
; Total memory bits                  ; 24,576                                         ;
; Embedded Multiplier 9-bit elements ; 0                                              ;
; Total PLLs                         ; 0                                              ;
+------------------------------------+------------------------------------------------+


+----------------------------------------------------------------------------------------------------------------------+
; Analysis & Synthesis Settings                                                                                        ;
+----------------------------------------------------------------------------+--------------------+--------------------+
; Option                                                                     ; Setting            ; Default Value      ;
+----------------------------------------------------------------------------+--------------------+--------------------+
; Device                                                                     ; EP4CE15F17C8       ;                    ;
; Top-level entity name                                                      ; lcd_interface_demo ; 20_lcd             ;
; Family name                                                                ; Cyclone IV E       ; Cyclone IV GX      ;
; Use smart compilation                                                      ; Off                ; Off                ;
; Enable parallel Assembler and TimeQuest Timing Analyzer during compilation ; On                 ; On                 ;
; Enable compact report table                                                ; Off                ; Off                ;
; Restructure Multiplexers                                                   ; Auto               ; Auto               ;
; Create Debugging Nodes for IP Cores                                        ; Off                ; Off                ;
; Preserve fewer node names                                                  ; On                 ; On                 ;
; Disable OpenCore Plus hardware evaluation                                  ; Off                ; Off                ;
; Verilog Version                                                            ; Verilog_2001       ; Verilog_2001       ;
; VHDL Version                                                               ; VHDL_1993          ; VHDL_1993          ;
; State Machine Processing                                                   ; Auto               ; Auto               ;
; Safe State Machine                                                         ; Off                ; Off                ;
; Extract Verilog State Machines                                             ; On                 ; On                 ;
; Extract VHDL State Machines                                                ; On                 ; On                 ;
; Ignore Verilog initial constructs                                          ; Off                ; Off                ;
; Iteration limit for constant Verilog loops                                 ; 5000               ; 5000               ;
; Iteration limit for non-constant Verilog loops                             ; 250                ; 250                ;
; Add Pass-Through Logic to Inferred RAMs                                    ; On                 ; On                 ;
; Parallel Synthesis                                                         ; On                 ; On                 ;
; DSP Block Balancing                                                        ; Auto               ; Auto               ;
; NOT Gate Push-Back                                                         ; On                 ; On                 ;
; Power-Up Don't Care                                                        ; On                 ; On                 ;
; Remove Redundant Logic Cells                                               ; Off                ; Off                ;
; Remove Duplicate Registers                                                 ; On                 ; On                 ;
; Ignore CARRY Buffers                                                       ; Off                ; Off                ;
; Ignore CASCADE Buffers                                                     ; Off                ; Off                ;
; Ignore GLOBAL Buffers                                                      ; Off                ; Off                ;
; Ignore ROW GLOBAL Buffers                                                  ; Off                ; Off                ;
; Ignore LCELL Buffers                                                       ; Off                ; Off                ;
; Ignore SOFT Buffers                                                        ; On                 ; On                 ;
; Limit AHDL Integers to 32 Bits                                             ; Off                ; Off                ;
; Optimization Technique                                                     ; Balanced           ; Balanced           ;
; Carry Chain Length                                                         ; 70                 ; 70                 ;
; Auto Carry Chains                                                          ; On                 ; On                 ;
; Auto Open-Drain Pins                                                       ; On                 ; On                 ;
; Perform WYSIWYG Primitive Resynthesis                                      ; Off                ; Off                ;
; Auto ROM Replacement                                                       ; On                 ; On                 ;
; Auto RAM Replacement                                                       ; On                 ; On                 ;
; Auto DSP Block Replacement                                                 ; On                 ; On                 ;
; Auto Shift Register Replacement                                            ; Auto               ; Auto               ;
; Allow Shift Register Merging across Hierarchies                            ; Auto               ; Auto               ;
; Auto Clock Enable Replacement                                              ; On                 ; On                 ;
; Strict RAM Replacement                                                     ; Off                ; Off                ;
; Allow Synchronous Control Signals                                          ; On                 ; On                 ;
; Force Use of Synchronous Clear Signals                                     ; Off                ; Off                ;
; Auto RAM Block Balancing                                                   ; On                 ; On                 ;
; Auto RAM to Logic Cell Conversion                                          ; Off                ; Off                ;
; Auto Resource Sharing                                                      ; Off                ; Off                ;
; Allow Any RAM Size For Recognition                                         ; Off                ; Off                ;
; Allow Any ROM Size For Recognition                                         ; Off                ; Off                ;
; Allow Any Shift Register Size For Recognition                              ; Off                ; Off                ;
; Use LogicLock Constraints during Resource Balancing                        ; On                 ; On                 ;
; Ignore translate_off and synthesis_off directives                          ; Off                ; Off                ;
; Timing-Driven Synthesis                                                    ; On                 ; On                 ;
; Report Parameter Settings                                                  ; On                 ; On                 ;
; Report Source Assignments                                                  ; On                 ; On                 ;
; Report Connectivity Checks                                                 ; On                 ; On                 ;
; Ignore Maximum Fan-Out Assignments                                         ; Off                ; Off                ;
; Synchronization Register Chain Length                                      ; 2                  ; 2                  ;
; PowerPlay Power Optimization                                               ; Normal compilation ; Normal compilation ;
; HDL message level                                                          ; Level2             ; Level2             ;
; Suppress Register Optimization Related Messages                            ; Off                ; Off                ;
; Number of Removed Registers Reported in Synthesis Report                   ; 5000               ; 5000               ;
; Number of Inverted Registers Reported in Synthesis Report                  ; 100                ; 100                ;
; Clock MUX Protection                                                       ; On                 ; On                 ;
; Auto Gated Clock Conversion                                                ; Off                ; Off                ;
; Block Design Naming                                                        ; Auto               ; Auto               ;
; SDC constraint protection                                                  ; Off                ; Off                ;
; Synthesis Effort                                                           ; Auto               ; Auto               ;
; Shift Register Replacement - Allow Asynchronous Clear Signal               ; On                 ; On                 ;
; Analysis & Synthesis Message Level                                         ; Medium             ; Medium             ;
; Disable Register Merging Across Hierarchies                                ; Auto               ; Auto               ;
; Resource Aware Inference For Block RAM                                     ; On                 ; On                 ;
; Synthesis Seed                                                             ; 1                  ; 1                  ;
+----------------------------------------------------------------------------+--------------------+--------------------+


+------------------------------------------+
; Parallel Compilation                     ;
+----------------------------+-------------+
; Processors                 ; Number      ;
+----------------------------+-------------+
; Number detected on machine ; 4           ;
; Maximum allowed            ; 4           ;
;                            ;             ;
; Average used               ; 1.00        ;
; Maximum used               ; 1           ;
;                            ;             ;
; Usage by Processor         ; % Time Used ;
;     1 processor            ; 100.0%      ;
;     2-4 processors         ;   0.0%      ;
+----------------------------+-------------+


+--------------------------------------------------------------------------------------------------------------------------------------------------------------------+
; Analysis & Synthesis Source Files Read                                                                                                                             ;
+----------------------------------+-----------------+----------------------------------------+----------------------------------------------------------------------+
; File Name with User-Entered Path ; Used in Netlist ; File Type                              ; File Name with Absolute Path                                         ;
+----------------------------------+-----------------+----------------------------------------+----------------------------------------------------------------------+
; source/spi_write_module.v        ; yes             ; User Verilog HDL File                  ; C:/1_module/Experiment/20_lcd/source/spi_write_module.v              ;
; source/lcd_rom_module.v          ; yes             ; User Wizard-Generated File             ; C:/1_module/Experiment/20_lcd/source/lcd_rom_module.v                ;
; source/lcd_ram_module.v          ; yes             ; User Verilog HDL File                  ; C:/1_module/Experiment/20_lcd/source/lcd_ram_module.v                ;
; source/lcd_interface_demo.v      ; yes             ; User Verilog HDL File                  ; C:/1_module/Experiment/20_lcd/source/lcd_interface_demo.v            ;
; source/lcd_interface.v           ; yes             ; User Verilog HDL File                  ; C:/1_module/Experiment/20_lcd/source/lcd_interface.v                 ;
; source/lcd_control_module.v      ; yes             ; User Verilog HDL File                  ; C:/1_module/Experiment/20_lcd/source/lcd_control_module.v            ;
; altsyncram.tdf                   ; yes             ; Megafunction                           ; c:/altera/11.0/quartus/libraries/megafunctions/altsyncram.tdf        ;
; stratix_ram_block.inc            ; yes             ; Megafunction                           ; c:/altera/11.0/quartus/libraries/megafunctions/stratix_ram_block.inc ;
; lpm_mux.inc                      ; yes             ; Megafunction                           ; c:/altera/11.0/quartus/libraries/megafunctions/lpm_mux.inc           ;
; lpm_decode.inc                   ; yes             ; Megafunction                           ; c:/altera/11.0/quartus/libraries/megafunctions/lpm_decode.inc        ;
; aglobal110.inc                   ; yes             ; Megafunction                           ; c:/altera/11.0/quartus/libraries/megafunctions/aglobal110.inc        ;
; a_rdenreg.inc                    ; yes             ; Megafunction                           ; c:/altera/11.0/quartus/libraries/megafunctions/a_rdenreg.inc         ;
; altrom.inc                       ; yes             ; Megafunction                           ; c:/altera/11.0/quartus/libraries/megafunctions/altrom.inc            ;
; altram.inc                       ; yes             ; Megafunction                           ; c:/altera/11.0/quartus/libraries/megafunctions/altram.inc            ;
; altdpram.inc                     ; yes             ; Megafunction                           ; c:/altera/11.0/quartus/libraries/megafunctions/altdpram.inc          ;
; db/altsyncram_h5c1.tdf           ; yes             ; Auto-Generated Megafunction            ; C:/1_module/Experiment/20_lcd/db/altsyncram_h5c1.tdf                 ;
; source/pika_ani.mif              ; yes             ; Auto-Found Memory Initialization File  ; C:/1_module/Experiment/20_lcd/source/pika_ani.mif                    ;
; db/altsyncram_60i1.tdf           ; yes             ; Auto-Generated Megafunction            ; C:/1_module/Experiment/20_lcd/db/altsyncram_60i1.tdf                 ;
+----------------------------------+-----------------+----------------------------------------+----------------------------------------------------------------------+


+---------------------------------------------------------+
; Analysis & Synthesis Resource Usage Summary             ;
+---------------------------------------------+-----------+
; Resource                                    ; Usage     ;
+---------------------------------------------+-----------+
; Estimated Total logic elements              ; 322       ;
;                                             ;           ;
; Total combinational functions               ; 314       ;
; Logic element usage by number of LUT inputs ;           ;
;     -- 4 input functions                    ; 172       ;
;     -- 3 input functions                    ; 38        ;
;     -- <=2 input functions                  ; 104       ;
;                                             ;           ;
; Logic elements by mode                      ;           ;
;     -- normal mode                          ; 238       ;
;     -- arithmetic mode                      ; 76        ;
;                                             ;           ;
; Total registers                             ; 124       ;
;     -- Dedicated logic registers            ; 124       ;
;     -- I/O registers                        ; 0         ;
;                                             ;           ;
; I/O pins                                    ; 6         ;
; Total memory bits                           ; 24576     ;
; Maximum fan-out node                        ; CLK~input ;
; Maximum fan-out                             ; 140       ;
; Total fan-out                               ; 1783      ;
; Average fan-out                             ; 3.83      ;
+---------------------------------------------+-----------+


+--------------------------------------------------------------------------------------------------------------------------------------------------------------------------------------------------------------------------------------------------------------------------------------+
; Analysis & Synthesis Resource Utilization by Entity                                                                                                                                                                                                                                  ;
+----------------------------------------------+-------------------+--------------+-------------+--------------+---------+-----------+------+--------------+------------------------------------------------------------------------------------------------------------+--------------+
; Compilation Hierarchy Node                   ; LC Combinationals ; LC Registers ; Memory Bits ; DSP Elements ; DSP 9x9 ; DSP 18x18 ; Pins ; Virtual Pins ; Full Hierarchy Name                                                                                        ; Library Name ;
+----------------------------------------------+-------------------+--------------+-------------+--------------+---------+-----------+------+--------------+------------------------------------------------------------------------------------------------------------+--------------+
; |lcd_interface_demo                          ; 314 (70)          ; 124 (57)     ; 24576       ; 0            ; 0       ; 0         ; 6    ; 0            ; |lcd_interface_demo                                                                                        ;              ;
;    |lcd_interface:U2|                        ; 244 (0)           ; 67 (0)       ; 8192        ; 0            ; 0       ; 0         ; 0    ; 0            ; |lcd_interface_demo|lcd_interface:U2                                                                       ;              ;
;       |lcd_control_module:U2|                ; 215 (215)         ; 53 (53)      ; 0           ; 0            ; 0       ; 0         ; 0    ; 0            ; |lcd_interface_demo|lcd_interface:U2|lcd_control_module:U2                                                 ;              ;
;       |lcd_ram_module:U1|                    ; 2 (2)             ; 1 (1)        ; 8192        ; 0            ; 0       ; 0         ; 0    ; 0            ; |lcd_interface_demo|lcd_interface:U2|lcd_ram_module:U1                                                     ;              ;
;          |altsyncram:RAM_rtl_0|              ; 0 (0)             ; 0 (0)        ; 8192        ; 0            ; 0       ; 0         ; 0    ; 0            ; |lcd_interface_demo|lcd_interface:U2|lcd_ram_module:U1|altsyncram:RAM_rtl_0                                ;              ;
;             |altsyncram_60i1:auto_generated| ; 0 (0)             ; 0 (0)        ; 8192        ; 0            ; 0       ; 0         ; 0    ; 0            ; |lcd_interface_demo|lcd_interface:U2|lcd_ram_module:U1|altsyncram:RAM_rtl_0|altsyncram_60i1:auto_generated ;              ;
;       |spi_write_module:U3|                  ; 27 (27)           ; 13 (13)      ; 0           ; 0            ; 0       ; 0         ; 0    ; 0            ; |lcd_interface_demo|lcd_interface:U2|spi_write_module:U3                                                   ;              ;
;    |lcd_rom_module:U1|                       ; 0 (0)             ; 0 (0)        ; 16384       ; 0            ; 0       ; 0         ; 0    ; 0            ; |lcd_interface_demo|lcd_rom_module:U1                                                                      ;              ;
;       |altsyncram:altsyncram_component|      ; 0 (0)             ; 0 (0)        ; 16384       ; 0            ; 0       ; 0         ; 0    ; 0            ; |lcd_interface_demo|lcd_rom_module:U1|altsyncram:altsyncram_component                                      ;              ;
;          |altsyncram_h5c1:auto_generated|    ; 0 (0)             ; 0 (0)        ; 16384       ; 0            ; 0       ; 0         ; 0    ; 0            ; |lcd_interface_demo|lcd_rom_module:U1|altsyncram:altsyncram_component|altsyncram_h5c1:auto_generated       ;              ;
+----------------------------------------------+-------------------+--------------+-------------+--------------+---------+-----------+------+--------------+------------------------------------------------------------------------------------------------------------+--------------+
Note: For table entries with two numbers listed, the numbers in parentheses indicate the number of resources of the given type used by the specific entity alone. The numbers listed outside of parentheses indicate the total resources of the given type used by the specific entity and all of its sub-entities in the hierarchy.


+-------------------------------------------------------------------------------------------------------------------------------------------------------------------------------------------------------------------------+
; Analysis & Synthesis RAM Summary                                                                                                                                                                                        ;
+---------------------------------------------------------------------------------------------------+------+------------------+--------------+--------------+--------------+--------------+-------+-----------------------+
; Name                                                                                              ; Type ; Mode             ; Port A Depth ; Port A Width ; Port B Depth ; Port B Width ; Size  ; MIF                   ;
+---------------------------------------------------------------------------------------------------+------+------------------+--------------+--------------+--------------+--------------+-------+-----------------------+
; lcd_interface:U2|lcd_ram_module:U1|altsyncram:RAM_rtl_0|altsyncram_60i1:auto_generated|ALTSYNCRAM ; M9K  ; Simple Dual Port ; 1024         ; 8            ; 1024         ; 8            ; 8192  ; None                  ;
; lcd_rom_module:U1|altsyncram:altsyncram_component|altsyncram_h5c1:auto_generated|ALTSYNCRAM       ; M9K  ; ROM              ; 2048         ; 8            ; --           ; --           ; 16384 ; ./source/pika_ani.mif ;
+---------------------------------------------------------------------------------------------------+------+------------------+--------------+--------------+--------------+--------------+-------+-----------------------+


+---------------------------------------------------------------------------------------------------------------------------------------------------------------+
; Analysis & Synthesis IP Cores Summary                                                                                                                         ;
+--------+--------------+---------+--------------+--------------+---------------------------------------+-------------------------------------------------------+
; Vendor ; IP Core Name ; Version ; Release Date ; License Type ; Entity Instance                       ; IP Include File                                       ;
+--------+--------------+---------+--------------+--------------+---------------------------------------+-------------------------------------------------------+
; Altera ; ROM: 1-PORT  ; 11.0    ; N/A          ; N/A          ; |lcd_interface_demo|lcd_rom_module:U1 ; C:/1_module/Experiment/20_lcd/source/lcd_rom_module.v ;
+--------+--------------+---------+--------------+--------------+---------------------------------------+-------------------------------------------------------+


+---------------------------------------------------------------------------------+
; Registers Removed During Synthesis                                              ;
+----------------------------------------+----------------------------------------+
; Register name                          ; Reason for Removal                     ;
+----------------------------------------+----------------------------------------+
; rTimes[9]                              ; Stuck at GND due to stuck port data_in ;
; rTimes[5,6]                            ; Stuck at VCC due to stuck port data_in ;
; rTimes[3]                              ; Stuck at GND due to stuck port data_in ;
; rTimes[2]                              ; Stuck at VCC due to stuck port data_in ;
; rTimes[0,1]                            ; Stuck at GND due to stuck port data_in ;
; rTimes[7,8]                            ; Merged with rTimes[4]                  ;
; i[3]                                   ; Stuck at GND due to stuck port data_in ;
; Total Number of Removed Registers = 10 ;                                        ;
+----------------------------------------+----------------------------------------+


+------------------------------------------------------------------------------------+
; Removed Registers Triggering Further Register Optimizations                        ;
+---------------+---------------------------+----------------------------------------+
; Register name ; Reason for Removal        ; Registers Removed due to This Register ;
+---------------+---------------------------+----------------------------------------+
; rTimes[9]     ; Stuck at GND              ; i[3]                                   ;
;               ; due to stuck port data_in ;                                        ;
+---------------+---------------------------+----------------------------------------+


+------------------------------------------------------+
; General Register Statistics                          ;
+----------------------------------------------+-------+
; Statistic                                    ; Value ;
+----------------------------------------------+-------+
; Total registers                              ; 124   ;
; Number of registers using Synchronous Clear  ; 47    ;
; Number of registers using Synchronous Load   ; 5     ;
; Number of registers using Asynchronous Clear ; 124   ;
; Number of registers using Asynchronous Load  ; 0     ;
; Number of registers using Clock Enable       ; 57    ;
; Number of registers using Preset             ; 0     ;
+----------------------------------------------+-------+


+-------------------------------------------------------------+
; Inverted Register Statistics                                ;
+---------------------------------------------------+---------+
; Inverted Register                                 ; Fan out ;
+---------------------------------------------------+---------+
; lcd_interface:U2|spi_write_module:U3|rCLK         ; 2       ;
; lcd_interface:U2|lcd_control_module:U2|rData[8]   ; 3       ;
; lcd_interface:U2|lcd_control_module:U2|rData[9]   ; 2       ;
; lcd_interface:U2|lcd_control_module:U2|rData[2]   ; 3       ;
; lcd_interface:U2|lcd_control_module:U2|rData[1]   ; 5       ;
; lcd_interface:U2|lcd_control_module:U2|rData[3]   ; 4       ;
; lcd_interface:U2|lcd_control_module:U2|rData[0]   ; 6       ;
; lcd_interface:U2|lcd_control_module:U2|rData[5]   ; 5       ;
; lcd_interface:U2|lcd_control_module:U2|isStart[1] ; 30      ;
; Total number of inverted registers = 9            ;         ;
+---------------------------------------------------+---------+


+------------------------------------------------------------------------------------------------------+
; Registers Packed Into Inferred Megafunctions                                                         ;
+------------------------------------------------+----------------------------------------------+------+
; Register Name                                  ; Megafunction                                 ; Type ;
+------------------------------------------------+----------------------------------------------+------+
; lcd_interface:U2|lcd_ram_module:U1|rData[0..7] ; lcd_interface:U2|lcd_ram_module:U1|RAM_rtl_0 ; RAM  ;
+------------------------------------------------+----------------------------------------------+------+


+--------------------------------------------------------------------------------------------------------------------------------------------------------------------------------------------------+
; Multiplexer Restructuring Statistics (Restructuring Performed)                                                                                                                                   ;
+--------------------+-----------+---------------+----------------------+------------------------+--------------------------------------------------------------------+----------------------------+
; Multiplexer Inputs ; Bus Width ; Baseline Area ; Area if Restructured ; Saving if Restructured ; Registered                                                         ; Example Multiplexer Output ;
+--------------------+-----------+---------------+----------------------+------------------------+--------------------------------------------------------------------+----------------------------+
; 3:1                ; 5 bits    ; 10 LEs        ; 5 LEs                ; 5 LEs                  ; |lcd_interface_demo|lcd_interface:U2|spi_write_module:U3|Count1[2] ;                            ;
; 3:1                ; 16 bits   ; 32 LEs        ; 16 LEs               ; 16 LEs                 ; |lcd_interface_demo|C1[4]                                          ;                            ;
; 32:1               ; 2 bits    ; 42 LEs        ; 12 LEs               ; 30 LEs                 ; |lcd_interface_demo|lcd_interface:U2|spi_write_module:U3|i[4]      ;                            ;
; 10:1               ; 2 bits    ; 12 LEs        ; 6 LEs                ; 6 LEs                  ; |lcd_interface_demo|i[3]                                           ;                            ;
; 64:1               ; 4 bits    ; 168 LEs       ; 4 LEs                ; 164 LEs                ; |lcd_interface_demo|lcd_interface:U2|lcd_control_module:U2|y[3]    ;                            ;
; 16:1               ; 2 bits    ; 20 LEs        ; 8 LEs                ; 12 LEs                 ; |lcd_interface_demo|i[2]                                           ;                            ;
+--------------------+-----------+---------------+----------------------+------------------------+--------------------------------------------------------------------+----------------------------+


+---------------------------------------------------------------------------------------------------------+
; Source assignments for lcd_rom_module:U1|altsyncram:altsyncram_component|altsyncram_h5c1:auto_generated ;
+---------------------------------+--------------------+------+-------------------------------------------+
; Assignment                      ; Value              ; From ; To                                        ;
+---------------------------------+--------------------+------+-------------------------------------------+
; OPTIMIZE_POWER_DURING_SYNTHESIS ; NORMAL_COMPILATION ; -    ; -                                         ;
+---------------------------------+--------------------+------+-------------------------------------------+


+---------------------------------------------------------------------------------------------------------------+
; Source assignments for lcd_interface:U2|lcd_ram_module:U1|altsyncram:RAM_rtl_0|altsyncram_60i1:auto_generated ;
+---------------------------------+--------------------+------+-------------------------------------------------+
; Assignment                      ; Value              ; From ; To                                              ;
+---------------------------------+--------------------+------+-------------------------------------------------+
; OPTIMIZE_POWER_DURING_SYNTHESIS ; NORMAL_COMPILATION ; -    ; -                                               ;
+---------------------------------+--------------------+------+-------------------------------------------------+


+------------------------------------------------------------------------------------+
; Parameter Settings for User Entity Instance: Top-level Entity: |lcd_interface_demo ;
+----------------+------------------+------------------------------------------------+
; Parameter Name ; Value            ; Type                                           ;
+----------------+------------------+------------------------------------------------+
; T1MS           ; 1100001101001111 ; Unsigned Binary                                ;
+----------------+------------------+------------------------------------------------+
Note: In order to hide this table in the UI and the text report file, please set the "Show Parameter Settings in Synthesis Report" option in "Analysis and Synthesis Settings -> More Settings" to "Off".


+------------------------------------------------------------------------------------------------+
; Parameter Settings for User Entity Instance: lcd_rom_module:U1|altsyncram:altsyncram_component ;
+------------------------------------+-----------------------+-----------------------------------+
; Parameter Name                     ; Value                 ; Type                              ;
+------------------------------------+-----------------------+-----------------------------------+
; BYTE_SIZE_BLOCK                    ; 8                     ; Untyped                           ;
; AUTO_CARRY_CHAINS                  ; ON                    ; AUTO_CARRY                        ;
; IGNORE_CARRY_BUFFERS               ; OFF                   ; IGNORE_CARRY                      ;
; AUTO_CASCADE_CHAINS                ; ON                    ; AUTO_CASCADE                      ;
; IGNORE_CASCADE_BUFFERS             ; OFF                   ; IGNORE_CASCADE                    ;
; WIDTH_BYTEENA                      ; 1                     ; Untyped                           ;
; OPERATION_MODE                     ; ROM                   ; Untyped                           ;
; WIDTH_A                            ; 8                     ; Signed Integer                    ;
; WIDTHAD_A                          ; 11                    ; Signed Integer                    ;
; NUMWORDS_A                         ; 2048                  ; Signed Integer                    ;
; OUTDATA_REG_A                      ; CLOCK0                ; Untyped                           ;
; ADDRESS_ACLR_A                     ; NONE                  ; Untyped                           ;
; OUTDATA_ACLR_A                     ; NONE                  ; Untyped                           ;
; WRCONTROL_ACLR_A                   ; NONE                  ; Untyped                           ;
; INDATA_ACLR_A                      ; NONE                  ; Untyped                           ;
; BYTEENA_ACLR_A                     ; NONE                  ; Untyped                           ;
; WIDTH_B                            ; 1                     ; Untyped                           ;
; WIDTHAD_B                          ; 1                     ; Untyped                           ;
; NUMWORDS_B                         ; 1                     ; Untyped                           ;
; INDATA_REG_B                       ; CLOCK1                ; Untyped                           ;
; WRCONTROL_WRADDRESS_REG_B          ; CLOCK1                ; Untyped                           ;
; RDCONTROL_REG_B                    ; CLOCK1                ; Untyped                           ;
; ADDRESS_REG_B                      ; CLOCK1                ; Untyped                           ;
; OUTDATA_REG_B                      ; UNREGISTERED          ; Untyped                           ;
; BYTEENA_REG_B                      ; CLOCK1                ; Untyped                           ;
; INDATA_ACLR_B                      ; NONE                  ; Untyped                           ;
; WRCONTROL_ACLR_B                   ; NONE                  ; Untyped                           ;
; ADDRESS_ACLR_B                     ; NONE                  ; Untyped                           ;
; OUTDATA_ACLR_B                     ; NONE                  ; Untyped                           ;
; RDCONTROL_ACLR_B                   ; NONE                  ; Untyped                           ;
; BYTEENA_ACLR_B                     ; NONE                  ; Untyped                           ;
; WIDTH_BYTEENA_A                    ; 1                     ; Signed Integer                    ;
; WIDTH_BYTEENA_B                    ; 1                     ; Untyped                           ;
; RAM_BLOCK_TYPE                     ; M9K                   ; Untyped                           ;
; BYTE_SIZE                          ; 8                     ; Untyped                           ;
; READ_DURING_WRITE_MODE_MIXED_PORTS ; DONT_CARE             ; Untyped                           ;
; READ_DURING_WRITE_MODE_PORT_A      ; NEW_DATA_NO_NBE_READ  ; Untyped                           ;
; READ_DURING_WRITE_MODE_PORT_B      ; NEW_DATA_NO_NBE_READ  ; Untyped                           ;
; INIT_FILE                          ; ./source/pika_ani.mif ; Untyped                           ;
; INIT_FILE_LAYOUT                   ; PORT_A                ; Untyped                           ;
; MAXIMUM_DEPTH                      ; 0                     ; Untyped                           ;
; CLOCK_ENABLE_INPUT_A               ; BYPASS                ; Untyped                           ;
; CLOCK_ENABLE_INPUT_B               ; NORMAL                ; Untyped                           ;
; CLOCK_ENABLE_OUTPUT_A              ; BYPASS                ; Untyped                           ;
; CLOCK_ENABLE_OUTPUT_B              ; NORMAL                ; Untyped                           ;
; CLOCK_ENABLE_CORE_A                ; USE_INPUT_CLKEN       ; Untyped                           ;
; CLOCK_ENABLE_CORE_B                ; USE_INPUT_CLKEN       ; Untyped                           ;
; ENABLE_ECC                         ; FALSE                 ; Untyped                           ;
; WIDTH_ECCSTATUS                    ; 3                     ; Untyped                           ;
; DEVICE_FAMILY                      ; Cyclone IV E          ; Untyped                           ;
; CBXI_PARAMETER                     ; altsyncram_h5c1       ; Untyped                           ;
+------------------------------------+-----------------------+-----------------------------------+
Note: In order to hide this table in the UI and the text report file, please set the "Show Parameter Settings in Synthesis Report" option in "Analysis and Synthesis Settings -> More Settings" to "Off".


+-------------------------------------------------------------------------------------+
; Parameter Settings for User Entity Instance: lcd_interface:U2|lcd_control_module:U2 ;
+----------------+-----------------------+--------------------------------------------+
; Parameter Name ; Value                 ; Type                                       ;
+----------------+-----------------------+--------------------------------------------+
; T25MS          ; 100110001001011001111 ; Unsigned Binary                            ;
+----------------+-----------------------+--------------------------------------------+
Note: In order to hide this table in the UI and the text report file, please set the "Show Parameter Settings in Synthesis Report" option in "Analysis and Synthesis Settings -> More Settings" to "Off".


+-----------------------------------------------------------------------------------+
; Parameter Settings for User Entity Instance: lcd_interface:U2|spi_write_module:U3 ;
+----------------+-------+----------------------------------------------------------+
; Parameter Name ; Value ; Type                                                     ;
+----------------+-------+----------------------------------------------------------+
; T0P5US         ; 11000 ; Unsigned Binary                                          ;
+----------------+-------+----------------------------------------------------------+
Note: In order to hide this table in the UI and the text report file, please set the "Show Parameter Settings in Synthesis Report" option in "Analysis and Synthesis Settings -> More Settings" to "Off".


+----------------------------------------------------------------------------------------------------------+
; Parameter Settings for Inferred Entity Instance: lcd_interface:U2|lcd_ram_module:U1|altsyncram:RAM_rtl_0 ;
+------------------------------------+----------------------+----------------------------------------------+
; Parameter Name                     ; Value                ; Type                                         ;
+------------------------------------+----------------------+----------------------------------------------+
; BYTE_SIZE_BLOCK                    ; 8                    ; Untyped                                      ;
; AUTO_CARRY_CHAINS                  ; ON                   ; AUTO_CARRY                                   ;
; IGNORE_CARRY_BUFFERS               ; OFF                  ; IGNORE_CARRY                                 ;
; AUTO_CASCADE_CHAINS                ; ON                   ; AUTO_CASCADE                                 ;
; IGNORE_CASCADE_BUFFERS             ; OFF                  ; IGNORE_CASCADE                               ;
; WIDTH_BYTEENA                      ; 1                    ; Untyped                                      ;
; OPERATION_MODE                     ; DUAL_PORT            ; Untyped                                      ;
; WIDTH_A                            ; 8                    ; Untyped                                      ;
; WIDTHAD_A                          ; 10                   ; Untyped                                      ;
; NUMWORDS_A                         ; 1024                 ; Untyped                                      ;
; OUTDATA_REG_A                      ; UNREGISTERED         ; Untyped                                      ;
; ADDRESS_ACLR_A                     ; NONE                 ; Untyped                                      ;
; OUTDATA_ACLR_A                     ; NONE                 ; Untyped                                      ;
; WRCONTROL_ACLR_A                   ; NONE                 ; Untyped                                      ;
; INDATA_ACLR_A                      ; NONE                 ; Untyped                                      ;
; BYTEENA_ACLR_A                     ; NONE                 ; Untyped                                      ;
; WIDTH_B                            ; 8                    ; Untyped                                      ;
; WIDTHAD_B                          ; 10                   ; Untyped                                      ;
; NUMWORDS_B                         ; 1024                 ; Untyped                                      ;
; INDATA_REG_B                       ; CLOCK1               ; Untyped                                      ;
; WRCONTROL_WRADDRESS_REG_B          ; CLOCK1               ; Untyped                                      ;
; RDCONTROL_REG_B                    ; CLOCK1               ; Untyped                                      ;
; ADDRESS_REG_B                      ; CLOCK1               ; Untyped                                      ;
; OUTDATA_REG_B                      ; UNREGISTERED         ; Untyped                                      ;
; BYTEENA_REG_B                      ; CLOCK1               ; Untyped                                      ;
; INDATA_ACLR_B                      ; NONE                 ; Untyped                                      ;
; WRCONTROL_ACLR_B                   ; NONE                 ; Untyped                                      ;
; ADDRESS_ACLR_B                     ; NONE                 ; Untyped                                      ;
; OUTDATA_ACLR_B                     ; NONE                 ; Untyped                                      ;
; RDCONTROL_ACLR_B                   ; NONE                 ; Untyped                                      ;
; BYTEENA_ACLR_B                     ; NONE                 ; Untyped                                      ;
; WIDTH_BYTEENA_A                    ; 1                    ; Untyped                                      ;
; WIDTH_BYTEENA_B                    ; 1                    ; Untyped                                      ;
; RAM_BLOCK_TYPE                     ; M9K                  ; Untyped                                      ;
; BYTE_SIZE                          ; 8                    ; Untyped                                      ;
; READ_DURING_WRITE_MODE_MIXED_PORTS ; DONT_CARE            ; Untyped                                      ;
; READ_DURING_WRITE_MODE_PORT_A      ; NEW_DATA_NO_NBE_READ ; Untyped                                      ;
; READ_DURING_WRITE_MODE_PORT_B      ; NEW_DATA_NO_NBE_READ ; Untyped                                      ;
; INIT_FILE                          ;  pikachu.mif         ; Untyped                                      ;
; INIT_FILE_LAYOUT                   ; PORT_A               ; Untyped                                      ;
; MAXIMUM_DEPTH                      ; 0                    ; Untyped                                      ;
; CLOCK_ENABLE_INPUT_A               ; NORMAL               ; Untyped                                      ;
; CLOCK_ENABLE_INPUT_B               ; NORMAL               ; Untyped                                      ;
; CLOCK_ENABLE_OUTPUT_A              ; NORMAL               ; Untyped                                      ;
; CLOCK_ENABLE_OUTPUT_B              ; NORMAL               ; Untyped                                      ;
; CLOCK_ENABLE_CORE_A                ; USE_INPUT_CLKEN      ; Untyped                                      ;
; CLOCK_ENABLE_CORE_B                ; USE_INPUT_CLKEN      ; Untyped                                      ;
; ENABLE_ECC                         ; FALSE                ; Untyped                                      ;
; WIDTH_ECCSTATUS                    ; 3                    ; Untyped                                      ;
; DEVICE_FAMILY                      ; Cyclone IV E         ; Untyped                                      ;
; CBXI_PARAMETER                     ; altsyncram_60i1      ; Untyped                                      ;
+------------------------------------+----------------------+----------------------------------------------+
Note: In order to hide this table in the UI and the text report file, please set the "Show Parameter Settings in Synthesis Report" option in "Analysis and Synthesis Settings -> More Settings" to "Off".


+-----------------------------------------------------------------------------------------------------+
; altsyncram Parameter Settings by Entity Instance                                                    ;
+-------------------------------------------+---------------------------------------------------------+
; Name                                      ; Value                                                   ;
+-------------------------------------------+---------------------------------------------------------+
; Number of entity instances                ; 2                                                       ;
; Entity Instance                           ; lcd_rom_module:U1|altsyncram:altsyncram_component       ;
;     -- OPERATION_MODE                     ; ROM                                                     ;
;     -- WIDTH_A                            ; 8                                                       ;
;     -- NUMWORDS_A                         ; 2048                                                    ;
;     -- OUTDATA_REG_A                      ; CLOCK0                                                  ;
;     -- WIDTH_B                            ; 1                                                       ;
;     -- NUMWORDS_B                         ; 1                                                       ;
;     -- ADDRESS_REG_B                      ; CLOCK1                                                  ;
;     -- OUTDATA_REG_B                      ; UNREGISTERED                                            ;
;     -- RAM_BLOCK_TYPE                     ; M9K                                                     ;
;     -- READ_DURING_WRITE_MODE_MIXED_PORTS ; DONT_CARE                                               ;
; Entity Instance                           ; lcd_interface:U2|lcd_ram_module:U1|altsyncram:RAM_rtl_0 ;
;     -- OPERATION_MODE                     ; DUAL_PORT                                               ;
;     -- WIDTH_A                            ; 8                                                       ;
;     -- NUMWORDS_A                         ; 1024                                                    ;
;     -- OUTDATA_REG_A                      ; UNREGISTERED                                            ;
;     -- WIDTH_B                            ; 8                                                       ;
;     -- NUMWORDS_B                         ; 1024                                                    ;
;     -- ADDRESS_REG_B                      ; CLOCK1                                                  ;
;     -- OUTDATA_REG_B                      ; UNREGISTERED                                            ;
;     -- RAM_BLOCK_TYPE                     ; M9K                                                     ;
;     -- READ_DURING_WRITE_MODE_MIXED_PORTS ; DONT_CARE                                               ;
+-------------------------------------------+---------------------------------------------------------+


+-------------------------------+
; Elapsed Time Per Partition    ;
+----------------+--------------+
; Partition Name ; Elapsed Time ;
+----------------+--------------+
; Top            ; 00:00:01     ;
+----------------+--------------+


+-------------------------------+
; Analysis & Synthesis Messages ;
+-------------------------------+
Info: *******************************************************************
Info: Running Quartus II 64-Bit Analysis & Synthesis
    Info: Version 11.0 Build 208 07/03/2011 Service Pack 1 SJ Full Version
    Info: Processing started: Sun Oct 07 16:39:33 2012
Info: Command: quartus_map --read_settings_files=on --write_settings_files=off 20_lcd -c 20_lcd
Info: Parallel compilation is enabled and will use 4 of the 4 processors detected
Info: Found 1 design units, including 1 entities, in source file source/spi_write_module.v
    Info: Found entity 1: spi_write_module
Info: Found 1 design units, including 1 entities, in source file source/lcd_rom_module.v
    Info: Found entity 1: lcd_rom_module
Info: Found 1 design units, including 1 entities, in source file source/lcd_ram_module.v
    Info: Found entity 1: lcd_ram_module
Info: Found 1 design units, including 1 entities, in source file source/lcd_interface_demo.v
    Info: Found entity 1: lcd_interface_demo
Info: Found 1 design units, including 1 entities, in source file source/lcd_interface.v
    Info: Found entity 1: lcd_interface
Info: Found 1 design units, including 1 entities, in source file source/lcd_control_module.v
    Info: Found entity 1: lcd_control_module
Info: Elaborating entity "lcd_interface_demo" for the top level hierarchy
Info: Elaborating entity "lcd_rom_module" for hierarchy "lcd_rom_module:U1"
Info: Elaborating entity "altsyncram" for hierarchy "lcd_rom_module:U1|altsyncram:altsyncram_component"
Info: Elaborated megafunction instantiation "lcd_rom_module:U1|altsyncram:altsyncram_component"
Info: Instantiated megafunction "lcd_rom_module:U1|altsyncram:altsyncram_component" with the following parameter:
    Info: Parameter "address_aclr_a" = "NONE"
    Info: Parameter "clock_enable_input_a" = "BYPASS"
    Info: Parameter "clock_enable_output_a" = "BYPASS"
    Info: Parameter "init_file" = "./source/pika_ani.mif"
    Info: Parameter "intended_device_family" = "Cyclone IV E"
    Info: Parameter "lpm_hint" = "ENABLE_RUNTIME_MOD=NO"
    Info: Parameter "lpm_type" = "altsyncram"
    Info: Parameter "numwords_a" = "2048"
    Info: Parameter "operation_mode" = "ROM"
    Info: Parameter "outdata_aclr_a" = "NONE"
    Info: Parameter "outdata_reg_a" = "CLOCK0"
    Info: Parameter "ram_block_type" = "M9K"
    Info: Parameter "widthad_a" = "11"
    Info: Parameter "width_a" = "8"
    Info: Parameter "width_byteena_a" = "1"
Info: Found 1 design units, including 1 entities, in source file db/altsyncram_h5c1.tdf
    Info: Found entity 1: altsyncram_h5c1
Info: Elaborating entity "altsyncram_h5c1" for hierarchy "lcd_rom_module:U1|altsyncram:altsyncram_component|altsyncram_h5c1:auto_generated"
Info: Elaborating entity "lcd_interface" for hierarchy "lcd_interface:U2"
Info: Elaborating entity "lcd_ram_module" for hierarchy "lcd_interface:U2|lcd_ram_module:U1"
Info: Elaborating entity "lcd_control_module" for hierarchy "lcd_interface:U2|lcd_control_module:U2"
Info: Elaborating entity "spi_write_module" for hierarchy "lcd_interface:U2|spi_write_module:U3"
Info: Inferred 1 megafunctions from design logic
    Info: Inferred altsyncram megafunction from the following design logic: "lcd_interface:U2|lcd_ram_module:U1|RAM_rtl_0" 
        Info: Parameter OPERATION_MODE set to DUAL_PORT
        Info: Parameter WIDTH_A set to 8
        Info: Parameter WIDTHAD_A set to 10
        Info: Parameter NUMWORDS_A set to 1024
        Info: Parameter WIDTH_B set to 8
        Info: Parameter WIDTHAD_B set to 10
        Info: Parameter NUMWORDS_B set to 1024
        Info: Parameter ADDRESS_ACLR_A set to NONE
        Info: Parameter OUTDATA_REG_B set to UNREGISTERED
        Info: Parameter ADDRESS_ACLR_B set to NONE
        Info: Parameter OUTDATA_ACLR_B set to NONE
        Info: Parameter ADDRESS_REG_B set to CLOCK1
        Info: Parameter INDATA_ACLR_A set to NONE
        Info: Parameter WRCONTROL_ACLR_A set to NONE
        Info: Parameter RAM_BLOCK_TYPE set to M9K
        Info: Parameter INIT_FILE set to  pikachu.mif 
Info: Elaborated megafunction instantiation "lcd_interface:U2|lcd_ram_module:U1|altsyncram:RAM_rtl_0"
Info: Instantiated megafunction "lcd_interface:U2|lcd_ram_module:U1|altsyncram:RAM_rtl_0" with the following parameter:
    Info: Parameter "OPERATION_MODE" = "DUAL_PORT"
    Info: Parameter "WIDTH_A" = "8"
    Info: Parameter "WIDTHAD_A" = "10"
    Info: Parameter "NUMWORDS_A" = "1024"
    Info: Parameter "WIDTH_B" = "8"
    Info: Parameter "WIDTHAD_B" = "10"
    Info: Parameter "NUMWORDS_B" = "1024"
    Info: Parameter "ADDRESS_ACLR_A" = "NONE"
    Info: Parameter "OUTDATA_REG_B" = "UNREGISTERED"
    Info: Parameter "ADDRESS_ACLR_B" = "NONE"
    Info: Parameter "OUTDATA_ACLR_B" = "NONE"
    Info: Parameter "ADDRESS_REG_B" = "CLOCK1"
    Info: Parameter "INDATA_ACLR_A" = "NONE"
    Info: Parameter "WRCONTROL_ACLR_A" = "NONE"
    Info: Parameter "RAM_BLOCK_TYPE" = "M9K"
    Info: Parameter "INIT_FILE" = " pikachu.mif "
Info: Found 1 design units, including 1 entities, in source file db/altsyncram_60i1.tdf
    Info: Found entity 1: altsyncram_60i1
Info: Registers with preset signals will power-up high
Info: DEV_CLRn pin will set, and not reset, register with preset signal due to NOT Gate Push-Back
Info: Timing-Driven Synthesis is running
Info: Generated suppressed messages file C:/1_module/Experiment/20_lcd/20_lcd.map.smsg
Info: Generating hard_block partition "hard_block:auto_generated_inst"
Info: Implemented 344 device resources after synthesis - the final resource count might be different
    Info: Implemented 2 input pins
    Info: Implemented 4 output pins
    Info: Implemented 322 logic cells
    Info: Implemented 16 RAM segments
Info: Quartus II 64-Bit Analysis & Synthesis was successful. 0 errors, 0 warnings
    Info: Peak virtual memory: 346 megabytes
    Info: Processing ended: Sun Oct 07 16:39:36 2012
    Info: Elapsed time: 00:00:03
    Info: Total CPU time (on all processors): 00:00:02


+------------------------------------------+
; Analysis & Synthesis Suppressed Messages ;
+------------------------------------------+
The suppressed messages can be found in C:/1_module/Experiment/20_lcd/20_lcd.map.smsg.


