Flow report for 20_lcd
Sun Oct 07 16:39:43 2012
Quartus II 64-Bit Version 11.0 Build 208 07/03/2011 Service Pack 1 SJ Full Version


---------------------
; Table of Contents ;
---------------------
  1. Legal Notice
  2. Flow Summary
  3. Flow Settings
  4. Flow Non-Default Global Settings
  5. Flow Elapsed Time
  6. Flow OS Summary
  7. Flow Log



----------------
; Legal Notice ;
----------------
Copyright (C) 1991-2011 Altera Corporation
Your use of Altera Corporation's design tools, logic functions 
and other software and tools, and its AMPP partner logic 
functions, and any output files from any of the foregoing 
(including device programming or simulation files), and any 
associated documentation or information are expressly subject 
to the terms and conditions of the Altera Program License 
Subscription Agreement, Altera MegaCore Function License 
Agreement, or other applicable license agreement, including, 
without limitation, that your use is for the sole purpose of 
programming logic devices manufactured by Altera and sold by 
Altera or its authorized distributors.  Please refer to the 
applicable agreement for further details.



+-------------------------------------------------------------------------------------+
; Flow Summary                                                                        ;
+------------------------------------+------------------------------------------------+
; Flow Status                        ; Successful - Sun Oct 07 16:39:42 2012          ;
; Quartus II 64-Bit Version          ; 11.0 Build 208 07/03/2011 SP 1 SJ Full Version ;
; Revision Name                      ; 20_lcd                                         ;
; Top-level Entity Name              ; lcd_interface_demo                             ;
; Family                             ; Cyclone IV E                                   ;
; Device                             ; EP4CE15F17C8                                   ;
; Timing Models                      ; Final                                          ;
; Total logic elements               ; 322 / 15,408 ( 2 % )                           ;
;     Total combinational functions  ; 315 / 15,408 ( 2 % )                           ;
;     Dedicated logic registers      ; 124 / 15,408 ( < 1 % )                         ;
; Total registers                    ; 124                                            ;
; Total pins                         ; 6 / 166 ( 4 % )                                ;
; Total virtual pins                 ; 0                                              ;
; Total memory bits                  ; 24,576 / 516,096 ( 5 % )                       ;
; Embedded Multiplier 9-bit elements ; 0 / 112 ( 0 % )                                ;
; Total PLLs                         ; 0 / 4 ( 0 % )                                  ;
+------------------------------------+------------------------------------------------+


+-----------------------------------------+
; Flow Settings                           ;
+-------------------+---------------------+
; Option            ; Setting             ;
+-------------------+---------------------+
; Start date & time ; 10/07/2012 16:39:33 ;
; Main task         ; Compilation         ;
; Revision Name     ; 20_lcd              ;
+-------------------+---------------------+


+------------------------------------------------------------------------------------------------------------------------+
; Flow Non-Default Global Settings                                                                                       ;
+-------------------------------------+--------------------------------+---------------+--------------------+------------+
; Assignment Name                     ; Value                          ; Default Value ; Entity Name        ; Section Id ;
+-------------------------------------+--------------------------------+---------------+--------------------+------------+
; COMPILER_SIGNATURE_ID               ; 92378941942426.134959917311852 ; --            ; --                 ; --         ;
; IP_TOOL_NAME                        ; ROM: 1-PORT                    ; --            ; --                 ; --         ;
; IP_TOOL_VERSION                     ; 11.0                           ; --            ; --                 ; --         ;
; MAX_CORE_JUNCTION_TEMP              ; 85                             ; --            ; --                 ; --         ;
; MIN_CORE_JUNCTION_TEMP              ; 0                              ; --            ; --                 ; --         ;
; MISC_FILE                           ; source/lcd_rom_module_inst.v   ; --            ; --                 ; --         ;
; MISC_FILE                           ; source/lcd_rom_module_bb.v     ; --            ; --                 ; --         ;
; OUTPUT_IO_TIMING_FAR_END_VMEAS      ; Half Signal Swing              ; --            ; --                 ; --         ;
; OUTPUT_IO_TIMING_FAR_END_VMEAS      ; Half Signal Swing              ; --            ; --                 ; --         ;
; OUTPUT_IO_TIMING_NEAR_END_VMEAS     ; Half Vccio                     ; --            ; --                 ; --         ;
; OUTPUT_IO_TIMING_NEAR_END_VMEAS     ; Half Vccio                     ; --            ; --                 ; --         ;
; PARTITION_COLOR                     ; 16764057                       ; --            ; lcd_interface_demo ; Top        ;
; PARTITION_FITTER_PRESERVATION_LEVEL ; PLACEMENT_AND_ROUTING          ; --            ; lcd_interface_demo ; Top        ;
; PARTITION_NETLIST_TYPE              ; SOURCE                         ; --            ; lcd_interface_demo ; Top        ;
; TOP_LEVEL_ENTITY                    ; lcd_interface_demo             ; 20_lcd        ; --                 ; --         ;
+-------------------------------------+--------------------------------+---------------+--------------------+------------+


+-------------------------------------------------------------------------------------------------------------------------------+
; Flow Elapsed Time                                                                                                             ;
+---------------------------+--------------+-------------------------+---------------------+------------------------------------+
; Module Name               ; Elapsed Time ; Average Processors Used ; Peak Virtual Memory ; Total CPU Time (on all processors) ;
+---------------------------+--------------+-------------------------+---------------------+------------------------------------+
; Analysis & Synthesis      ; 00:00:03     ; 1.0                     ; 346 MB              ; 00:00:02                           ;
; Fitter                    ; 00:00:03     ; 1.0                     ; 528 MB              ; 00:00:03                           ;
; Assembler                 ; 00:00:01     ; 1.0                     ; 325 MB              ; 00:00:01                           ;
; TimeQuest Timing Analyzer ; 00:00:02     ; 1.0                     ; 377 MB              ; 00:00:02                           ;
; Total                     ; 00:00:09     ; --                      ; --                  ; 00:00:08                           ;
+---------------------------+--------------+-------------------------+---------------------+------------------------------------+


+----------------------------------------------------------------------------------------+
; Flow OS Summary                                                                        ;
+---------------------------+------------------+-----------+------------+----------------+
; Module Name               ; Machine Hostname ; OS Name   ; OS Version ; Processor type ;
+---------------------------+------------------+-----------+------------+----------------+
; Analysis & Synthesis      ; avic-PC          ; Windows 7 ; 6.1        ; x86_64         ;
; Fitter                    ; avic-PC          ; Windows 7 ; 6.1        ; x86_64         ;
; Assembler                 ; avic-PC          ; Windows 7 ; 6.1        ; x86_64         ;
; TimeQuest Timing Analyzer ; avic-PC          ; Windows 7 ; 6.1        ; x86_64         ;
+---------------------------+------------------+-----------+------------+----------------+


------------
; Flow Log ;
------------
quartus_map --read_settings_files=on --write_settings_files=off 20_lcd -c 20_lcd
quartus_fit --read_settings_files=off --write_settings_files=off 20_lcd -c 20_lcd
quartus_asm --read_settings_files=off --write_settings_files=off 20_lcd -c 20_lcd
quartus_sta 20_lcd -c 20_lcd



